<?xml version="1.0" encoding="UTF-8"?>
<robot generator="Robot 4.1 (Python 3.10.1 on win32)" generated="20220215 20:38:42.860" rpa="false" schemaversion="2">
<suite id="s1" name="Webautomation" source="C:\Users\wesle\Desktop\cursorobotframework\tests\features\webautomation.robot">
<test id="s1-t1" name="Cenario: Criando um usuario com sucesso no site automationpractice">
<kw name="Abrir navegador" library="hooks" type="SETUP">
<kw name="Open Browser" library="SeleniumLibrary">
<arg>about:blank</arg>
<arg>${CONFIG.WEB.BROWSER_NAME}</arg>
<doc>Opens a new browser instance to the optional ``url``.</doc>
<msg timestamp="20220215 20:38:43.624" level="INFO">Opening browser 'chrome' to base url 'about:blank'.</msg>
<status status="PASS" starttime="20220215 20:38:43.622" endtime="20220215 20:38:44.738"/>
</kw>
<kw name="Go To" library="SeleniumLibrary">
<arg>${CONFIG.WEB.BASE_URL}</arg>
<doc>Navigates the current browser window to the provided ``url``.</doc>
<msg timestamp="20220215 20:38:44.739" level="INFO">Opening url 'http://automationpractice.com/index.php?controller=authentication&amp;back=my-account'</msg>
<status status="PASS" starttime="20220215 20:38:44.738" endtime="20220215 20:38:46.285"/>
</kw>
<kw name="Maximize Browser Window" library="SeleniumLibrary">
<doc>Maximizes current browser window.</doc>
<status status="PASS" starttime="20220215 20:38:46.285" endtime="20220215 20:38:46.401"/>
</kw>
<kw name="Set Selenium Timeout" library="SeleniumLibrary">
<arg>${CONFIG.WEB.IMPLICITY_WAIT}</arg>
<doc>Sets the timeout that is used by various keywords.</doc>
<status status="PASS" starttime="20220215 20:38:46.401" endtime="20220215 20:38:46.403"/>
</kw>
<status status="PASS" starttime="20220215 20:38:43.622" endtime="20220215 20:38:46.403"/>
</kw>
<kw name="Dado que o cliente esteja na tela de cadastro do site" library="kws_cadastro">
<kw name="Title Should Be" library="SeleniumLibrary">
<arg>${CADASTRO.MESSAGES.TITLE_PAGE}</arg>
<doc>Verifies that the current page title equals ``title``.</doc>
<msg timestamp="20220215 20:38:46.408" level="INFO">Page title is 'Login - My Store'.</msg>
<status status="PASS" starttime="20220215 20:38:46.404" endtime="20220215 20:38:46.408"/>
</kw>
<kw name="Wait Until Page Contains" library="SeleniumLibrary">
<arg>${CADASTRO.MESSAGES.CREATE_ACCOUNT_MSG}</arg>
<doc>Waits until ``text`` appears on the current page.</doc>
<status status="PASS" starttime="20220215 20:38:46.408" endtime="20220215 20:38:46.419"/>
</kw>
<status status="PASS" starttime="20220215 20:38:46.403" endtime="20220215 20:38:46.419"/>
</kw>
<kw name="E preencher com todos os dados" library="kws_cadastro">
<kw name="Email" library="FakerLibrary">
<var>${EMAIL_FAKER}</var>
<msg timestamp="20220215 20:38:46.421" level="INFO">${EMAIL_FAKER} = uconley@mosley.com</msg>
<status status="PASS" starttime="20220215 20:38:46.420" endtime="20220215 20:38:46.421"/>
</kw>
<kw name="Name" library="FakerLibrary">
<var>${NOME_FAKER}</var>
<doc>:example 'John Doe'</doc>
<msg timestamp="20220215 20:38:46.421" level="INFO">${NOME_FAKER} = Krystal Glover</msg>
<status status="PASS" starttime="20220215 20:38:46.421" endtime="20220215 20:38:46.421"/>
</kw>
<kw name="Last Name" library="FakerLibrary">
<var>${SOBRENOME_FAKER}</var>
<msg timestamp="20220215 20:38:46.422" level="INFO">${SOBRENOME_FAKER} = Adams</msg>
<status status="PASS" starttime="20220215 20:38:46.421" endtime="20220215 20:38:46.422"/>
</kw>
<kw name="Password" library="FakerLibrary">
<var>${PASS_FAKER}</var>
<doc>Generate a random password of the specified ``length``.</doc>
<msg timestamp="20220215 20:38:46.422" level="INFO">${PASS_FAKER} = WRS%ONIz)7</msg>
<status status="PASS" starttime="20220215 20:38:46.422" endtime="20220215 20:38:46.422"/>
</kw>
<kw name="Address" library="FakerLibrary">
<var>${ADDRESS_FAKER}</var>
<doc>:example '791 Crist Parks, Sashabury, IL 86039-9874'</doc>
<msg timestamp="20220215 20:38:46.422" level="INFO">${ADDRESS_FAKER} = USNV Waller
FPO AP 67490</msg>
<status status="PASS" starttime="20220215 20:38:46.422" endtime="20220215 20:38:46.422"/>
</kw>
<kw name="City" library="FakerLibrary">
<var>${CITY_FAKER}</var>
<doc>:example 'Sashabury'</doc>
<msg timestamp="20220215 20:38:46.423" level="INFO">${CITY_FAKER} = New Melinda</msg>
<status status="PASS" starttime="20220215 20:38:46.423" endtime="20220215 20:38:46.423"/>
</kw>
<kw name="Phone Number" library="FakerLibrary">
<var>${PHONE_FAKER}</var>
<msg timestamp="20220215 20:38:46.423" level="INFO">${PHONE_FAKER} = (865)679-0158</msg>
<status status="PASS" starttime="20220215 20:38:46.423" endtime="20220215 20:38:46.424"/>
</kw>
<kw name="Postalcode" library="FakerLibrary">
<var>${POSTCODE_FAKER}</var>
<msg timestamp="20220215 20:38:46.424" level="INFO">${POSTCODE_FAKER} = 22138</msg>
<status status="PASS" starttime="20220215 20:38:46.424" endtime="20220215 20:38:46.424"/>
</kw>
<kw name="User Name" library="FakerLibrary">
<var>${ALIAS.FAKER}</var>
<msg timestamp="20220215 20:38:46.426" level="INFO">${ALIAS.FAKER} = dixonbrandon</msg>
<status status="PASS" starttime="20220215 20:38:46.424" endtime="20220215 20:38:46.426"/>
</kw>
<kw name="Input Text" library="SeleniumLibrary">
<arg>${LOGIN_PAGE.INPUT_EMAIL_CREATE}</arg>
<arg>${EMAIL_FAKER}</arg>
<doc>Types the given ``text`` into the text field identified by ``locator``.</doc>
<msg timestamp="20220215 20:38:46.427" level="INFO">Typing text 'uconley@mosley.com' into text field 'email-create'.</msg>
<kw name="Capture Page Screenshot" library="SeleniumLibrary">
<doc>Takes a screenshot of the current page and embeds it into a log file.</doc>
<msg timestamp="20220215 20:38:46.546" level="INFO" html="true">&lt;/td&gt;&lt;/tr&gt;&lt;tr&gt;&lt;td colspan="3"&gt;&lt;a href="selenium-screenshot-4.png"&gt;&lt;img src="selenium-screenshot-4.png" width="800px"&gt;&lt;/a&gt;</msg>
<status status="PASS" starttime="20220215 20:38:46.436" endtime="20220215 20:38:46.546"/>
</kw>
<msg timestamp="20220215 20:38:46.548" level="FAIL">Element with locator 'email-create' not found.</msg>
<status status="FAIL" starttime="20220215 20:38:46.426" endtime="20220215 20:38:46.548"/>
</kw>
<kw name="Click Element" library="SeleniumLibrary">
<arg>${LOGIN_PAGE.BTN_CREATE}</arg>
<doc>Click the element identified by ``locator``.</doc>
<status status="NOT RUN" starttime="20220215 20:38:46.548" endtime="20220215 20:38:46.548"/>
</kw>
<kw name="Wait Until Element Is Visible" library="SeleniumLibrary">
<arg>${ACCOUNT_PAGE.CHECK_MR}</arg>
<doc>Waits until the element ``locator`` is visible.</doc>
<status status="NOT RUN" starttime="20220215 20:38:46.549" endtime="20220215 20:38:46.549"/>
</kw>
<kw name="Click Element" library="SeleniumLibrary">
<arg>${ACCOUNT_PAGE.CHECK_MR}</arg>
<doc>Click the element identified by ``locator``.</doc>
<status status="NOT RUN" starttime="20220215 20:38:46.549" endtime="20220215 20:38:46.549"/>
</kw>
<kw name="Input Text" library="SeleniumLibrary">
<arg>${ACCOUNT_PAGE.INPUT_FIRSTNAME}</arg>
<arg>${NOME_FAKER}</arg>
<doc>Types the given ``text`` into the text field identified by ``locator``.</doc>
<status status="NOT RUN" starttime="20220215 20:38:46.549" endtime="20220215 20:38:46.549"/>
</kw>
<kw name="Input Text" library="SeleniumLibrary">
<arg>${ACCOUNT_PAGE.INPUT_LASTNAME}</arg>
<arg>${SOBRENOME_FAKER}</arg>
<doc>Types the given ``text`` into the text field identified by ``locator``.</doc>
<status status="NOT RUN" starttime="20220215 20:38:46.549" endtime="20220215 20:38:46.549"/>
</kw>
<kw name="Wait Until Element Is Visible" library="SeleniumLibrary">
<arg>${ACCOUNT_PAGE.INPUT_PASSWORD}</arg>
<doc>Waits until the element ``locator`` is visible.</doc>
<status status="NOT RUN" starttime="20220215 20:38:46.549" endtime="20220215 20:38:46.549"/>
</kw>
<kw name="Input Text" library="SeleniumLibrary">
<arg>${ACCOUNT_PAGE.INPUT_PASSWORD}</arg>
<arg>${PASS_FAKER}</arg>
<doc>Types the given ``text`` into the text field identified by ``locator``.</doc>
<status status="NOT RUN" starttime="20220215 20:38:46.549" endtime="20220215 20:38:46.549"/>
</kw>
<kw name="Select From List By Value" library="SeleniumLibrary">
<arg>${ACCOUNT_PAGE.LIST_DAYS}</arg>
<arg>17</arg>
<doc>Selects options from selection list ``locator`` by ``values``.</doc>
<status status="NOT RUN" starttime="20220215 20:38:46.549" endtime="20220215 20:38:46.550"/>
</kw>
<kw name="Select From List By Value" library="SeleniumLibrary">
<arg>${ACCOUNT_PAGE.LIST_MONTH}</arg>
<arg>11</arg>
<doc>Selects options from selection list ``locator`` by ``values``.</doc>
<status status="NOT RUN" starttime="20220215 20:38:46.550" endtime="20220215 20:38:46.550"/>
</kw>
<kw name="Select From List By Value" library="SeleniumLibrary">
<arg>${ACCOUNT_PAGE.LIST_YEARS}</arg>
<arg>1995</arg>
<doc>Selects options from selection list ``locator`` by ``values``.</doc>
<status status="NOT RUN" starttime="20220215 20:38:46.550" endtime="20220215 20:38:46.550"/>
</kw>
<kw name="Input Text" library="SeleniumLibrary">
<arg>${ACCOUNT_PAGE.INPUT_COMPANY}</arg>
<arg>PrimeControl</arg>
<doc>Types the given ``text`` into the text field identified by ``locator``.</doc>
<status status="NOT RUN" starttime="20220215 20:38:46.550" endtime="20220215 20:38:46.550"/>
</kw>
<kw name="Input Text" library="SeleniumLibrary">
<arg>${ACCOUNT_PAGE.INPUT_ADDRESS1}</arg>
<arg>${ADDRESS_FAKER}</arg>
<doc>Types the given ``text`` into the text field identified by ``locator``.</doc>
<status status="NOT RUN" starttime="20220215 20:38:46.550" endtime="20220215 20:38:46.550"/>
</kw>
<kw name="Input Text" library="SeleniumLibrary">
<arg>${ACCOUNT_PAGE.INPUT_CITYNAME}</arg>
<arg>${CITY_FAKER}</arg>
<doc>Types the given ``text`` into the text field identified by ``locator``.</doc>
<status status="NOT RUN" starttime="20220215 20:38:46.550" endtime="20220215 20:38:46.550"/>
</kw>
<kw name="Select From List By Label" library="SeleniumLibrary">
<arg>${ACCOUNT_PAGE.LIST_STATE}</arg>
<arg>California</arg>
<doc>Selects options from selection list ``locator`` by ``labels``.</doc>
<status status="NOT RUN" starttime="20220215 20:38:46.550" endtime="20220215 20:38:46.550"/>
</kw>
<kw name="Wait Until Element Is Visible" library="SeleniumLibrary">
<arg>${ACCOUNT_PAGE.INPUT_MOBILEPHONE}</arg>
<doc>Waits until the element ``locator`` is visible.</doc>
<status status="NOT RUN" starttime="20220215 20:38:46.550" endtime="20220215 20:38:46.550"/>
</kw>
<kw name="Input Text" library="SeleniumLibrary">
<arg>${ACCOUNT_PAGE.INPUT_MOBILEPHONE}</arg>
<arg>+5511963258795</arg>
<doc>Types the given ``text`` into the text field identified by ``locator``.</doc>
<status status="NOT RUN" starttime="20220215 20:38:46.550" endtime="20220215 20:38:46.551"/>
</kw>
<kw name="Wait Until Element Is Visible" library="SeleniumLibrary">
<arg>${ACCOUNT_PAGE.INPUT_POSTCODE}</arg>
<doc>Waits until the element ``locator`` is visible.</doc>
<status status="NOT RUN" starttime="20220215 20:38:46.551" endtime="20220215 20:38:46.551"/>
</kw>
<kw name="Input Text" library="SeleniumLibrary">
<arg>${ACCOUNT_PAGE.INPUT_POSTCODE}</arg>
<arg>${POSTCODE_FAKER}</arg>
<doc>Types the given ``text`` into the text field identified by ``locator``.</doc>
<status status="NOT RUN" starttime="20220215 20:38:46.551" endtime="20220215 20:38:46.551"/>
</kw>
<kw name="Input Text" library="SeleniumLibrary">
<arg>${ACCOUNT_PAGE.INPUT_ALIAS}</arg>
<arg>${ALIAS.FAKER}</arg>
<doc>Types the given ``text`` into the text field identified by ``locator``.</doc>
<status status="NOT RUN" starttime="20220215 20:38:46.551" endtime="20220215 20:38:46.551"/>
</kw>
<status status="FAIL" starttime="20220215 20:38:46.420" endtime="20220215 20:38:46.551"/>
</kw>
<kw name="Quando clicar em salvar" library="kws_cadastro">
<status status="NOT RUN" starttime="20220215 20:38:46.552" endtime="20220215 20:38:46.552"/>
</kw>
<kw name="Então cadastro deve ser concluído com sucesso" library="kws_cadastro">
<arg>${CADASTRO.MESSAGES.SUCESSO}</arg>
<status status="NOT RUN" starttime="20220215 20:38:46.553" endtime="20220215 20:38:46.553"/>
</kw>
<kw name="Fechar navegador" library="hooks" type="TEARDOWN">
<kw name="Capture Page Screenshot" library="SeleniumLibrary">
<doc>Takes a screenshot of the current page and embeds it into a log file.</doc>
<msg timestamp="20220215 20:38:46.657" level="INFO" html="true">&lt;/td&gt;&lt;/tr&gt;&lt;tr&gt;&lt;td colspan="3"&gt;&lt;a href="selenium-screenshot-5.png"&gt;&lt;img src="selenium-screenshot-5.png" width="800px"&gt;&lt;/a&gt;</msg>
<status status="PASS" starttime="20220215 20:38:46.553" endtime="20220215 20:38:46.658"/>
</kw>
<kw name="Close Browser" library="SeleniumLibrary">
<doc>Closes the current browser.</doc>
<status status="PASS" starttime="20220215 20:38:46.658" endtime="20220215 20:38:48.867"/>
</kw>
<status status="PASS" starttime="20220215 20:38:46.553" endtime="20220215 20:38:48.868"/>
</kw>
<tag>Criar</tag>
<status status="FAIL" starttime="20220215 20:38:43.620" endtime="20220215 20:38:48.869">Element with locator 'email-create' not found.</status>
</test>
<doc>Aqui estarão presentes todos os testes automatizados do módulo de automação WEB.</doc>
<status status="FAIL" starttime="20220215 20:38:42.862" endtime="20220215 20:38:48.875"/>
</suite>
<statistics>
<total>
<stat pass="0" fail="1" skip="0">All Tests</stat>
</total>
<tag>
<stat pass="0" fail="1" skip="0">Criar</stat>
</tag>
<suite>
<stat pass="0" fail="1" skip="0" id="s1" name="Webautomation">Webautomation</stat>
</suite>
</statistics>
<errors>
</errors>
</robot>
