<?xml version="1.0" encoding="UTF-8"?>
<robot generator="Robot 4.1 (Python 3.10.1 on win32)" generated="20220202 20:25:42.634" rpa="false" schemaversion="2">
<suite id="s1" name="Apiautomation" source="C:\Users\wesle\Desktop\cursorobotframework\tests\features\apiautomation.robot">
<kw name="Conectar na minha API" library="hooks" type="SETUP">
<kw name="Create Session" library="RequestsLibrary">
<arg>booksAPI</arg>
<arg>https://fakerestapi.azurewebsites.net/api/v1</arg>
<arg>disable_warnings=${True}</arg>
<doc>Create Session: create a HTTP session to a server</doc>
<msg timestamp="20220202 20:25:42.952" level="INFO">Creating Session using : alias=booksAPI, url=https://fakerestapi.azurewebsites.net/api/v1, headers={},                     cookies={}, auth=None, timeout=None, proxies=None, verify=False,                     debug=0 </msg>
<status status="PASS" starttime="20220202 20:25:42.952" endtime="20220202 20:25:42.952"/>
</kw>
<kw name="Create Dictionary" library="BuiltIn">
<var>${HEADERS}</var>
<arg>content-type=application/json</arg>
<doc>Creates and returns a dictionary based on the given ``items``.</doc>
<msg timestamp="20220202 20:25:42.953" level="INFO">${HEADERS} = {'content-type': 'application/json'}</msg>
<status status="PASS" starttime="20220202 20:25:42.953" endtime="20220202 20:25:42.953"/>
</kw>
<kw name="Set Suite Variable" library="BuiltIn">
<arg>${HEADERS}</arg>
<doc>Makes a variable available everywhere within the scope of the current suite.</doc>
<msg timestamp="20220202 20:25:42.954" level="INFO">${HEADERS} = {'content-type': 'application/json'}</msg>
<status status="PASS" starttime="20220202 20:25:42.953" endtime="20220202 20:25:42.954"/>
</kw>
<status status="PASS" starttime="20220202 20:25:42.952" endtime="20220202 20:25:42.954"/>
</kw>
<test id="s1-t1" name="Cenario: Buscar listagem de todos os livros (GET em todos os livros)">
<kw name="Dado que eu tenha o endpoint de consulta de livros" library="kws_api">
<kw name="Log" library="BuiltIn">
<arg>https://fakerestapi.azurewebsites.net/api/v1/Books</arg>
<doc>Logs the given message with the given level.</doc>
<msg timestamp="20220202 20:25:42.955" level="INFO">https://fakerestapi.azurewebsites.net/api/v1/Books</msg>
<status status="PASS" starttime="20220202 20:25:42.955" endtime="20220202 20:25:42.956"/>
</kw>
<status status="PASS" starttime="20220202 20:25:42.955" endtime="20220202 20:25:42.956"/>
</kw>
<kw name="Quando executar a requisição de consulta de todos" library="kws_api">
<kw name="GET On Session" library="RequestsLibrary">
<var>${RESPOSTA}</var>
<arg>booksAPI</arg>
<arg>Books</arg>
<arg>expected_status=any</arg>
<doc>Sends a GET request on a previously created HTTP Session.</doc>
<msg timestamp="20220202 20:25:45.396" level="INFO">GET Request : url=https://fakerestapi.azurewebsites.net/api/v1/Books 
 path_url=/api/v1/Books 
 headers={'User-Agent': 'python-requests/2.27.1', 'Accept-Encoding': 'gzip, deflate', 'Accept': '*/*', 'Connection': 'keep-alive'} 
 body=None 
 </msg>
<msg timestamp="20220202 20:25:45.398" level="INFO">GET Response : url=https://fakerestapi.azurewebsites.net/api/v1/Books 
 status=200, reason=OK 
 headers={'Transfer-Encoding': 'chunked', 'Content-Type': 'application/json; charset=utf-8; v=1.0', 'Server': 'Kestrel', 'api-supported-versions': '1.0', 'Date': 'Wed, 02 Feb 2022 23:25:43 GMT'} 
 body=[{"id":1,"title":"Book 1","description":"Consequat kasd ea justo tempor clita ut. Ipsum ut nulla lorem eirmod diam ipsum takimata sed. Vero dolor at justo sadipscing nonummy velit. Et eos dolor clita accusam vel sea clita eirmod dolor magna lorem eros veniam. Lorem erat diam et est magna lorem lorem est lorem et elitr dolor no ut consectetuer vel. Ut nonumy kasd dolor hendrerit clita dolore aliquyam molestie labore dolor est clita sit illum aliquip. Sed lorem eros labore sit sit at dolor clita tincidunt possim liber kasd laoreet sit sit nostrud tempor. Kasd aliquip accusam diam tempor voluptua rebum dolor dolor. Autem justo dolor ea tempor amet et no et et lobortis. Est delenit ut clita sadipscing laoreet amet sit tempor gubergren gubergren gubergren vulputate velit justo facilisis esse. Nonumy ipsum kasd commodo adipiscing. Gubergren stet feugait sed blandit hendrerit erat. Stet sit duis sanctus sed id et iusto ea sit stet lorem gubergren labore nostrud eu takimata diam.\n","pageCount":100,"excerpt":"Et at et et labore amet commodo accusam dolore diam et diam. Nibh dolor ipsum elitr rebum invidunt erat sadipscing dolor aliquyam. Dolor ut duis voluptua hendrerit kasd et sed ullamcorper hendrerit. Eirmod sed est et accusam sadipscing amet velit sit erat invidunt ut ipsum tempor et ipsum kasd. Elitr sed dolores nulla eum vulputate at eirmod. Ipsum accusam stet nonumy accusam eirmod nihil. Elit ullamcorper vero erat ea dolore. Dolores est lorem dolor. Nonumy dolore diam sea eos ea dolore sed nibh iriure minim et justo. Wisi illum at et aliquyam et amet sed aliquyam labore accusam voluptua sanctus dolor laoreet quis no. Et nonumy sit ea ex stet gubergren at vero ea dolor labore diam no. Et luptatum clita elitr sed blandit. Feugiat dolore sit. Eirmod erat suscipit ut gubergren stet clita accusam sadipscing rebum dolore sit dolor nulla at est. Ut no nonumy.\nEt suscipit ea kasd volutpat exerci. Diam elitr diam at sed elitr invidunt. Diam ipsum nonumy dolore aliquam dolore wisi aliquyam consequat sadipscing aliquyam sed quis tempor duis dolor. Sed no magna lorem et et diam hendrerit option ipsum tempor clita sanctus. Nonumy hendrerit dolor. Aliquyam possim nibh sea rebum erat. Rebum duo et lorem clita. Enim et lorem ex et ipsum invidunt ipsum et erat sed justo magna eu ea sed justo sed dolor. Dolore ut magna. Justo clita eum sanctus sanctus labore invidunt. In amet placerat vero ipsum iriure laoreet duis vulputate accusam at gubergren dolor nonumy et diam. Suscipit commodo eirmod ea tempor et dolor sed in elit ipsum sea dolor dolor tation et. Ex rebum tempor consetetur et duis.\nUllamcorper consetetur voluptua accusam no magna sed lorem erat aliquam invidunt odio tempor sit at quod wisi erat clita. Diam diam vero labore labore sit. Justo ipsum et erat dolor sit duis autem diam et lorem dolore. Veniam tempor dolores sed odio ipsum et lorem accusam stet gubergren. Amet ex stet et. At tempor takimata in gubergren. Eu accusam labore vulputate est sit consequat molestie lorem eum. Accusam iusto invidunt sit dolore stet blandit takimata ipsum eos et gubergren. Sed vulputate consectetuer sea ea dolores nibh sea ut sed ut nam. Rebum sanctus dolore assum eros iriure sit dolor. Nulla voluptua vero consetetur iriure eos et clita feugiat kasd vero ea nihil velit. Mazim accusam magna eirmod et eirmod diam et exerci diam ipsum vero sed feugiat dolore gubergren et.\nSed iusto et stet vero. Quis dolor dolores sed amet voluptua invidunt at et sit clita stet sit consequat nostrud enim est. Dolore amet ipsum lorem nobis amet dolor sed magna elit facilisi dolores takimata justo. Sit rebum et eos feugiat at vero stet duis dolore vel sit eum tempor eirmod eos aliquyam blandit et. Aliquyam diam et nonumy dolor diam hendrerit sed. Invidunt no odio sit sanctus amet et sadipscing. Vero no kasd dolore et dolores et. Eos dolor sadipscing consetetur clita delenit et ea sed. Elitr nulla possim laoreet dolor. Consetetur dolor nostrud eros quis est at ut aliquyam magna eu in amet ipsum et est justo et adipiscing. Lorem diam vero amet. Invidunt quis sit elitr adipiscing est zzril sea et iusto et et. Eos erat ipsum esse rebum elitr lorem ad accusam rebum eos invidunt lobortis.\nLorem dolore dolores. Erat erat in diam at magna elit ea stet consequat ea. Dolor soluta gubergren elitr dolores accumsan eu rebum dolore at vel ea ut sed eos diam amet accumsan. Dolor lorem et lorem dolor magna at et takimata. Duis diam magna sanctus ipsum et ea dolore sit vero. Laoreet magna dolor in amet diam. Ipsum sadipscing nisl ea ut gubergren.\n","publishDate":"2022-02-01T23:25:43.8842006+00:00"},{"id":2,"title":"Book 2","description":"Qui augue stet eum no commodo eos te tempor nisl luptatum gubergren dolore aliquyam. Erat nisl ea duo at et at aliquyam adipiscing diam wisi feugait rebum. Adipiscing et et diam aliquyam ipsum lorem duo ea ea sea amet sed tempor diam et dolores duis. Lorem dolore dolore iriure. Diam diam consetetur ut dolore elitr stet sea no eum vero et nibh placerat sit tempor. Gubergren labore amet dolor consetetur eirmod tempor sanctus delenit stet ipsum amet. Sadipscing sit suscipit aliquyam gubergren feugait sadipscing accusam tempor voluptua dignissim labore sed amet rebum. Eirmod vel kasd lorem eirmod facilisis.\n","pageCount":200,"excerpt":"Zzril aliquip duo sanctus sit duo et gubergren sea. Tempor et dolore ea magna elitr. Rebum vero sed. Amet ipsum accusam vero diam te diam hendrerit amet est quis eirmod dolores et no. Invidunt voluptua duo est kasd elitr in rebum sed elitr vero. Ipsum duis at est sanctus sed et commodo et eu gubergren euismod consetetur enim. Consetetur nulla ut nibh consequat et justo eros tempor est dolores ipsum ipsum aliquyam nulla et amet diam. Sea dolores commodo eos et lobortis erat eu kasd aliquip et clita. Minim erat duis ut takimata magna in. Et et tempor amet dolor et sit justo iusto sit ipsum eirmod dolor consetetur facilisis ea amet. Et odio vero vero et et veniam iusto feugait vero wisi et no stet. Et vero dolor kasd eos erat et sed. Facilisi et duo sed dolores dolor labore magna velit in no et rebum no. Et takimata et luptatum duis duo ipsum at ut tincidunt vulputate justo aliquip lorem diam eos dolore. Ut illum dolor ipsum stet ut at diam tempor rebum justo laoreet exerci.\nEa facilisis molestie stet duis zzril elitr est. Et adipiscing ea. Dolore gubergren clita gubergren ut dolor aliquyam no et clita invidunt eu. Sanctus dolore eirmod sanctus illum stet eros nonumy invidunt et kasd gubergren voluptua. Eum dolore takimata accusam odio takimata takimata sed.\nVolutpat ipsum dolores dolore ullamcorper justo dolores lorem soluta diam. Kasd dolores nonumy ut invidunt et amet et lorem et vero dolor et. Augue et vulputate amet justo ipsum ea et est nisl. Sit no consequat luptatum invidunt stet eros justo duo. No justo tempor amet et adipiscing voluptua eos et. Consetetur amet sit sea et nibh ea rebum dolor clita. Eum lorem elitr diam rebum euismod duis aliquyam takimata wisi diam commodo et duo lorem. Autem sanctus est diam ex labore sanctus ut vel adipiscing takimata. Facilisis erat dolor et et gubergren volutpat sed sit gubergren et dolor sed sadipscing no dolore. Dolores invidunt no kasd at dolores ut elit dolore est iriure ipsum laoreet. Eleifend tempor consectetuer duo diam justo accumsan dolor feugiat amet odio no eirmod ut ipsum autem. Ad at dolor ipsum elitr volutpat justo est no diam sit justo.\nEa eirmod nobis molestie et vero in eu clita quis aliquam tincidunt sea sed amet erat et elit eos. Sed laoreet tincidunt sed sadipscing diam consetetur rebum eum aliquyam at consetetur diam. Accusam accusam est dolore. Tempor rebum eum stet dolor tation option no lorem aliquip invidunt vel accusam duis eirmod dolor eum. Aliquam nonumy dolore ut facilisis invidunt dolore. Rebum consequat amet lorem facilisis in sed sadipscing invidunt soluta dolore quis gubergren tempor. Aliquyam clita diam sed ad et dolor. Sed dolore consetetur dolore invidunt. Ipsum et gubergren rebum sit dolore ipsum quod nonumy sed facilisis sed. Quis aliquip rebum est justo et dolor ex at invidunt at.\nEa diam odio rebum. Vero lorem dolore nobis dolore sanctus magna rebum est amet volutpat et. Lorem ut vero sanctus justo stet lorem vero erat et gubergren stet. Lorem at kasd. Accusam eirmod magna ullamcorper odio at enim sea voluptua nulla at sanctus delenit ipsum erat vero amet euismod et. Sea in sea euismod. Dolore et eos hendrerit ea dolor et ipsum eirmod et dolor volutpat. Erat kasd eu. Sit lobortis aliquyam justo praesent veniam dolore nisl duo sed lorem. No autem magna magna sed consetetur sed iriure in sed at dolor consequat hendrerit aliquyam magna lorem. Dolor gubergren aliquip eu augue labore. Nostrud gubergren diam sed dolore dolor ut dolor et nulla ipsum dolores amet dolor. Et invidunt gubergren est erat diam et vero adipiscing amet duo magna ex consetetur ad vel autem hendrerit eirmod. Et molestie nobis ut duis duo blandit consequat clita praesent. Esse dolores sanctus diam enim et hendrerit gubergren est tempor ut molestie in rebum et sea takimata.\n","publishDate":"2022-01-31T23:25:43.8842743+00:00"},{"id":3,"title":"Book 3","description":"Ea at clita ut sit gubergren lorem et quis clita no eleifend stet dolore ut lorem enim eirmod. Dolor diam diam praesent. Sadipscing et labore at facilisi duis sadipscing amet erat sadipscing invidunt diam. Aliquip veniam facilisi gubergren ipsum et lorem amet. Accusam aliquip sanctus elit et tempor ipsum. Diam gubergren at enim elitr invidunt amet facilisis minim rebum amet sed et et feugiat. Nam rebum dolore dolore sadipscing. Sea justo odio volutpat kasd consequat justo sea gubergren esse elitr elitr lorem at sed stet no. Mazim commodo sit ipsum dolore ipsum et sit nonumy kasd sed takimata sea et consetetur kasd ipsum takimata. In vero volutpat te. Et stet sanctus eu dolores sanctus dolor consetetur. Odio magna duis duis magna nonumy eos amet.\n","pageCount":300,"excerpt":"Sea aliquyam ipsum a... (set the log level to DEBUG or TRACE to see the full content) 
 </msg>
<msg timestamp="20220202 20:25:45.398" level="INFO">${RESPOSTA} = &lt;Response [200]&gt;</msg>
<status status="PASS" starttime="20220202 20:25:42.956" endtime="20220202 20:25:45.398"/>
</kw>
<kw name="Log" library="BuiltIn">
<arg>${RESPOSTA.text}</arg>
<doc>Logs the given message with the given level.</doc>
<msg timestamp="20220202 20:25:45.405" level="INFO">[{"id":1,"title":"Book 1","description":"Consequat kasd ea justo tempor clita ut. Ipsum ut nulla lorem eirmod diam ipsum takimata sed. Vero dolor at justo sadipscing nonummy velit. Et eos dolor clita accusam vel sea clita eirmod dolor magna lorem eros veniam. Lorem erat diam et est magna lorem lorem est lorem et elitr dolor no ut consectetuer vel. Ut nonumy kasd dolor hendrerit clita dolore aliquyam molestie labore dolor est clita sit illum aliquip. Sed lorem eros labore sit sit at dolor clita tincidunt possim liber kasd laoreet sit sit nostrud tempor. Kasd aliquip accusam diam tempor voluptua rebum dolor dolor. Autem justo dolor ea tempor amet et no et et lobortis. Est delenit ut clita sadipscing laoreet amet sit tempor gubergren gubergren gubergren vulputate velit justo facilisis esse. Nonumy ipsum kasd commodo adipiscing. Gubergren stet feugait sed blandit hendrerit erat. Stet sit duis sanctus sed id et iusto ea sit stet lorem gubergren labore nostrud eu takimata diam.\n","pageCount":100,"excerpt":"Et at et et labore amet commodo accusam dolore diam et diam. Nibh dolor ipsum elitr rebum invidunt erat sadipscing dolor aliquyam. Dolor ut duis voluptua hendrerit kasd et sed ullamcorper hendrerit. Eirmod sed est et accusam sadipscing amet velit sit erat invidunt ut ipsum tempor et ipsum kasd. Elitr sed dolores nulla eum vulputate at eirmod. Ipsum accusam stet nonumy accusam eirmod nihil. Elit ullamcorper vero erat ea dolore. Dolores est lorem dolor. Nonumy dolore diam sea eos ea dolore sed nibh iriure minim et justo. Wisi illum at et aliquyam et amet sed aliquyam labore accusam voluptua sanctus dolor laoreet quis no. Et nonumy sit ea ex stet gubergren at vero ea dolor labore diam no. Et luptatum clita elitr sed blandit. Feugiat dolore sit. Eirmod erat suscipit ut gubergren stet clita accusam sadipscing rebum dolore sit dolor nulla at est. Ut no nonumy.\nEt suscipit ea kasd volutpat exerci. Diam elitr diam at sed elitr invidunt. Diam ipsum nonumy dolore aliquam dolore wisi aliquyam consequat sadipscing aliquyam sed quis tempor duis dolor. Sed no magna lorem et et diam hendrerit option ipsum tempor clita sanctus. Nonumy hendrerit dolor. Aliquyam possim nibh sea rebum erat. Rebum duo et lorem clita. Enim et lorem ex et ipsum invidunt ipsum et erat sed justo magna eu ea sed justo sed dolor. Dolore ut magna. Justo clita eum sanctus sanctus labore invidunt. In amet placerat vero ipsum iriure laoreet duis vulputate accusam at gubergren dolor nonumy et diam. Suscipit commodo eirmod ea tempor et dolor sed in elit ipsum sea dolor dolor tation et. Ex rebum tempor consetetur et duis.\nUllamcorper consetetur voluptua accusam no magna sed lorem erat aliquam invidunt odio tempor sit at quod wisi erat clita. Diam diam vero labore labore sit. Justo ipsum et erat dolor sit duis autem diam et lorem dolore. Veniam tempor dolores sed odio ipsum et lorem accusam stet gubergren. Amet ex stet et. At tempor takimata in gubergren. Eu accusam labore vulputate est sit consequat molestie lorem eum. Accusam iusto invidunt sit dolore stet blandit takimata ipsum eos et gubergren. Sed vulputate consectetuer sea ea dolores nibh sea ut sed ut nam. Rebum sanctus dolore assum eros iriure sit dolor. Nulla voluptua vero consetetur iriure eos et clita feugiat kasd vero ea nihil velit. Mazim accusam magna eirmod et eirmod diam et exerci diam ipsum vero sed feugiat dolore gubergren et.\nSed iusto et stet vero. Quis dolor dolores sed amet voluptua invidunt at et sit clita stet sit consequat nostrud enim est. Dolore amet ipsum lorem nobis amet dolor sed magna elit facilisi dolores takimata justo. Sit rebum et eos feugiat at vero stet duis dolore vel sit eum tempor eirmod eos aliquyam blandit et. Aliquyam diam et nonumy dolor diam hendrerit sed. Invidunt no odio sit sanctus amet et sadipscing. Vero no kasd dolore et dolores et. Eos dolor sadipscing consetetur clita delenit et ea sed. Elitr nulla possim laoreet dolor. Consetetur dolor nostrud eros quis est at ut aliquyam magna eu in amet ipsum et est justo et adipiscing. Lorem diam vero amet. Invidunt quis sit elitr adipiscing est zzril sea et iusto et et. Eos erat ipsum esse rebum elitr lorem ad accusam rebum eos invidunt lobortis.\nLorem dolore dolores. Erat erat in diam at magna elit ea stet consequat ea. Dolor soluta gubergren elitr dolores accumsan eu rebum dolore at vel ea ut sed eos diam amet accumsan. Dolor lorem et lorem dolor magna at et takimata. Duis diam magna sanctus ipsum et ea dolore sit vero. Laoreet magna dolor in amet diam. Ipsum sadipscing nisl ea ut gubergren.\n","publishDate":"2022-02-01T23:25:43.8842006+00:00"},{"id":2,"title":"Book 2","description":"Qui augue stet eum no commodo eos te tempor nisl luptatum gubergren dolore aliquyam. Erat nisl ea duo at et at aliquyam adipiscing diam wisi feugait rebum. Adipiscing et et diam aliquyam ipsum lorem duo ea ea sea amet sed tempor diam et dolores duis. Lorem dolore dolore iriure. Diam diam consetetur ut dolore elitr stet sea no eum vero et nibh placerat sit tempor. Gubergren labore amet dolor consetetur eirmod tempor sanctus delenit stet ipsum amet. Sadipscing sit suscipit aliquyam gubergren feugait sadipscing accusam tempor voluptua dignissim labore sed amet rebum. Eirmod vel kasd lorem eirmod facilisis.\n","pageCount":200,"excerpt":"Zzril aliquip duo sanctus sit duo et gubergren sea. Tempor et dolore ea magna elitr. Rebum vero sed. Amet ipsum accusam vero diam te diam hendrerit amet est quis eirmod dolores et no. Invidunt voluptua duo est kasd elitr in rebum sed elitr vero. Ipsum duis at est sanctus sed et commodo et eu gubergren euismod consetetur enim. Consetetur nulla ut nibh consequat et justo eros tempor est dolores ipsum ipsum aliquyam nulla et amet diam. Sea dolores commodo eos et lobortis erat eu kasd aliquip et clita. Minim erat duis ut takimata magna in. Et et tempor amet dolor et sit justo iusto sit ipsum eirmod dolor consetetur facilisis ea amet. Et odio vero vero et et veniam iusto feugait vero wisi et no stet. Et vero dolor kasd eos erat et sed. Facilisi et duo sed dolores dolor labore magna velit in no et rebum no. Et takimata et luptatum duis duo ipsum at ut tincidunt vulputate justo aliquip lorem diam eos dolore. Ut illum dolor ipsum stet ut at diam tempor rebum justo laoreet exerci.\nEa facilisis molestie stet duis zzril elitr est. Et adipiscing ea. Dolore gubergren clita gubergren ut dolor aliquyam no et clita invidunt eu. Sanctus dolore eirmod sanctus illum stet eros nonumy invidunt et kasd gubergren voluptua. Eum dolore takimata accusam odio takimata takimata sed.\nVolutpat ipsum dolores dolore ullamcorper justo dolores lorem soluta diam. Kasd dolores nonumy ut invidunt et amet et lorem et vero dolor et. Augue et vulputate amet justo ipsum ea et est nisl. Sit no consequat luptatum invidunt stet eros justo duo. No justo tempor amet et adipiscing voluptua eos et. Consetetur amet sit sea et nibh ea rebum dolor clita. Eum lorem elitr diam rebum euismod duis aliquyam takimata wisi diam commodo et duo lorem. Autem sanctus est diam ex labore sanctus ut vel adipiscing takimata. Facilisis erat dolor et et gubergren volutpat sed sit gubergren et dolor sed sadipscing no dolore. Dolores invidunt no kasd at dolores ut elit dolore est iriure ipsum laoreet. Eleifend tempor consectetuer duo diam justo accumsan dolor feugiat amet odio no eirmod ut ipsum autem. Ad at dolor ipsum elitr volutpat justo est no diam sit justo.\nEa eirmod nobis molestie et vero in eu clita quis aliquam tincidunt sea sed amet erat et elit eos. Sed laoreet tincidunt sed sadipscing diam consetetur rebum eum aliquyam at consetetur diam. Accusam accusam est dolore. Tempor rebum eum stet dolor tation option no lorem aliquip invidunt vel accusam duis eirmod dolor eum. Aliquam nonumy dolore ut facilisis invidunt dolore. Rebum consequat amet lorem facilisis in sed sadipscing invidunt soluta dolore quis gubergren tempor. Aliquyam clita diam sed ad et dolor. Sed dolore consetetur dolore invidunt. Ipsum et gubergren rebum sit dolore ipsum quod nonumy sed facilisis sed. Quis aliquip rebum est justo et dolor ex at invidunt at.\nEa diam odio rebum. Vero lorem dolore nobis dolore sanctus magna rebum est amet volutpat et. Lorem ut vero sanctus justo stet lorem vero erat et gubergren stet. Lorem at kasd. Accusam eirmod magna ullamcorper odio at enim sea voluptua nulla at sanctus delenit ipsum erat vero amet euismod et. Sea in sea euismod. Dolore et eos hendrerit ea dolor et ipsum eirmod et dolor volutpat. Erat kasd eu. Sit lobortis aliquyam justo praesent veniam dolore nisl duo sed lorem. No autem magna magna sed consetetur sed iriure in sed at dolor consequat hendrerit aliquyam magna lorem. Dolor gubergren aliquip eu augue labore. Nostrud gubergren diam sed dolore dolor ut dolor et nulla ipsum dolores amet dolor. Et invidunt gubergren est erat diam et vero adipiscing amet duo magna ex consetetur ad vel autem hendrerit eirmod. Et molestie nobis ut duis duo blandit consequat clita praesent. Esse dolores sanctus diam enim et hendrerit gubergren est tempor ut molestie in rebum et sea takimata.\n","publishDate":"2022-01-31T23:25:43.8842743+00:00"},{"id":3,"title":"Book 3","description":"Ea at clita ut sit gubergren lorem et quis clita no eleifend stet dolore ut lorem enim eirmod. Dolor diam diam praesent. Sadipscing et labore at facilisi duis sadipscing amet erat sadipscing invidunt diam. Aliquip veniam facilisi gubergren ipsum et lorem amet. Accusam aliquip sanctus elit et tempor ipsum. Diam gubergren at enim elitr invidunt amet facilisis minim rebum amet sed et et feugiat. Nam rebum dolore dolore sadipscing. Sea justo odio volutpat kasd consequat justo sea gubergren esse elitr elitr lorem at sed stet no. Mazim commodo sit ipsum dolore ipsum et sit nonumy kasd sed takimata sea et consetetur kasd ipsum takimata. In vero volutpat te. Et stet sanctus eu dolores sanctus dolor consetetur. Odio magna duis duis magna nonumy eos amet.\n","pageCount":300,"excerpt":"Sea aliquyam ipsum aliquyam aliquip elit sadipscing placerat ut lorem. Amet accusam tempor dolor aliquyam ut et. Ut labore ea praesent. Voluptua ut consequat amet veniam duo in commodo. Stet nisl hendrerit justo labore invidunt eum vero eirmod hendrerit sed et. Dolores dolore dolores sea dolor lorem invidunt accumsan euismod tempor stet dolor. Nonumy labore sadipscing diam ullamcorper et tempor adipiscing no. Dolor dolore vel est dolor clita illum amet dolore duis labore delenit. Dolore et id. Sit no nam diam delenit dolores no ipsum augue minim sanctus erat no dignissim. No voluptua et sit no consetetur sanctus.\nMagna dignissim velit at sea sea. Est ea autem diam sed tempor elitr sanctus stet vero sea dolores ea sit wisi tempor elitr dolor ipsum. Ea id ipsum amet sanctus ea ea erat. Autem illum lobortis. Ex sit zzril stet facilisis sit accusam aliquyam sed. Ut tempor lobortis. Feugiat esse duo vel at blandit tempor dolor eu imperdiet ut ut vel est sit clita dolores sea. Diam kasd amet ea eos ipsum sit et suscipit aliquip dolore nobis vero. Et sanctus in dolor ipsum et est tempor et et ipsum. Consetetur et labore labore dolores et doming sit sit. Amet volutpat amet labore dolore labore facilisis sed dolores amet diam dolore voluptua amet tempor.\nDolor stet nulla nonumy eos eum et ipsum delenit erat et lorem duis sanctus suscipit erat dolor eos sea. Vel nonumy accusam exerci at est sea odio eros. Dolores aliquyam eirmod sit gubergren takimata voluptua et te vero lorem magna clita dolores eirmod. Diam diam facer duis sed sea amet lorem. Sed elitr sit erat duo hendrerit nonumy vero in et. Nonumy amet amet aliquyam lorem amet.\nErat dolor et justo et et sed dolores dolore voluptua et vero ut amet exerci ipsum et et amet. Cum magna diam sadipscing duo clita ipsum nonumy. Consetetur labore quis. Clita sea lorem vero ut delenit no accusam labore sea amet sanctus gubergren at gubergren sed elitr no consetetur. Tincidunt ea ipsum rebum vero consectetuer. Dolor nulla et odio eros facer sadipscing nulla accusam est sed clita iriure quis magna magna vero assum tempor. Tempor consetetur ipsum ipsum. Takimata accumsan ut nulla sed diam sit tempor ipsum eos duis dolores et vero ea et dolor et liber. Sit vel sed lorem ut sed id tempor in sanctus elitr dolor ipsum laoreet dignissim. In diam sed magna diam et. Consequat at rebum erat enim et. Amet dignissim veniam tincidunt erat est consequat. Sit diam enim zzril consetetur ipsum minim sit sed nibh diam. Dolore facilisi magna et tempor amet dolore lobortis erat accusam lorem aliquyam rebum lorem est vulputate labore sed consequat. Dolores duo eleifend dolore amet duis adipiscing lorem accusam eos ex elitr. Nonumy et erat dolor tempor in duo labore voluptua facer voluptua sit esse sit consetetur consetetur.\nJusto et lorem adipiscing hendrerit sea sed. Nulla augue erat amet sanctus assum doming ipsum at dolores at. Dolor no sed kasd. Dolor vero consequat duo te vulputate gubergren amet hendrerit diam. Sanctus et invidunt et consetetur diam. Nonumy no at duis. Diam feugiat at diam justo. Et sed aliquam euismod consetetur stet et hendrerit diam stet amet et sanctus dolore takimata sit wisi laoreet. Ipsum et ut elit invidunt dolor dolores autem. Elit amet ut kasd diam accusam wisi diam eos nostrud erat kasd labore. Dolor et consetetur diam dolor vel magna eos. Et consequat et volutpat tempor ipsum dolore ut dolore zzril vel clita dolore erat et erat ut commodo. Quis dolor sed luptatum eleifend eirmod in wisi et clita. Et nonumy sea dignissim vel sed at labore rebum hendrerit accumsan invidunt volutpat aliquyam nonumy et et invidunt. Gubergren dolores aliquyam kasd gubergren lorem amet eu molestie at diam dolor dolor nulla nulla amet consetetur est. Zzril sanctus est diam. Lorem lorem et gubergren suscipit eros eos et diam ut. Eu et diam erat sanctus. Dolor suscipit euismod clita eirmod nisl diam invidunt nonummy eum odio justo diam.\n","publishDate":"2022-01-30T23:25:43.8843569+00:00"},{"id":4,"title":"Book 4","description":"Ut sea stet est dolore et amet et erat est eos et diam rebum rebum. Facilisi delenit sed no dolore lorem dolor kasd kasd dolor eos vero aliquyam te lorem eirmod aliquyam dolore. No dolore facilisis eos justo ut sit magna kasd ipsum est stet eos volutpat veniam aliquyam eos sed. Eos ad gubergren sit facilisi molestie amet accusam in dignissim ut volutpat molestie sanctus dolores est. Lorem vulputate no eos magna vulputate ut feugiat veniam kasd amet. Dolores aliquyam lorem no et dolore lorem amet dolore duo invidunt nulla consequat sea. Magna nostrud justo sit nonumy stet. Duis dolore et vero in voluptua vero et dolor in id amet nulla sanctus invidunt eros lorem. Tempor est clita magna lorem ut nostrud eos. Est justo iriure magna facilisis. Eirmod ea ut diam dolor. Eos voluptua sit accusam nulla. Diam zzril est amet sit ea labore dolor sea diam dolor dolor blandit autem ex magna justo. Et takimata rebum kasd aliquyam. Nonumy invidunt consetetur ea rebum sed vero te dolore. Accusam elitr diam kasd justo sed magna in eos consetetur dolor et eos kasd dolores. Takimata id et in et et consetetur ipsum vulputate ea et erat eirmod eu lorem ut iusto. Duis amet vero elitr et nonumy nulla et elitr amet euismod.\n","pageCount":400,"excerpt":"Et elit est et ipsum diam. Accusam lorem dolor gubergren et lorem sea eos est consetetur sed nonumy magna hendrerit et est. Illum vero tempor rebum clita erat. Dignissim hendrerit ut iusto labore dolore takimata dolore duo ut feugiat stet dolor stet. Erat accusam amet sit ipsum eirmod eos eirmod takimata ipsum dolor tempor sanctus dignissim in. Gubergren justo enim lorem eleifend ipsum vel consequat et liber nobis est sea rebum est ut. Dolor dolor et duo iriure. Veniam magna nobis consetetur tincidunt sed sit dolor lorem consetetur dolor justo eum. Elitr dignissim diam tempor ad sed sanctus est erat magna. Sadipscing dolor dolore. Magna tincidunt diam lorem et takimata no lorem feugait erat takimata diam cum commodo clita tincidunt facilisis aliquyam. Eu vero et facilisis invidunt esse lorem diam eum magna sit eos eirmod delenit sadipscing ipsum aliquyam et. Et sea dolore dignissim dolor sed consetetur dolor nulla takimata takimata tincidunt ipsum sit nonumy blandit. Duo gubergren dolores rebum magna amet quis consequat hendrerit dolor duo. Tation amet sanctus nostrud quod quis aliquam et et lorem esse voluptua et erat.\nSit tempor esse lorem magna clita nulla diam ipsum diam justo tation ipsum sed. Amet voluptua sanctus dolore nulla consequat et. Est dolores duo vero lorem et diam zzril. Vulputate accusam aliquip accusam dolore duo magna et vulputate dolor te ipsum sed et vel duis consetetur. Sit sed ipsum vulputate lorem magna et aliquyam. Dolor labore ea ullamcorper sea vero consetetur accusam. Vulputate eirmod eu voluptua et. Nonumy eirmod eos ipsum magna invidunt. Diam est clita nonumy accusam diam duis dolore aliquam aliquam sit consequat dolores ipsum eos vulputate dolores. Sit sit ea at est dolor no sit wisi magna dolore nonummy zzril lorem. Sea takimata gubergren amet justo nisl sit sadipscing dolore nonumy. Kasd velit takimata dolor dolore autem ut vero et diam vero dolor ex kasd aliquyam est.\nErat elitr sea sit vero te placerat stet facilisis ipsum no ad invidunt nobis aliquip ipsum. Lorem ut stet eirmod aliquam accusam. Consequat nam duo est feugiat stet et delenit et et amet dolor sadipscing. Et ipsum kasd justo et. Lorem lorem lorem et et gubergren aliquip voluptua. Labore et in accusam elit amet consequat sed sit blandit eu sadipscing amet elitr dolor consequat elitr nihil. Iusto sed ut duo. Et consetetur clita dolor sit sea wisi magna nihil. Tempor amet et elitr nulla rebum erat diam kasd. Stet ipsum et aliquyam molestie sanctus at magna eleifend diam nobis dolore et diam accusam vulputate. Labore amet kasd labore. Amet nonummy lobortis sed no amet et invidunt elitr justo diam et et. Eos ex duo. Duo accusam aliquyam consetetur ut.\nDolore lorem tempor. Nulla amet wisi duo sit dolor exerci at sanctus aliquyam sea sed facilisis amet rebum elitr. Hendrerit invidunt eu takimata lorem est diam nulla possim qui iriure option est vero amet gubergren iriure. Sed in ea ea nobis magna accumsan stet kasd euismod consetetur sit lorem est.\nTincidunt duo est dolor et diam. Nam aliquyam dolore justo amet ut takimata clita amet justo. Dolores accusam sed sed ipsum magna dolore invidunt amet dignissim clita in consequat sit velit molestie rebum eum. Sea rebum iusto ipsum nulla ut vel erat no sed tempor facilisis ea dolore vel hendrerit. Exerci ea ea cum et aliquyam clita. Clita sed dolor. No et kasd sit commodo consetetur amet augue et sed consetetur. Dolor lorem vero sed sanctus accusam ullamcorper sit dolore. At rebum feugiat in eirmod labore id. Takimata sadipscing aliquam. Lorem sit at augue dolor iusto dignissim voluptua justo erat. Ea clita sit takimata lorem ea ea lorem dolor dolor ut takimata nihil lorem. Est et justo autem euismod sit sit consetetur et sed dolores sanctus eos amet ipsum sanctus justo amet nonummy. Adipiscing ullamcorper diam sed clita ut et et nonumy clita diam dolor voluptua nonumy ut est. Sed eos sanctus aliquam dolores. Nulla diam tempor euismod ex ad amet elit kasd et accusam duis lorem eirmod sed. Ipsum sea aliquyam illum dolor tempor ipsum tempor labore. Sadipscing ea vulputate placerat accusam ad rebum tempor illum tempor voluptua sit lorem.\n","publishDate":"2022-01-29T23:25:43.8844489+00:00"},{"id":5,"title":"Book 5","description":"Dignissim sed sadipscing magna clita dolor et aliquyam magna accumsan amet aliquyam nobis. Hendrerit sit blandit sed est magna ea sadipscing lorem lorem dolor dolore. Nibh diam facilisi diam eos aliquyam labore amet gubergren. Nihil sanctus dolor imperdiet justo gubergren dolores diam velit clita.\n","pageCount":500,"excerpt":"Et at dolor dolore lorem justo nonummy no. Labore aliquyam nonumy nonumy nonumy hendrerit elitr accusam labore sit voluptua eu eirmod. Vel sea sed amet commodo dignissim iusto tempor ipsum clita tempor lorem dolore ipsum at voluptua magna blandit blandit. Duis id sea nisl et duo voluptua nonumy commodo eu nulla et et ipsum consetetur sadipscing. Eos voluptua nonumy ut eu diam diam ipsum dignissim quis eirmod wisi nulla tempor iriure lorem et. Sed ex hendrerit elit ipsum id ut qui eos justo ea est.\nMagna et at sed dolor elit. Enim dolore cum te tempor. Accumsan no sadipscing et eos dolore at ipsum sadipscing erat takimata sed rebum lorem dolor lorem molestie eirmod ea. Erat sit et facilisis consequat nonumy. Feugiat sed blandit invidunt eirmod facer exerci in tation ea eos elitr duis molestie facilisi. Et et rebum ea voluptua adipiscing veniam amet et rebum ad sea at labore quis molestie ipsum dolores. Nonummy sadipscing sit clita suscipit est consetetur lobortis laoreet option dolor ipsum voluptua suscipit.\nDiam sit nonumy labore dolor eros eos possim feugait sed consequat cum. Ut et lobortis sea sadipscing kasd facilisis diam eum sed feugait dolore. Elitr augue ut gubergren vulputate accusam augue lorem dolore eu ad sit et justo et magna. Feugiat diam diam sed sit elitr tation dolore commodo vel. Invidunt amet mazim aliquyam dolor praesent blandit. Lorem et nulla no sanctus. Dolor at consetetur gubergren diam elitr no erat. Lorem tempor elitr ipsum eos molestie duis ipsum ut voluptua magna duo et diam eirmod ea. Et gubergren diam tempor justo no labore. Amet praesent rebum luptatum dolore ipsum et et nulla feugait in gubergren congue. Eos hendrerit justo esse tempor at et et invidunt consetetur aliquyam dolor ipsum lorem ipsum diam erat.\nRebum iusto accusam et et amet dolor no rebum dolore ea dolore dolor amet diam tempor lorem. Dolore in gubergren soluta magna. Aliquam est clita augue vero et ipsum facilisis. Molestie amet placerat dolor. Diam vero sit et nibh nisl dolor est ut stet ex kasd amet et ipsum. Ipsum magna mazim eos dolor kasd praesent in invidunt no vel consequat in sit labore. Invidunt consetetur possim laoreet id tempor voluptua doming.\nQuis amet dolore clita accusam labore aliquyam euismod facer assum ipsum augue stet. Voluptua ipsum feugiat duo accusam ipsum dolor et duis dolore voluptua. Ea amet euismod est accusam sit sit ex et ut sed eos eirmod autem iusto dolor sed.\n","publishDate":"2022-01-28T23:25:43.8844954+00:00"},{"id":6,"title":"Book 6","description":"Vero eleifend rebum iriure sed doming eros euismod. Dolores eirmod molestie amet. Et lorem cum. Sit dolores ipsum dolores clita sadipscing nostrud hendrerit sea aliquyam sed ea sit dolor et lorem dolor et esse. Stet consetetur duis in dolore amet amet autem.\n","pageCount":600,"excerpt":"Et nonumy ipsum. In consequat ad et molestie esse tempor duis ipsum aliquyam labore diam vel diam molestie sit labore sanctus. Et augue placerat lorem elit. Dolor ipsum vero minim accusam at. Sed lorem diam tempor aliquip aliquyam ut sit nihil laoreet vero et takimata elitr ipsum est clita clita. Consetetur gubergren gubergren duo tempor nulla invidunt sea diam et sadipscing est magna et accusam amet ea erat duo. Est et et at at duo. Vero et ea consetetur zzril consequat et magna volutpat amet invidunt dolores. Ea et iriure facer lorem dolor eum amet. Tation nobis sit nostrud stet magna consequat nonumy at no justo clita clita invidunt. Dolore euismod velit clita in justo est. Tempor magna ipsum praesent elit ea ipsum takimata in clita accusam sit. Elitr eirmod assum facilisi. Kasd justo vero dolor sadipscing ipsum ut accusam. Vel vel erat cum dolores nonumy eos sit nonumy tincidunt vel. Nonumy eos invidunt vel vero sed sed diam nonumy vulputate sit iusto rebum lorem velit blandit nam no. Eu quis diam tincidunt nonumy sit nonummy lorem diam at sit lorem gubergren gubergren nam voluptua dolor nostrud laoreet.\nAmet consetetur stet ipsum imperdiet feugait in rebum ipsum eirmod ut feugait ut et. Lorem aliquyam sanctus lorem minim tempor amet dolor sadipscing mazim. Nostrud euismod dolore aliquyam sadipscing ut sit nisl amet gubergren dolor nonumy dolore consequat tempor sed. Est iusto eos duo consetetur elitr nulla dolores cum eos lorem elitr eum elitr consetetur et sanctus. Rebum ipsum consequat clita diam autem accusam dolor erat erat invidunt vero adipiscing facilisis dolor stet delenit lobortis justo. Dolore amet ipsum justo suscipit nonummy nibh ea sanctus sed dolor diam amet liber et eirmod aliquam consetetur volutpat. Ipsum luptatum nibh dolore eros erat elitr. Sit illum eum facilisi. Duo eirmod amet et kasd laoreet nonummy eos et sed diam qui eum clita voluptua tation no sea. Tempor feugiat vero dolor ipsum et imperdiet rebum ipsum praesent clita et stet tempor. Clita voluptua lorem est minim iusto nonumy consequat quod at eos eum. Luptatum et et. Consetetur et dignissim. Gubergren ipsum nihil kasd eu sadipscing magna ut. Ut diam amet clita consectetuer dolor et lorem sit dolore ipsum elitr amet voluptua. Consetetur zzril nonummy tempor ipsum eirmod clita eirmod esse consequat ut at consetetur.\nConsequat duo stet nonumy. Eum rebum consequat. Clita ex et congue. Odio diam kasd accusam lorem velit dolores nihil. Voluptua est takimata magna ipsum eros et delenit. Kasd et invidunt elit facilisis kasd tempor sit. Erat ea voluptua minim ea et eu stet amet feugait lorem consetetur dolore clita. Eu odio ut eleifend. Et gubergren ea. Amet et feugiat placerat eirmod kasd sit et magna takimata. Vel at rebum tincidunt at consetetur ut nonummy at ullamcorper quis lorem lorem invidunt sit no gubergren est sed. Justo lorem consetetur ut ut vel eirmod at ut feugait odio feugiat erat at ipsum. Sanctus te voluptua facilisis magna ipsum no. Sit vulputate diam est. Ipsum diam kasd soluta voluptua. Dolor ad et dolor facilisi accusam consetetur kasd ea lorem dolore invidunt rebum labore stet dolor amet erat. Molestie vulputate nostrud stet et diam sea soluta eirmod dolore justo no aliquyam hendrerit facilisi aliquyam sed exerci.\nSea liber velit quod ipsum ea. Lorem stet iriure amet diam eu nisl gubergren duis. Erat dolores in ex molestie et erat ea consetetur ipsum sed liber facilisis justo. Clita consetetur tation sed lorem ea ea aliquyam. Elitr kasd quis dolore feugiat diam id dolore aliquyam dolore.\nSed diam volutpat molestie sea erat no gubergren et euismod mazim et vero ipsum. Elitr consectetuer elitr sed kasd stet labore suscipit in facilisis et. Dolores facilisis sit. Vel at lorem erat takimata diam clita aliquyam tempor sed eu invidunt lorem accumsan. Id velit dolor blandit wisi tempor feugait blandit et vero nostrud. No erat sadipscing sed diam facilisis dolor kasd te ipsum tation option dolor accusam minim tempor. Magna dolor quis eu magna consequat. Rebum accumsan sit eos et gubergren eirmod est rebum gubergren lorem dolor euismod invidunt takimata tincidunt.\n","publishDate":"2022-01-27T23:25:43.8846043+00:00"},{"id":7,"title":"Book 7","description":"Labore in rebum. Ea congue consetetur sanctus duis et sed ipsum vel diam tempor amet sed dolores aliquyam erat et. Esse accusam clita sadipscing adipiscing eros at duis dolore nonumy. Justo dolor aliquyam labore vero sea autem erat. Consetetur et augue diam sit diam eum autem sea dolore nihil amet sea ipsum ipsum et. Eos stet enim magna sit.\n","pageCount":700,"excerpt":"Dolor nostrud erat rebum clita ipsum sadipscing ea amet sea accusam erat elitr gubergren nulla elitr sit diam diam. Ut iriure dolore at diam sed accusam ut ut aliquyam invidunt consetetur ex mazim ex enim. Et invidunt est et dolore sit lorem rebum lorem amet tincidunt consetetur possim. Lorem kasd sadipscing rebum duis et invidunt tempor et et at dolore hendrerit. Dolor accusam wisi tincidunt dolor amet et sed ut gubergren vel euismod elit. Kasd in kasd diam ea sed dolore. Elitr erat takimata esse kasd consetetur et et elitr consequat facilisis doming et consetetur amet ipsum dolor dolor. Clita voluptua consequat justo duo erat dolore takimata aliquyam velit labore ea. At dolor stet in praesent nulla illum te voluptua amet lorem. Lorem labore autem commodo gubergren takimata sadipscing. Ut justo et no sadipscing nonumy stet. Labore invidunt justo vero ut justo eirmod justo.\nTempor invidunt at consequat. Ea amet sit duo amet esse in. Ea diam sed consetetur eirmod. Lorem ipsum euismod dolore gubergren eros invidunt sadipscing ad ipsum aliquyam feugiat sed accusam amet dolor eros amet eum. Sea stet rebum et clita invidunt kasd dolore esse labore sanctus at. Consetetur diam clita at cum et gubergren vel nam sit sadipscing eirmod accusam no accusam accusam tation feugiat. Dolore lorem et invidunt et accumsan dignissim vero et at. Euismod at est duis et consetetur esse erat eos erat consequat et. Illum accusam magna diam voluptua takimata sed clita tempor. Voluptua consetetur erat molestie sed dolor lorem. Iriure sed duo iusto dolor labore at voluptua kasd. Dolor feugait lobortis duis et magna. Stet hendrerit delenit magna sadipscing. Diam iriure sit sed nonumy est. At exerci vero et voluptua elitr ut accumsan. Ipsum et amet erat duis.\nSadipscing lorem volutpat vel sadipscing ea consetetur ipsum aliquyam. Stet et lorem et est dolor et nonumy sea et invidunt labore. Aliquyam stet justo clita sadipscing vel et dolor amet sed sit invidunt nihil. No facilisis gubergren dolor lorem diam facilisi consequat in eum. Tincidunt feugiat nulla sed dolor sit consetetur at. Est et vero ipsum ex suscipit amet liber no feugiat ipsum justo eros volutpat clita sadipscing ipsum sit illum. Quis dolor accusam. Ea ut et eleifend accumsan aliquyam et dignissim eum. Stet voluptua lorem sanctus dolor duo nonumy invidunt labore dolor sed. Dolor et ex ipsum placerat consetetur stet magna labore et stet ea facilisi lorem. Erat aliquyam et option et et sea dignissim ut in sed. Rebum est nonummy labore vero cum invidunt amet et sit hendrerit nonumy eirmod et ea labore no. Vulputate duo dolore diam in sanctus dolores zzril elitr liber sadipscing ad enim sed amet sadipscing amet. Sanctus est diam nulla dolore et magna odio eirmod amet tation kasd tempor eos nonumy eos. Takimata vel invidunt amet et et tempor.\nTakimata labore dolor et tation amet et nonumy sea est eos. Sit est labore duo dolores sed est magna rebum et labore gubergren quis eum rebum delenit exerci. Est vel et eos no invidunt no eirmod liber feugiat eirmod. Diam at consectetuer liber kasd elitr autem veniam lorem exerci accusam ea invidunt eirmod lorem tempor dignissim rebum option. Dolore sea lorem gubergren no eos duis invidunt diam erat ut at elitr sed. Gubergren gubergren no consequat nonumy et dolor amet at consetetur et tempor et eos. Justo mazim et. Autem eirmod at no dolore eirmod nulla kasd. Et elitr stet takimata amet rebum consetetur consetetur iriure option kasd at delenit feugait diam ea dolore. Dolore iusto nam. Diam no te facilisis duo ut labore dolore sit elitr est gubergren sea consequat dolore dolor sed sea eirmod. Dolor elitr velit et aliquyam aliquyam ex. Accusam ut sed ut option magna ea lorem magna amet ea no consetetur. Diam justo clita dignissim amet lorem blandit clita amet ad ut sadipscing lorem labore lorem.\nEirmod ex no kasd kasd. Magna et minim consequat consetetur dolore te tation at ipsum sadipscing magna dignissim sanctus. No rebum laoreet tincidunt sanctus elitr nonumy odio vero feugiat labore consetetur sit diam sed labore tempor. Adipiscing in no takimata duo suscipit et cum takimata et nostrud consetetur eu amet. Aliquam vero vel illum wisi lorem gubergren in nulla amet sanctus gubergren tempor gubergren sit. Duo accusam aliquyam et dolor consequat sanctus dolor dolores magna dolore invidunt vel aliquyam. Clita et delenit facilisis ipsum ut ut tempor eos vulputate dolore amet lobortis. Ea sadipscing consetetur in invidunt elitr est lorem ad nulla sit duo lorem praesent labore dolor quod nonumy stet. Qui vero takimata rebum dolore hendrerit et ipsum sea no nonumy invidunt labore. Ipsum eirmod sed amet sea est. Eirmod sanctus labore diam ut tempor erat ea et dolore sit ullamcorper et. Dolore invidunt erat no minim no sit sed et diam ea et justo ea. Invidunt vel tempor ut duo ut dolores et consequat dolor odio dolore eirmod tempor ipsum takimata lorem. Nibh clita ut lorem. Quis sit duis dolor hendrerit.\n","publishDate":"2022-01-26T23:25:43.8846957+00:00"},{"id":8,"title":"Book 8","description":"Sit duo ipsum ea veniam soluta. Dolore sanctus kasd iusto consectetuer kasd eum gubergren consetetur rebum est dolor aliquip illum diam. Diam lorem elitr voluptua dolor sed dolor justo consetetur sed nonumy clita. No sanctus diam ad consetetur dolores. Feugiat diam sit et sed eleifend volutpat sed sadipscing in. Stet kasd euismod dolores et ut in ex et ea. Dolor eirmod dolore blandit no aliquyam facilisis eu nisl sea duo ipsum. Rebum magna lorem consequat amet euismod sea sadipscing. Praesent exerci dolor sit ipsum. Dolores molestie exerci dolor lorem aliquyam eros consequat ea in sed placerat. Sed labore tempor facilisis in consetetur dolor aliquip justo sanctus feugait minim takimata labore quod. No praesent dolor ea ut nulla labore lorem stet duis voluptua. Vel ut magna erat labore ipsum sed et commodo ipsum consetetur sit. Invidunt elit eu lorem ea illum et duo clita no eos vel laoreet. Rebum amet tempor facilisis aliquyam vulputate lorem et labore et tempor diam possim aliquam tincidunt. Kasd sea enim in amet dolore dolor amet ex stet lorem lorem ut in elitr diam tempor magna labore. Kasd dolor magna rebum sit stet option sea clita at amet odio exerci nonumy commodo amet aliquyam eirmod. Dolore autem vulputate et et et sit tempor nostrud sit dolore ut ut vel est kasd hendrerit consetetur.\n","pageCount":800,"excerpt":"Invidunt aliquip amet nonumy sed duo enim vero amet sit sea. Sanctus gubergren dolor sanctus hendrerit wisi ipsum eu sit diam diam dolore dolores eos et ut. Sed gubergren diam lorem facilisis labore amet molestie congue sanctus ipsum amet ipsum sed stet. Ea amet ea molestie amet diam et erat et in sadipscing. In iusto ut dolore sed accusam dolores tempor velit magna kasd sed. Blandit amet sed lorem. Eirmod consequat dolore magna invidunt at lorem magna takimata ullamcorper nonumy veniam luptatum et te nonumy. At vulputate consectetuer amet et vero sadipscing sea wisi duo eirmod congue ea sadipscing ipsum option dolore. Facilisi luptatum vero dolor sadipscing euismod stet aliquyam tempor dolor at et nonumy adipiscing. Cum justo amet vel dolores et nihil ut vero ipsum no dolores accusam voluptua sit at kasd dolore.\nEos voluptua vero augue gubergren aliquam invidunt magna nonumy et justo congue nonumy ut clita diam vel sit sit. Kasd dolore amet illum et suscipit sed eirmod voluptua et rebum amet at diam eos tincidunt. Eirmod in nibh dolor. Eos sed praesent aliquyam at vulputate rebum sea. Kasd luptatum odio elitr at voluptua facilisi nulla magna illum praesent sanctus vero et et eos facilisis. Et erat te vel liber aliquyam stet at sea et.\nEsse vero dolore no. Amet lorem ipsum lorem et sanctus at dolores dolore nihil tation lorem et adipiscing ut stet sea sadipscing et. Nihil sit mazim vel amet dolores dolore sadipscing et. Sadipscing diam ipsum dolores ut ipsum consequat. Tempor et ipsum enim sea aliquip amet at tempor et ipsum in. Dolore eleifend takimata vero eirmod erat. Dolore ipsum minim ea kasd ut lorem est consequat sanctus voluptua sanctus sit duis laoreet kasd dolor et. Elitr gubergren at magna aliquyam erat. Erat eum nonumy.\nDolor accusam euismod et eirmod sed lorem lorem labore dolor. Justo feugiat vel elitr no dolor est diam sanctus elitr luptatum diam. Sanctus duo kasd justo erat dolor facilisi ea amet enim in labore est dolor accusam justo ipsum. Invidunt consetetur ad magna.\nSuscipit eos doming sed dolores. Duo ut luptatum nihil. Clita rebum qui no at facilisi. Feugiat invidunt sit ut tempor est ipsum accusam in ad facilisis amet consequat ut ex ut stet suscipit lorem. Ipsum gubergren sit eos sit et et sit sanctus sed. Clita sanctus ad sadipscing dolor sadipscing dolore aliquip dolor nisl sit consetetur aliquam diam diam kasd sed consequat. Est justo diam diam ipsum erat nonumy diam takimata kasd ea duo et. Consetetur et eirmod vero sadipscing nam laoreet consequat amet et no dolor et lobortis et kasd. Sed aliquam et dolore magna ut ea quis quod sea dolores invidunt feugait. Hendrerit autem dolor rebum sed. Tempor lorem consetetur sadipscing nonumy et aliquam magna sit praesent sit sadipscing sit. Eos ad hendrerit facer duis lorem in feugiat et lorem. Kasd sed dolor hendrerit accusam justo sed exerci diam nonummy illum facilisis. Velit sed amet dolores.\n","publishDate":"2022-01-25T23:25:43.8847647+00:00"},{"id":9,"title":"Book 9","description":"Diam vero sed aliquyam luptatum. Sanctus at consectetuer sea gubergren sed. Nostrud sanctus kasd erat dolore feugait. Dolor et amet velit eirmod tation sed facilisis est. Ipsum at et facilisis nostrud eos et clita tempor enim ea ad tincidunt cum illum diam. Stet dolor accumsan dolor sit et kasd sadipscing. Takimata sed sadipscing diam zzril sea clita ex gubergren vulputate justo sanctus lorem at erat ea nonummy elitr kasd. Aliquyam eum blandit illum consetetur clita voluptua ea nonumy zzril zzril consetetur consequat in. Sed justo dolor dolor est consetetur diam vel magna ut consetetur. Dolores gubergren kasd odio dolore delenit ullamcorper nonumy clita. Elitr sit lorem est accusam clita minim accusam sea eos diam blandit et lorem elit diam sed voluptua.\n","pageCount":900,"excerpt":"Et sit wisi dolores nonumy dolor kasd gubergren duis veniam eos commodo ad dolores eum. Ipsum amet sanctus ipsum. Sadipscing gubergren accusam. Duis et dolore. Sed invidunt sit invidunt et volutpat takimata amet et et duo dolor ea eos sed sit aliquyam est ullamcorper. Vel elitr sed sit est aliquyam erat vero. Est diam ut aliquyam eirmod takimata rebum ut magna lorem ea lorem tincidunt nihil labore aliquyam. Dolor stet lorem accusam et. Adipiscing in takimata amet ut sit minim lorem. Praesent rebum wisi at qui accusam aliquyam amet lorem. Dolore duo sed ipsum sed stet. Et elitr elitr hendrerit voluptua kasd accusam eu dolore eirmod congue facilisi est kasd amet justo eos. Kasd et gubergren qui eros volutpat et labore id ut erat in consetetur duo dignissim. Vel sea kasd ea mazim diam quod enim ipsum dolore sit hendrerit consetetur labore lorem ea sit. Aliquyam erat ut quis luptatum eum accusam at dolore stet. Eos consetetur elit invidunt eos sed at takimata sea augue vero tation ad ea in sit dolor aliquyam. Dignissim stet diam sit eirmod sea sit duo hendrerit dolores consetetur eu dolor vero stet zzril velit. Ut accusam sanctus vero sea elitr ea. Eos velit augue eirmod sadipscing.\nElitr adipiscing nisl erat diam elitr nihil diam gubergren labore nonumy. Aliquyam eos ut amet justo. Elit laoreet ea esse ipsum est ut esse magna vel voluptua est lorem et qui sit no nam takimata. Clita sit no consetetur sit diam. Feugiat labore labore nam possim stet labore diam dolores invidunt eirmod et ut iriure gubergren sed clita magna est. Lorem rebum blandit stet nostrud tempor praesent elitr labore praesent sed quis at tempor et nobis illum. Invidunt eros et sed duo voluptua in tempor placerat sea et ut dolor hendrerit takimata kasd lorem ea dolores. Consetetur dolor eum ut commodo labore sit diam. Dolor lorem no veniam et elit stet gubergren tempor autem ut lorem facilisis vel te. Ipsum et volutpat lorem ea dolore kasd labore. Ut facilisi erat kasd congue blandit.\nVero feugait ipsum te possim dolor sea diam sit nobis. Exerci ea velit minim accusam invidunt ea vel. Placerat dolore et vero eum est duis diam labore luptatum.\nDuis erat ut voluptua. Aliquyam feugiat vero nulla nonummy stet dolore. Voluptua gubergren ad sit no at amet. Dolor accusam eros vel diam. Elit consequat dolore clita ut amet diam clita invidunt labore velit vel sanctus et nulla nonumy ea et. Est praesent amet duo magna et sed facilisi diam nonumy sea in eleifend nulla stet dolor. In ea dolore tempor amet ea vero. At amet qui sed dolor stet takimata facilisis.\nErat dolor erat dolor tempor kasd sanctus molestie ut facilisis consetetur invidunt dolor consetetur sea stet dolore amet. Magna no nisl accusam lorem. No facer sed diam et dolor eirmod vero exerci minim sed amet. Sanctus justo rebum. Feugiat sed in nulla iriure in sit labore magna sanctus molestie dolor rebum et eu vero lorem. Accusam diam gubergren vel nostrud consetetur vel clita amet tempor. Sadipscing lobortis dignissim sit sit accusam nostrud et at et. In clita ut amet nibh kasd. Duis elitr at suscipit dignissim eos tempor dolore amet duis quod. Aliquyam no option dolor et dolores et amet stet consetetur est no dignissim vel takimata labore volutpat et. Et molestie dolores ipsum sed sanctus qui dolor. Rebum dolor voluptua stet sed wisi ut vero erat feugait augue imperdiet. Ea et ipsum tempor dolores eirmod. Et lorem delenit.\n","publishDate":"2022-01-24T23:25:43.8848348+00:00"},{"id":10,"title":"Book 10","description":"Consetetur at sit. Volutpat nonummy et enim autem praesent elitr sit sadipscing vel. Sadipscing consequat lorem sea. Et accusam et nisl aliquam ullamcorper eos adipiscing dolores magna no nonumy dolor aliquyam dolor sadipscing. Duo nibh sed gubergren dolore dolores eos diam dolor kasd feugiat ut. Ullamcorper amet sanctus voluptua. Eos dolor in invidunt kasd. Diam nihil rebum voluptua ipsum. Stet possim feugait eum dolor sit aliquyam diam diam invidunt et ad. Ea sadipscing sit voluptua in sed labore et justo vero at erat. Ut takimata magna nisl accusam est liber. Ipsum voluptua gubergren no sed molestie vero lorem. Molestie doming lorem consequat elit aliquyam. Laoreet vero dolores invidunt dolore sadipscing ea dolor at ea aliquyam vero. Liber ea accusam takimata dolor sit et invidunt iriure nostrud laoreet in eos. Accusam aliquyam sanctus magna ut voluptua sea magna ipsum eirmod et gubergren aliquyam. Sea aliquyam augue sanctus sit. Labore nam at elitr lorem aliquyam stet facilisis hendrerit magna. Facilisis sed dolore consetetur laoreet lorem et consetetur dolor et.\n","pageCount":1000,"excerpt":"Consectetuer liber nisl stet et sed vero rebum zzril dolor option lorem rebum vulputate ea kasd sanctus dolor. Nonumy sit consetetur in sea no amet tempor sit. Stet sanctus ut dolor in tation molestie. Duo sed nihil diam kasd dolor voluptua dolore eos magna magna eos amet. Qui ea ut amet justo stet duis lorem et sadipscing magna invidunt nisl sit et laoreet sadipscing erat. Dolor et est ipsum invidunt cum dolor minim et imperdiet et aliquam sit sed. Voluptua vulputate sadipscing diam et eos dolores ea et nonumy vel dolor minim aliquyam est no nisl sit stet. Consequat ipsum option ea nonummy diam. Et et ut aliquip kasd sea dolore ullamcorper wisi no justo eros assum ut feugait.\nVero tation illum vel at. Et consequat labore sea nulla sea. In nonummy sit euismod consectetuer takimata cum blandit stet eirmod et nonumy consequat ad vulputate consetetur quod zzril. Delenit praesent sadipscing vero. Minim invidunt nonumy ipsum labore sed aliquyam accusam commodo vero magna ullamcorper magna stet. Ipsum aliquyam dolor invidunt blandit consectetuer magna diam vero iriure kasd laoreet imperdiet. Sed sea dolor lorem et gubergren sit praesent. Adipiscing no sea clita esse sadipscing elitr sed aliquyam elit. Odio dolore hendrerit sed et et justo sit eleifend elitr iriure et ipsum. Sea lorem ut accusam amet ipsum accusam cum ipsum nihil diam dolore tincidunt iriure dolor no.\nAmet aliquyam sed id justo sed nulla stet no amet duo sadipscing sadipscing. Aliquam diam ipsum et sea ullamcorper duo. Amet ipsum lorem sed rebum stet dolor voluptua lorem clita invidunt kasd et.\nStet ut ut feugait dolore vero te dolor est lorem est eirmod amet amet at vero. Augue sit justo voluptua sed diam rebum praesent kasd consequat sea eu. Et ea amet autem vel suscipit lorem dolor ut consequat adipiscing vel lorem liber no at ipsum dolore erat. Amet wisi tincidunt est sit facilisi sea diam takimata hendrerit sanctus consequat justo tempor eirmod lobortis eos sit nulla. Takimata consectetuer vero ut justo at voluptua diam tincidunt. At nobis aliquyam qui vero vel diam erat et. Ipsum laoreet diam wisi et ipsum magna erat dolores amet consequat sit eos gubergren est erat tempor diam invidunt. Nulla duo labore lorem veniam dolore facilisi sit clita odio eu gubergren lorem lorem facer lorem. Stet eum accusam sed autem eos tempor sanctus vero sed esse. Voluptua delenit aliquam diam diam et aliquyam labore vero. Exerci nostrud feugiat amet eum. Te et vero. Ut eirmod at dolor dolore. Ipsum amet molestie sadipscing vulputate. Justo et ut et dolore et no et quis. Wisi sit et elit eum et sed duo no ut lorem illum erat nonumy nonumy vero. Et blandit ut amet amet consetetur sadipscing.\nEa eos odio sed dolor sed sed ea est nihil euismod ut invidunt amet. Zzril erat rebum enim invidunt in dolor. Sea accusam tempor. Facilisis ipsum dolor justo diam sed sit dolor invidunt ipsum invidunt accumsan rebum. Commodo et gubergren duo kasd takimata duo amet justo labore rebum nihil lorem. Dolores nonumy dolore takimata ea. Dolor sit invidunt sed commodo euismod duo lorem. Duo sadipscing no ex amet elitr rebum hendrerit nonumy gubergren magna dolore diam ut. Velit consequat ut. Ea duis amet sed nostrud sanctus et dolor dolor magna justo.\n","publishDate":"2022-01-23T23:25:43.8849099+00:00"},{"id":11,"title":"Book 11","description":"Ipsum ipsum vel amet lorem dolor exerci sit ipsum kasd elitr zzril et vel voluptua amet. Est dolor eos vero. Lorem enim ipsum lorem amet elitr nulla dolores. Accusam gubergren euismod stet sed ea. Ut amet ipsum ad. Magna voluptua dolore tempor clita iriure nam elitr diam duo sed dolor takimata amet dolor aliquyam. Dolor dolores vero invidunt in labore ut ut dolore sed ea et et qui at nulla illum suscipit. Ea placerat kasd eum dolor at amet tempor eleifend sit et et dolor sanctus nulla. Dolore consetetur dolor accumsan est vero lorem feugiat stet elitr et. Gubergren ut nonumy te lobortis kasd ea adipiscing ut lorem est kasd lorem invidunt est ut no zzril. Rebum diam et. Eirmod dolore amet tempor nonumy. Sit et no ipsum euismod justo.\n","pageCount":1100,"excerpt":"Autem consequat consequat sed et elitr dolore nonumy. Duo et lobortis clita accusam dolore ut sea ea kasd suscipit diam. Tempor nulla diam dolor accusam dolore autem tation clita et takimata labore vel invidunt amet eos takimata no. Kasd erat dolore dolores ea laoreet at qui magna amet erat sea sea dolores labore sadipscing sed. Eos iusto vero nostrud dolor sanctus lorem consequat diam sea sit sea et no. Euismod quis dolore aliquam. Sit lorem voluptua dolor at nostrud et at praesent dolores lorem sadipscing labore. Soluta mazim no ut magna voluptua dolor ipsum congue nonumy et. Doming justo diam dolore eirmod aliquip nonumy ex dolor justo. Voluptua amet ipsum eos feugiat labore gubergren takimata erat aliquip eos et sea. Ipsum consequat kasd sit consequat tincidunt invidunt dolor dolore dolores. Rebum adipiscing erat zzril lorem ea eum labore sed aliquam aliquyam clita lorem duis ea. Aliquyam sit sanctus molestie quis assum dolores sed ea nulla. Ut consetetur diam sea diam ipsum id duo duo magna euismod. Ipsum lorem takimata sit sadipscing sit accumsan nulla enim. Invidunt sanctus sit facilisis rebum blandit at et. Luptatum dolor consetetur justo eos. Facilisis quis no diam vel ea.\nSit lorem sanctus nam elitr elitr et sed vel consetetur sed sea. Adipiscing clita eos at et labore tempor diam vero sea aliquyam. Amet ea sed nulla ea dolore sit. Est amet laoreet takimata clita aliquip sed ea vero at. Erat wisi eos et vel tempor soluta takimata illum magna iriure diam dolor diam lorem ipsum sadipscing. Elit tempor clita feugait. Et velit no ea rebum vero sadipscing sed dolore amet nulla sit eirmod rebum. Sed tincidunt feugiat. Justo dolores clita amet. Aliquyam sea lorem autem et consetetur aliquyam tempor assum invidunt dolore nulla. Et molestie et vulputate dolor et sed et no commodo labore amet dolor dolor et. Est clita lorem amet et ut takimata nonumy erat amet eros dolor ullamcorper augue dolor magna invidunt nonumy ullamcorper.\nAmet wisi sed elitr lorem accusam tincidunt et laoreet minim sadipscing. Amet duis takimata sed aliquyam diam invidunt sit diam sadipscing takimata stet sit. Dolor duis tempor no ea.\nNonummy eos et. Voluptua erat rebum sit justo lorem aliquip sit sit sanctus rebum nostrud ipsum voluptua erat clita ipsum. Sea nulla vel sea eirmod at at labore ad augue. Eirmod vulputate consetetur sed ea iusto te. Delenit no ipsum vero sed eirmod diam dolore invidunt consequat molestie kasd amet magna. Ea sea sit. Eros diam at labore diam ipsum eirmod no zzril esse erat. Wisi takimata rebum soluta. Possim labore labore dignissim tincidunt elitr nonumy ut hendrerit. Commodo facilisi veniam sed labore amet est et ut nonumy at gubergren. Diam aliquyam sed minim duo doming ipsum sea. Dolor ipsum voluptua suscipit zzril stet ipsum dolor velit labore duo sanctus accusam et invidunt ullamcorper vulputate. Delenit vero et rebum praesent aliquyam illum consetetur et ea.\nVero magna no dolore consetetur sit ipsum id vel. Invidunt blandit consequat at sed lorem et euismod in dolor dolor eirmod tation et sed. Consequat feugiat sed accusam. Labore volutpat clita voluptua iriure ipsum wisi voluptua accumsan tation sadipscing accusam justo nonumy ipsum vero. Justo et at dolor et nihil. Invidunt dolores feugait eirmod kasd te facer. Facilisis justo dolor dolor vero adipiscing dolor dolor tempor soluta et stet lorem. Ut vel amet invidunt sed elitr amet sit takimata clita et accusam nonumy duis assum amet sed lorem dolores. Elitr accusam tempor eum qui takimata sadipscing magna eirmod stet. Labore eirmod justo dolore et tempor tempor feugiat dolore labore dolore sadipscing diam dolore ipsum te soluta adipiscing. Justo accusam amet sed at rebum nam est liber accusam et ea sea sit gubergren. Kasd accusam nulla aliquyam takimata imperdiet dolor. Vero sadipscing clita ipsum duis ea aliquyam.\n","publishDate":"2022-01-22T23:25:43.8849989+00:00"},{"id":12,"title":"Book 12","description":"Feugiat vel magna eos eu sed duo tation et eleifend et. Vero vero dolor erat erat ullamcorper nonumy accusam elitr dolores elitr lorem laoreet accusam ex volutpat accumsan eos velit. Et wisi amet accusam quis stet tempor dolore nostrud quis vero. At magna lorem. Ea ex est feugiat placerat molestie et ea dolor gubergren dolore no sed. Dolor eu gubergren labore vero hendrerit vel vel sit et wisi sit sed nihil eum. Sed ipsum accusam magna diam est justo clita duo tempor diam dolor ea justo. Duis duis aliquyam eros ad invidunt. Et elitr iusto et et eirmod no nonumy consetetur at. Diam amet aliquyam nonumy diam sed dolor sea.\n","pageCount":1200,"excerpt":"Vulputate lorem ex voluptua nulla illum et consequat dolor tempor erat sed justo lorem clita. Ea ut rebum invidunt lobortis nostrud duis at eu vulputate consectetuer elitr ipsum. Sed tempor stet sed eum ipsum diam iriure eos nonumy odio dolore sit sed. Congue magna gubergren voluptua labore hendrerit clita. Aliquyam hendrerit vero elitr. Nulla sea ipsum rebum consetetur augue sea eros eirmod ullamcorper no sea ipsum tincidunt nulla sed ea sed amet.\nAliquyam takimata gubergren et rebum te dolores. Sed volutpat accusam vel magna ea clita invidunt lobortis sanctus dolore dolore sit te. Dolor labore ut invidunt sit sanctus zzril. Quod suscipit amet amet accusam facilisi. Nulla ipsum elitr lorem ipsum nonumy tempor sed et quis erat sit elitr ipsum dolores iusto delenit aliquyam. No enim quis no duis sit consetetur duo sit sadipscing et rebum sed. Feugait voluptua erat sed delenit minim eu. Magna stet et eu lorem eos dolore diam dolore nulla elit ut option lorem et. Sadipscing et molestie accusam ullamcorper invidunt ipsum sit. Labore nobis eros molestie consectetuer ut voluptua molestie vero.\nDolore duo nulla et suscipit ea amet ut ea takimata ipsum. No dolor dolor te vulputate iriure vulputate labore kasd dolor diam et et sanctus exerci justo duis. Dolore tempor est molestie erat voluptua takimata.\nVero sed erat euismod dolore magna sed eu esse. Sea invidunt sed et lorem sed invidunt diam at. Zzril kasd voluptua. Ipsum vero lorem esse consetetur eos. Justo eos clita amet dolor magna.\nNonumy ea vero eos illum eirmod enim sed luptatum. Consetetur elitr dolore consequat duo ut duis. Justo iriure eum consequat ea takimata clita sed eirmod stet erat est id voluptua aliquip. Invidunt volutpat laoreet velit elitr et amet wisi dolore vero amet magna nulla invidunt est. Erat magna dolor vero diam eos dolor adipiscing euismod est lorem suscipit amet gubergren sanctus duo gubergren. Consequat et consetetur. Eos nonumy enim sed dolores.\n","publishDate":"2022-01-21T23:25:43.8850549+00:00"},{"id":13,"title":"Book 13","description":"Ipsum nonumy ipsum sea ipsum justo nostrud clita nonummy et stet volutpat diam amet tempor suscipit dolor sea velit. Dolore lorem vel tation ex. Ipsum no dolores feugiat. Sanctus tempor tincidunt feugiat consectetuer sit ipsum sed ut veniam sanctus et magna adipiscing elit tempor dolor invidunt ut. Possim sanctus eros in sadipscing molestie enim. Et lorem justo amet lorem voluptua in duo eos vel aliquam. Ea dolores ipsum at et et kasd et justo veniam. Eos erat feugait iriure sed quis labore in ipsum eleifend at et sanctus hendrerit kasd vel dolor sadipscing. Est et ut sadipscing aliquyam laoreet aliquyam justo dolor et laoreet facilisi cum et amet.\n","pageCount":1300,"excerpt":"Eos rebum facilisis takimata ipsum consetetur et stet vulputate. Eros dolore dolore accusam diam nulla sit accumsan sea ullamcorper. Eirmod justo sed sed luptatum et sed sea diam sit sanctus eum imperdiet aliquyam molestie.\nUt dolore stet magna elit takimata in consequat invidunt ut dolor diam ea nobis. Exerci sed ut consetetur magna et consectetuer imperdiet dolore lorem labore. Aliquip accusam cum diam diam amet erat et in quod vero ipsum. Consetetur ut enim vel consetetur aliquyam vero duis eu nonumy justo amet no gubergren nibh consetetur vulputate dolore voluptua. Ullamcorper labore wisi commodo euismod sed doming suscipit erat ipsum rebum accusam no dolore. Sanctus duo rebum et ut. Sanctus et magna ut delenit dolore labore ipsum eirmod luptatum exerci erat sed ut consetetur sea clita lorem ipsum. Duo amet nulla at ipsum magna voluptua dolore lorem diam at kasd molestie labore. Clita sit sit rebum at clita ea facilisis stet. Eos eos sed clita lorem est dolore justo lorem elitr clita gubergren takimata tempor molestie. Aliquam iusto clita vulputate nobis euismod justo eos feugiat iriure nulla nonumy sed sed ut consequat sadipscing. Voluptua sed enim justo. Accusam lorem et. Dolor ipsum et hendrerit stet autem justo vulputate.\nElit qui erat est lorem aliquyam. Mazim odio diam rebum diam ipsum. Justo sanctus consetetur ullamcorper ex at diam nostrud sed amet et accusam amet zzril eu gubergren sea sit. Duis clita duo sit esse ipsum eirmod et dolor diam ut ut diam ut ipsum et. Est vel accusam et elitr et feugiat labore et. Tempor dolor voluptua erat dolore clita qui sed aliquyam amet ea hendrerit elitr. Sit clita aliquyam at consetetur luptatum wisi sed sadipscing sit est autem. Vel lobortis in accumsan augue ea rebum ea invidunt odio lorem ipsum et magna sed rebum accusam diam nostrud. Magna at option sed cum eos dolores dolores duis eirmod veniam vero suscipit et labore voluptua. Diam ea at sed stet sed diam dolore dolor laoreet. Dolore diam nisl diam sea est vero dolore sea adipiscing sanctus diam dolor sit diam dolore. Feugait dolor nonumy ipsum. Invidunt sadipscing odio assum sit at. Accumsan sadipscing stet justo invidunt sed. Zzril velit stet ut nulla vero dolores clita et diam. Magna et diam et eos quod amet quis vero ullamcorper. Diam iusto no ea clita dolores facilisis consetetur hendrerit duis justo ut. Duo adipiscing diam elit rebum ipsum ut est gubergren magna molestie dolor diam sed. Lorem invidunt elitr diam at sit et vero at sed amet qui est facilisis takimata sea duis.\nZzril te clita ipsum labore diam tempor gubergren nonummy in at dolor facer nibh accusam tincidunt ex elitr. Vel sit eu takimata accusam soluta duo dolor justo laoreet accusam. Accusam dolores amet voluptua id dolore labore takimata sanctus velit elitr elitr sed amet consequat lorem consetetur ea nonumy. Sit stet nam nonumy et nisl diam duo. Stet justo dolor sanctus blandit lorem erat sed amet iriure lorem labore. Tempor vero gubergren nonumy sadipscing et dolor rebum et lorem. Illum tation no aliquyam gubergren sadipscing elitr elit labore gubergren ea odio. Tempor erat vel est congue exerci. Eos justo sit voluptua diam aliquyam amet gubergren justo ut sit vero ea ea. Aliquyam nonumy lorem rebum ut sit amet justo at iusto lorem invidunt dolor stet. Minim illum nonummy ut rebum ea tation dolore sed elit dolor dolore nulla duo no. Lorem sea ea illum velit. Amet eirmod duis nonumy duo at lorem diam nibh sadipscing minim nibh amet commodo sit. Sit dolor et sit dolores dolor sed odio lorem nobis ea amet illum sea. Euismod et consetetur lorem nonumy et vero ea feugiat at est. Est dolores ut duo nibh.\nSea no clita sed et ut erat consetetur duo dolores gubergren diam dolor ipsum. Invidunt eos at dolores clita consetetur voluptua diam voluptua. Dolor sit lorem lorem et amet sea aliquyam. Justo ad enim feugiat eos dolor kasd voluptua takimata nihil volutpat no sea et labore lorem kasd te. Sea duo magna magna ut elitr vero. Nulla exerci dolores dolor dolore ut diam duo sed diam sadipscing dolor molestie dolor ut et consequat eos.\n","publishDate":"2022-01-20T23:25:43.8851348+00:00"},{"id":14,"title":"Book 14","description":"Labore accusam sanctus voluptua eos adipiscing et dolor eirmod adipiscing vel sea duis tempor dolore vel suscipit aliquyam. Dolor magna et eos kasd justo feugait ut sanctus et autem nisl illum amet consequat magna laoreet. Sed erat tempor ipsum at autem delenit placerat duo accusam dolore illum. Dolor sit invidunt takimata takimata dolor lorem amet takimata. Gubergren lorem ipsum clita sed duo at erat eos rebum dolore sit sit. Lorem nonumy ut nibh in labore eirmod diam at et ipsum invidunt takimata sadipscing. Rebum eos no sit sit amet. In labore lorem sed at. Voluptua invidunt tempor facilisis amet diam no amet magna placerat accumsan. Kasd labore sea et. Voluptua consetetur et sit consetetur no sanctus sit lorem sit sit eu dolore eirmod magna vulputate nulla amet lobortis. Blandit ut aliquyam ut voluptua. Dolore illum consetetur invidunt clita erat odio accusam vero rebum autem sed kasd autem elit dolor imperdiet diam. Est tincidunt soluta diam dolores rebum consequat. Eos stet diam rebum ipsum at eum facilisis et eos justo nonumy.\n","pageCount":1400,"excerpt":"Sit sit labore amet takimata ex no dolores et ut ipsum labore et nonumy lorem at sadipscing diam nihil. Lorem ut consequat lorem dolor et aliquam et sea diam diam tempor. Sadipscing sea accusam sadipscing sanctus takimata erat stet et sed luptatum kasd gubergren. At sed nulla rebum. Kasd sed feugiat accumsan quis ut feugiat sed labore. Diam magna nulla. Eos sed erat gubergren et aliquam eirmod dolore clita nonummy justo et accusam molestie minim amet elitr tincidunt gubergren. Gubergren ullamcorper dolore ipsum. Ut sea et nibh vero consetetur. Invidunt iriure invidunt at dolor justo eu ut dolor at aliquyam est invidunt in eu. Dolor nonumy ipsum labore et ipsum diam ut ut dolore aliquyam sea lorem labore eirmod liber consectetuer. Labore eros luptatum ipsum dolore eos amet duo cum dolores eros voluptua dolor sea tation nonumy dolor. Diam kasd est eirmod tincidunt aliquam nulla ut.\nClita aliquyam facer sadipscing placerat magna takimata. Sit gubergren sea ut diam ipsum no diam no sed lorem est et justo ea et erat consequat est. Ipsum magna gubergren magna. Aliquyam vulputate eos dolor.\nDolore sit aliquip dolore sed eu. Nisl ut sea molestie eros diam est labore placerat eum lorem vero aliquyam et voluptua veniam ipsum dolore. Kasd eos labore rebum diam stet. Accusam et ipsum nihil tempor eos illum kasd ea lorem tempor. Hendrerit takimata at sit vel kasd tincidunt accusam ipsum. Takimata no luptatum consectetuer sed molestie facilisis tempor tempor duo accusam labore dolor nonumy aliquyam consetetur sanctus consetetur vero. Ipsum sanctus vero dolore eros consetetur ut laoreet eirmod dolore labore elitr takimata et voluptua ad dolor justo eos. Ea sanctus praesent. Luptatum nonumy no consequat odio dolor no magna dolor labore consetetur ut labore ipsum vero sit sit elitr. Lorem cum erat diam lorem clita. Ipsum tempor clita nulla magna clita esse sanctus dignissim. Ut et dolores ea vero lorem amet diam aliquyam euismod sed. Amet ipsum aliquyam nonumy veniam nihil amet lorem kasd lorem vero accusam. Eos justo assum feugiat dolore magna eum euismod velit. Ipsum no ex magna.\nErat eros sanctus sanctus delenit tation no dolore sit amet sed eos dolores amet dolore no nonummy quis labore. At eum ipsum vel et esse sea elitr tincidunt delenit clita et labore lobortis dolore kasd. Et diam dolor no accusam consetetur dolore diam eirmod minim elitr erat sed. Invidunt magna lorem eros diam quis kasd. Voluptua blandit blandit possim ut eirmod hendrerit facilisi nonummy hendrerit est eos minim esse lorem elitr. Dolor et lobortis sit amet vel sit eleifend invidunt at dolor sit sed duis sed at sadipscing. Stet at sit. Consetetur et lorem magna dolor at est dolor lorem diam sanctus in nonumy nihil facilisis diam luptatum duo. Nonumy ipsum augue sea takimata duo ipsum takimata luptatum eirmod vero suscipit sit justo. Et nonumy aliquyam stet autem et autem. Diam et erat sanctus. Ut ipsum praesent et sit invidunt kasd. Ea takimata elitr rebum ipsum dolores tation sadipscing ut lorem sanctus et nonumy nibh diam. Labore lorem dolores minim sea dignissim duo sed aliquyam consetetur et praesent accusam te.\nFacilisi erat dolore stet tempor lorem illum. Eirmod minim ipsum tempor diam dolores amet eros nibh est gubergren elitr. Et dolores dolor diam duis ea ipsum consetetur diam eirmod sed diam vero consectetuer kasd sit vero sadipscing. Qui adipiscing tincidunt sea dolore. Nonumy sit augue ea tempor adipiscing. Est eu invidunt et sit et takimata vel illum. Lorem diam est facilisis illum dolor esse vulputate diam clita eirmod ut. In vero kasd sed quis nam nulla autem ipsum et. Lobortis sed sadipscing duis est aliquip ut voluptua voluptua accusam at dolore duis labore ut sed vero accumsan ad. Dolore ipsum diam elit no ut amet dolor at. Clita dolor takimata eos sadipscing. Nonummy voluptua ut esse diam clita. Esse diam et dolores consetetur tempor rebum dolore at lorem lorem hendrerit takimata rebum duis lorem et ut nonumy. Et sadipscing erat exerci.\n","publishDate":"2022-01-19T23:25:43.8852163+00:00"},{"id":15,"title":"Book 15","description":"Nulla amet lorem est sadipscing duis. Sit te consetetur duo vulputate dolor no sit ut. Eros sed commodo invidunt sadipscing magna vulputate. Dolores tempor clita molestie sadipscing takimata. Voluptua ipsum sed minim adipiscing ipsum kasd et diam. Nonumy nisl dolor nobis justo rebum est at liber ex est eirmod eirmod consequat. Sed nonumy voluptua. Esse facilisis duo clita nonumy quis erat consequat dolor facilisi nisl. Justo diam iriure est sit est et dolore nulla sea minim liber labore sadipscing. No lobortis quod sed no illum stet tempor ut lorem et erat sed justo exerci dignissim dolor. Lorem dolor clita wisi magna in nonumy in augue et nulla stet clita dolor stet et eirmod et. Dolores nonumy elit sanctus accumsan.\n","pageCount":1500,"excerpt":"Erat sea sea clita dolore est diam nisl duo laoreet voluptua duis ut sit duo laoreet et ipsum accumsan. Sed ut et. Magna diam vero justo stet aliquip elit sanctus. Aliquyam ad ea praesent. Illum voluptua invidunt diam aliquyam est sit. Vero takimata ipsum adipiscing nostrud takimata sit vel gubergren sadipscing exerci hendrerit. Dolore tincidunt vero vulputate eos sit dolor. Mazim takimata molestie lorem aliquyam. Ipsum ut consectetuer sanctus stet at tation amet et et stet sed iusto est. Accusam qui sanctus erat labore magna volutpat sed molestie feugiat voluptua placerat autem ut.\nEum sea at dignissim consequat doming esse doming ea sanctus odio eos sed feugiat accusam. Et erat erat eirmod magna voluptua lorem dolores magna et. No esse et clita ea clita. Sit ea consetetur labore laoreet consetetur sit aliquyam ea sed dolor dolor tempor tempor no ex ut aliquyam. Nibh rebum justo lorem veniam ipsum at duis ipsum et magna amet odio. Dolore sed aliquam imperdiet consequat sadipscing clita sed justo. Facilisis dolor voluptua in nisl lorem et. Magna ut et nibh illum duis aliquip aliquyam consequat. Volutpat facilisi et labore nonumy eos sanctus amet molestie takimata. Stet et dolor consetetur elitr imperdiet. Dolores tempor magna ipsum sit ullamcorper stet tempor sit accusam delenit eos amet ipsum sed et iriure clita at.\nEt consequat tempor dolor stet labore facilisis vel invidunt consectetuer. Lorem illum nonummy sit no justo et duis ut volutpat diam cum ut delenit stet dolor. Eirmod aliquyam et ad lorem vulputate ut et sed dolor laoreet erat soluta lorem gubergren vel vero justo. Nisl dolore magna invidunt elitr sit ut aliquyam et. Nobis consectetuer sit kasd. Erat laoreet soluta dolore lorem sadipscing duis vero tempor duo erat. Ipsum dolore dolores et nonumy dolor. Labore sed praesent sanctus sed sit justo nam stet sed vel lorem dolore. Labore id dolor duo quis accusam esse gubergren takimata et et stet facilisis dolore.\nDolor voluptua lorem dignissim nonummy placerat minim vel clita consequat aliquyam est molestie dolore hendrerit. Laoreet commodo et takimata amet consequat consequat et gubergren suscipit. Dolores illum kasd justo tempor nulla.\nEirmod autem est dolores quis dolore enim velit aliquyam eros labore te takimata nibh in takimata sed. Tation ipsum ea vulputate magna. Duo vel amet sit sit veniam. Dolor ut et assum ea duo nonummy diam et ea voluptua accusam ea te stet et sed. Ipsum sed vero dolor ipsum augue luptatum dolores rebum ipsum vulputate tempor enim aliquam sit vel et. Labore tempor sed sed ka
[...]
utate. Consectetuer hendrerit est rebum ipsum elitr erat cum accusam ipsum luptatum vero in in vel ut. Ipsum lorem aliquip consetetur eirmod et eu sit ipsum feugiat ea consetetur sed et ipsum amet placerat dolores duo. Voluptua ipsum gubergren et voluptua ipsum clita ut zzril est invidunt labore sit labore voluptua eirmod. Et erat iusto takimata minim lorem amet rebum sadipscing erat sanctus facilisis dolore ipsum amet rebum labore dolore. Nonumy accusam duo dolore sea augue et consetetur elitr magna dolor vulputate commodo ea veniam et invidunt rebum. Eirmod lorem sit ipsum et eos sanctus takimata sed takimata sed nonumy in justo vero lorem enim lorem. Rebum feugiat elitr.\nEt amet nonumy diam stet kasd at at sit sadipscing et veniam vero justo. Aliquyam ipsum placerat rebum et dolores tation. Nam molestie et sit nonummy sed. Illum diam augue. Justo stet labore vel sadipscing magna sit luptatum nonumy sit clita ipsum et commodo dolor ea sanctus tempor. Lorem sanctus sed elitr nobis velit dolor rebum rebum ut sit eros elitr et nisl labore vel sit ut. Dolore invidunt qui est accusam stet magna nibh volutpat aliquyam takimata odio augue kasd. Amet sed aliquyam aliquip sea sit dolores consequat minim eirmod vero diam magna.\n","publishDate":"2021-07-19T23:25:43.926468+00:00"},{"id":199,"title":"Book 199","description":"Ea et velit facilisi minim erat est invidunt. No ea invidunt wisi blandit gubergren no erat. Nulla facilisi lorem. Augue wisi duo enim sit ipsum dolores nihil sadipscing quod sit dolor ipsum in magna sed. No quis elitr euismod eirmod sadipscing dolor accusam dolor accusam vero amet dolor placerat voluptua. Vel sed elitr. Sit dolores aliquip justo elitr et sed sed nostrud lorem accusam eos esse. Delenit consetetur congue dolore voluptua eos sea consetetur. Et in ea wisi. Et erat adipiscing dolor accumsan vel aliquyam kasd clita eos et sit ut laoreet nulla magna option voluptua takimata.\n","pageCount":19900,"excerpt":"Dolore consetetur sit lorem duo. Sea erat justo. Tation est nonumy tempor duis tempor sadipscing nulla lorem tempor labore eu euismod dolor. Lorem invidunt justo duo aliquip dolores duis duo no eirmod nisl. Ipsum est lorem eos elitr vero. At sit no esse no sit tation invidunt. Sadipscing possim duo duo et consetetur ea amet nam ex dolores elitr clita eirmod aliquyam lorem no.\nEx labore vel erat est consetetur accusam diam. Justo quis lorem consetetur zzril sadipscing ullamcorper esse eirmod vel gubergren. Diam feugait sit kasd gubergren invidunt rebum no labore ipsum quis tincidunt sadipscing praesent ipsum nibh gubergren nonumy. Ipsum et euismod in sit gubergren eos ut sit sit eros kasd nostrud eum feugait at tincidunt dolor duo. Possim facilisi blandit vero et dolor et sit et diam erat feugiat nonummy dolore takimata justo. Amet hendrerit commodo tempor feugiat kasd adipiscing facilisis at sit sed ipsum lorem.\nElitr amet nisl augue dolore dolor. Et at et quod erat dolores lorem. Sit velit stet rebum at facilisis dolore elitr takimata sit. Ipsum nulla sit stet dolore rebum sadipscing dolore invidunt nulla sea kasd takimata eos sea diam eos ea eirmod. Ea tempor eos amet ut. Exerci accusam accusam. Ut imperdiet duo amet. Et tempor at diam magna diam ut dolor at elitr sed aliquyam dolore duo invidunt rebum sed et. Et ipsum cum sit rebum amet lorem et at sit. Elit consetetur kasd erat diam ipsum. At takimata id stet erat autem takimata. Dolor nulla lorem et iriure eos laoreet ex eos dolore delenit dolor sed diam quis kasd no dignissim. Illum dolores ipsum tempor sed dolores congue ipsum stet tempor no amet accusam eirmod.\nSit dolores sanctus adipiscing vulputate lorem accumsan velit dolor gubergren magna est ut kasd rebum laoreet no. Autem erat volutpat velit diam molestie ipsum aliquyam augue ad rebum tempor. Ut kasd elitr rebum.\nUt justo eros kasd enim diam consectetuer ut sadipscing ut. Feugait liber dolor erat minim eirmod. Lorem vero et molestie sea sed sea ullamcorper gubergren. Erat consetetur tempor duo rebum justo vero facer duo sit lorem duis. Sit lorem consetetur autem eos nonummy magna consectetuer nonumy ut sed dolor et sit kasd eu amet ipsum. Magna ipsum takimata lorem elitr. Sed vel tation nonumy in tempor iriure. Ipsum dolor elit enim minim labore dolore ut labore nonumy possim ea iriure eos ipsum vero kasd lorem. Lorem justo takimata nibh est dolor ut clita sed no feugait ea vulputate. Amet autem gubergren praesent ea eirmod duo et sanctus duo. Diam vero ipsum takimata et labore at takimata dolor duis vulputate diam facilisi sadipscing clita nulla. Diam ipsum voluptua mazim dolor amet erat diam tempor gubergren. Delenit ipsum gubergren minim tation veniam sit no dolore sanctus feugait voluptua aliquyam ut autem est no. Feugait vulputate laoreet erat diam erat nibh sea in facilisis erat takimata aliquyam sit vero praesent voluptua est. Erat et sit ut lorem autem ut enim iusto aliquyam ea diam eu et et kasd lorem hendrerit lorem. Elitr invidunt lorem duo justo sit at sadipscing autem dolor dolore dolore sadipscing duo minim et autem elitr duo. Ut lorem ipsum clita. Nonumy illum sanctus sed ea lorem at eos illum amet elitr soluta diam eum.\n","publishDate":"2021-07-18T23:25:43.9265316+00:00"},{"id":200,"title":"Book 200","description":"Elitr et invidunt dolor invidunt consetetur kasd est adipiscing stet clita vero et. Eirmod et invidunt diam nulla sit sit ut amet ipsum takimata no sadipscing eos. Esse accusam facilisis veniam consectetuer adipiscing tempor dolores et et erat. Commodo placerat est hendrerit sit odio diam diam gubergren et enim dolore sed enim.\n","pageCount":20000,"excerpt":"Eirmod no nibh dolor assum. Sit gubergren sit nonummy eirmod nostrud sit ea stet liber sit sanctus tempor clita diam. Ut vero ipsum commodo rebum eos lorem augue magna rebum tincidunt amet rebum dolore rebum. Dolor ut autem ad no sanctus elit. In consetetur sed clita magna vero feugiat. Feugiat luptatum lorem lorem et tempor invidunt in nam sit. Vero ut magna erat feugiat elitr vero. Ut dolores iriure magna eleifend nulla voluptua stet stet id ut feugiat nibh sit. Aliquam nonummy ut gubergren ad ea option ipsum takimata ut vero ullamcorper hendrerit duo in kasd et sea. Kasd iriure accusam consectetuer nonumy nonummy vero accumsan sit ipsum erat et eos sanctus et dolor diam. Magna euismod et accusam rebum sit consetetur. Ipsum dolores erat aliquyam sanctus iusto eos diam accusam vulputate ipsum amet diam commodo diam elitr. Sanctus sed elit dolores duo et et ex liber eirmod rebum sed diam consectetuer sit facilisis rebum autem vulputate. Qui justo sea ipsum dolores esse dolor odio amet rebum ut. Erat sanctus elitr tation id no aliquyam vel sanctus ipsum facilisi illum gubergren facilisi ea. Dolor assum wisi luptatum. Eum et invidunt justo consectetuer et dolor hendrerit stet. Placerat suscipit at invidunt vel sed vulputate magna est blandit no. Nonumy clita sea nonumy kasd invidunt duis accumsan facilisis rebum sit nisl wisi gubergren est sanctus.\nEum sanctus lorem consetetur amet dolor ut aliquyam facilisis. Sed nisl veniam dolor et amet diam. Dolore imperdiet justo ea. Velit erat sed. Ipsum praesent at justo labore eos erat.\nDolore doming kasd kasd est est sed vel dolores et elit ipsum stet ut justo. Consetetur erat est magna rebum gubergren ea et nonummy magna iusto lorem. Vero dolore clita elitr clita. Stet stet ea iriure volutpat vero erat sed sadipscing minim et et feugiat sanctus sea suscipit et vero. Amet sadipscing iriure nonumy. Vero duo vulputate dolor kasd accusam ipsum kasd voluptua. Euismod ut voluptua nonumy tempor sea duo ipsum placerat feugiat dolore ea consetetur sed est eu vero. Duo amet et praesent eos commodo ea amet odio tempor et eirmod ea est dolore. Option elitr dolore invidunt invidunt dolores nulla vero nonumy sed sed no at lorem ut. Erat dolor consetetur gubergren dolore takimata mazim elitr possim ullamcorper clita. Dolor nisl rebum ullamcorper no stet labore ad lorem tempor voluptua. Sed dolore erat clita te voluptua et et kasd et in clita consetetur lorem et in duo. Et delenit luptatum dolores dolore qui et soluta et kasd ut lorem consequat sadipscing voluptua nibh. Ut nihil magna. Stet aliquyam ipsum delenit lobortis vero. Dolor gubergren magna veniam amet no vulputate sit nobis vero euismod ullamcorper dolor. Tempor magna et sea est dolores invidunt option aliquyam amet amet eirmod sadipscing ipsum erat dolor eirmod sadipscing sed. Accusam vero stet amet sea dolor.\nSed ad voluptua tempor dolores vero. Lorem eos est diam nonumy zzril diam vel lorem et sed labore sit diam aliquyam invidunt et. Commodo amet ut dolor dolor amet commodo nulla. Accusam dolores justo takimata et qui et justo diam eos sanctus diam duo in kasd sea duis dolores diam. Tempor eos tempor. Eirmod eirmod eos ea erat accusam sanctus ut congue quod consetetur. Ut sed possim ea invidunt voluptua ea. Ad invidunt et consetetur.\nVero dolore ipsum feugiat labore. Feugait consetetur dolor dolore consequat lorem nonumy ipsum et. Labore in et lorem eos et sit laoreet stet nulla nulla eirmod clita sit sea. Consetetur in ea eos sanctus dolore nostrud facilisis accusam elitr takimata facilisi diam molestie tempor iriure nulla elitr ipsum. Euismod sadipscing justo est liber at ex et. Et dolore ut vero. Nonumy wisi eirmod lorem lorem dolores labore ipsum erat dolore stet nonumy. No diam clita sea lorem ipsum est justo sit blandit kasd velit elit rebum eirmod magna. No aliquam elit. Ipsum cum takimata kasd sadipscing. Lorem diam sed tempor sed eu accumsan sed amet sadipscing. Erat voluptua vulputate lorem sanctus amet autem dolores tempor tempor dolor ea aliquyam. No sed sit gubergren vero est ea. Gubergren duo feugiat blandit feugiat aliquam dignissim sanctus et elitr nonummy qui.\n","publishDate":"2021-07-17T23:25:43.9266158+00:00"}]</msg>
<status status="PASS" starttime="20220202 20:25:45.399" endtime="20220202 20:25:45.412"/>
</kw>
<kw name="Set Test Variable" library="BuiltIn">
<arg>${RESPOSTA}</arg>
<doc>Makes a variable available everywhere within the scope of the current test.</doc>
<msg timestamp="20220202 20:25:45.413" level="INFO">${RESPOSTA} = &lt;Response [200]&gt;</msg>
<status status="PASS" starttime="20220202 20:25:45.412" endtime="20220202 20:25:45.413"/>
</kw>
<status status="PASS" starttime="20220202 20:25:42.956" endtime="20220202 20:25:45.413"/>
</kw>
<kw name="Então deverá ser retornada uma lista com &quot;200&quot; livros" library="kws_api" sourcename="Então deverá ser retornada uma lista com &quot;${QTD_LIVROS}&quot; livros">
<kw name="Length Should Be" library="BuiltIn">
<arg>${RESPOSTA.json()}</arg>
<arg>${QTD_LIVROS}</arg>
<doc>Verifies that the length of the given item is correct.</doc>
<msg timestamp="20220202 20:25:45.418" level="INFO">Length is 200</msg>
<status status="PASS" starttime="20220202 20:25:45.414" endtime="20220202 20:25:45.418"/>
</kw>
<status status="PASS" starttime="20220202 20:25:45.414" endtime="20220202 20:25:45.418"/>
</kw>
<kw name="E o status code" library="kws_api">
<arg>200</arg>
<kw name="Should Be Equal As Strings" library="BuiltIn">
<arg>${RESPOSTA.status_code}</arg>
<arg>${STATUS_CODE}</arg>
<doc>Fails if objects are unequal after converting them to strings.</doc>
<msg timestamp="20220202 20:25:45.420" level="INFO">Argument types are:
&lt;class 'int'&gt;
&lt;type 'unicode'&gt;</msg>
<status status="PASS" starttime="20220202 20:25:45.419" endtime="20220202 20:25:45.420"/>
</kw>
<status status="PASS" starttime="20220202 20:25:45.419" endtime="20220202 20:25:45.420"/>
</kw>
<tag>GET</tag>
<status status="PASS" starttime="20220202 20:25:42.954" endtime="20220202 20:25:45.420"/>
</test>
<test id="s1-t2" name="Cenario: Buscar livros não cadastrado na base">
<kw name="Dado que eu tenha o endpoint de consulta de livros" library="kws_api">
<kw name="Log" library="BuiltIn">
<arg>https://fakerestapi.azurewebsites.net/api/v1/Books</arg>
<doc>Logs the given message with the given level.</doc>
<msg timestamp="20220202 20:25:45.423" level="INFO">https://fakerestapi.azurewebsites.net/api/v1/Books</msg>
<status status="PASS" starttime="20220202 20:25:45.422" endtime="20220202 20:25:45.423"/>
</kw>
<status status="PASS" starttime="20220202 20:25:45.422" endtime="20220202 20:25:45.423"/>
</kw>
<kw name="Quando executar a requisição de consulta do livro" library="kws_api">
<arg>205</arg>
<kw name="GET On Session" library="RequestsLibrary">
<var>${RESPOSTA}</var>
<arg>booksAPI</arg>
<arg>Books/${ID_LIVRO}</arg>
<arg>expected_status=any</arg>
<doc>Sends a GET request on a previously created HTTP Session.</doc>
<msg timestamp="20220202 20:25:45.700" level="INFO">GET Request : url=https://fakerestapi.azurewebsites.net/api/v1/Books/205 
 path_url=/api/v1/Books/205 
 headers={'User-Agent': 'python-requests/2.27.1', 'Accept-Encoding': 'gzip, deflate', 'Accept': '*/*', 'Connection': 'keep-alive'} 
 body=None 
 </msg>
<msg timestamp="20220202 20:25:45.700" level="INFO">GET Response : url=https://fakerestapi.azurewebsites.net/api/v1/Books/205 
 status=404, reason=Not Found 
 headers={'Transfer-Encoding': 'chunked', 'Content-Type': 'application/problem+json; charset=utf-8; v=1.0', 'Server': 'Kestrel', 'api-supported-versions': '1.0', 'Date': 'Wed, 02 Feb 2022 23:25:44 GMT'} 
 body={"type":"https://tools.ietf.org/html/rfc7231#section-6.5.4","title":"Not Found","status":404,"traceId":"00-548057e995107a4aa6f445ef5b27b455-b4af42ef1b1d3447-00"} 
 </msg>
<msg timestamp="20220202 20:25:45.700" level="INFO">${RESPOSTA} = &lt;Response [404]&gt;</msg>
<status status="PASS" starttime="20220202 20:25:45.423" endtime="20220202 20:25:45.701"/>
</kw>
<kw name="Log" library="BuiltIn">
<arg>${RESPOSTA.text}</arg>
<doc>Logs the given message with the given level.</doc>
<msg timestamp="20220202 20:25:45.703" level="INFO">{"type":"https://tools.ietf.org/html/rfc7231#section-6.5.4","title":"Not Found","status":404,"traceId":"00-548057e995107a4aa6f445ef5b27b455-b4af42ef1b1d3447-00"}</msg>
<status status="PASS" starttime="20220202 20:25:45.701" endtime="20220202 20:25:45.703"/>
</kw>
<kw name="Set Test Variable" library="BuiltIn">
<arg>${RESPOSTA}</arg>
<doc>Makes a variable available everywhere within the scope of the current test.</doc>
<msg timestamp="20220202 20:25:45.704" level="INFO">${RESPOSTA} = &lt;Response [404]&gt;</msg>
<status status="PASS" starttime="20220202 20:25:45.703" endtime="20220202 20:25:45.705"/>
</kw>
<status status="PASS" starttime="20220202 20:25:45.423" endtime="20220202 20:25:45.705"/>
</kw>
<kw name="E o status code" library="kws_api">
<arg>404</arg>
<kw name="Should Be Equal As Strings" library="BuiltIn">
<arg>${RESPOSTA.status_code}</arg>
<arg>${STATUS_CODE}</arg>
<doc>Fails if objects are unequal after converting them to strings.</doc>
<msg timestamp="20220202 20:25:45.710" level="INFO">Argument types are:
&lt;class 'int'&gt;
&lt;type 'unicode'&gt;</msg>
<status status="PASS" starttime="20220202 20:25:45.708" endtime="20220202 20:25:45.710"/>
</kw>
<status status="PASS" starttime="20220202 20:25:45.707" endtime="20220202 20:25:45.711"/>
</kw>
<kw name="E a mensagem &quot;Not Found&quot;" library="kws_api" sourcename="E a mensagem &quot;${ERROR_MESSAGE}&quot;">
<kw name="Dictionary Should Contain Item" library="Collections">
<arg>${RESPOSTA.json()}</arg>
<arg>title</arg>
<arg>${ERROR_MESSAGE}</arg>
<doc>An item of ``key`` / ``value`` must be found in a ``dictionary``.</doc>
<status status="PASS" starttime="20220202 20:25:45.713" endtime="20220202 20:25:45.717"/>
</kw>
<status status="PASS" starttime="20220202 20:25:45.712" endtime="20220202 20:25:45.717"/>
</kw>
<tag>GET</tag>
<status status="PASS" starttime="20220202 20:25:45.421" endtime="20220202 20:25:45.718"/>
</test>
<test id="s1-t3" name="Cenario: Realizar cadastro de um novo livros">
<kw name="Dado que eu tenha o endpoint de cadastro de livros" library="kws_api">
<kw name="Log" library="BuiltIn">
<arg>https://fakerestapi.azurewebsites.net/api/v1/Books</arg>
<doc>Logs the given message with the given level.</doc>
<msg timestamp="20220202 20:25:45.721" level="INFO">https://fakerestapi.azurewebsites.net/api/v1/Books</msg>
<status status="PASS" starttime="20220202 20:25:45.721" endtime="20220202 20:25:45.722"/>
</kw>
<status status="PASS" starttime="20220202 20:25:45.721" endtime="20220202 20:25:45.722"/>
</kw>
<kw name="Quando executar a requisição de cadastro de novo livro com as informações corretas" library="kws_api">
<kw name="POST On Session" library="RequestsLibrary">
<var>${RESPOSTA}</var>
<arg>booksAPI</arg>
<arg>Books</arg>
<arg>expected_status=any</arg>
<arg>json=${BODY_BOOK}</arg>
<arg>headers=${HEADERS}</arg>
<doc>Sends a POST request on a previously created HTTP Session.</doc>
<msg timestamp="20220202 20:25:45.925" level="INFO">POST Request : url=https://fakerestapi.azurewebsites.net/api/v1/Books 
 path_url=/api/v1/Books 
 headers={'User-Agent': 'python-requests/2.27.1', 'Accept-Encoding': 'gzip, deflate', 'Accept': '*/*', 'Connection': 'keep-alive', 'content-type': 'application/json', 'Content-Length': '151'} 
 body=b'"id=202 title=\\"Apredendo Robot\\" description=\\"Testando API de cadastro\\" pageCount=5464 excerpt=\\"bla bla bla\\" publishDate=2022-10-16T11:01:21.168Z"' 
 </msg>
<msg timestamp="20220202 20:25:45.926" level="INFO">POST Response : url=https://fakerestapi.azurewebsites.net/api/v1/Books 
 status=400, reason=Bad Request 
 headers={'Transfer-Encoding': 'chunked', 'Content-Type': 'application/problem+json; charset=utf-8', 'Server': 'Kestrel', 'Date': 'Wed, 02 Feb 2022 23:25:44 GMT'} 
 body={"type":"https://tools.ietf.org/html/rfc7231#section-6.5.1","title":"One or more validation errors occurred.","status":400,"traceId":"00-f0b874544da29f47baa4d7178e3ed076-0d51887717eaf54a-00","errors":{"$":["The JSON value could not be converted to FakeRestAPI.Models.Book. Path: $ | LineNumber: 0 | BytePositionInLine: 151."]}} 
 </msg>
<msg timestamp="20220202 20:25:45.926" level="INFO">${RESPOSTA} = &lt;Response [400]&gt;</msg>
<status status="PASS" starttime="20220202 20:25:45.722" endtime="20220202 20:25:45.926"/>
</kw>
<kw name="Set Test Variable" library="BuiltIn">
<arg>${RESPOSTA}</arg>
<doc>Makes a variable available everywhere within the scope of the current test.</doc>
<msg timestamp="20220202 20:25:45.927" level="INFO">${RESPOSTA} = &lt;Response [400]&gt;</msg>
<status status="PASS" starttime="20220202 20:25:45.926" endtime="20220202 20:25:45.927"/>
</kw>
<status status="PASS" starttime="20220202 20:25:45.722" endtime="20220202 20:25:45.927"/>
</kw>
<kw name="Então a api deverá retornar o status code" library="kws_api">
<arg>200</arg>
<kw name="Should Be Equal As Strings" library="BuiltIn">
<arg>${RESPOSTA.status_code}</arg>
<arg>${STATUS_CODE}</arg>
<doc>Fails if objects are unequal after converting them to strings.</doc>
<msg timestamp="20220202 20:25:45.932" level="INFO">Argument types are:
&lt;class 'int'&gt;
&lt;type 'unicode'&gt;</msg>
<msg timestamp="20220202 20:25:45.934" level="FAIL">400 != 200</msg>
<status status="FAIL" starttime="20220202 20:25:45.931" endtime="20220202 20:25:45.934"/>
</kw>
<status status="FAIL" starttime="20220202 20:25:45.929" endtime="20220202 20:25:45.936"/>
</kw>
<kw name="E o body com todas as informações enviadas no cadastro" library="kws_api">
<status status="NOT RUN" starttime="20220202 20:25:45.937" endtime="20220202 20:25:45.937"/>
</kw>
<tag>POST</tag>
<status status="FAIL" starttime="20220202 20:25:45.720" endtime="20220202 20:25:45.938">400 != 200</status>
</test>
<doc>Aqui estarão presentes os testes de API automatizados.</doc>
<status status="FAIL" starttime="20220202 20:25:42.636" endtime="20220202 20:25:45.941"/>
</suite>
<statistics>
<total>
<stat pass="2" fail="1" skip="0">All Tests</stat>
</total>
<tag>
<stat pass="2" fail="0" skip="0">GET</stat>
<stat pass="0" fail="1" skip="0">POST</stat>
</tag>
<suite>
<stat pass="2" fail="1" skip="0" id="s1" name="Apiautomation">Apiautomation</stat>
</suite>
</statistics>
<errors>
</errors>
</robot>
