<?xml version="1.0" encoding="UTF-8"?>
<robot generator="Robot 4.1 (Python 3.10.1 on win32)" generated="20220201 21:37:46.339" rpa="false" schemaversion="2">
<suite id="s1" name="Apiautomation" source="C:\Users\wesle\Desktop\cursorobotframework\tests\features\apiautomation.robot">
<test id="s1-t1" name="Cenario: Realizar a consulta de livros">
<kw name="Create Session" library="RequestsLibrary">
<arg>booksAPI</arg>
<arg>https://fakerestapi.azurewebsites.net/api/v1</arg>
<arg>disable_warnings=${True}</arg>
<doc>Create Session: create a HTTP session to a server</doc>
<msg timestamp="20220201 21:37:46.644" level="INFO">Creating Session using : alias=booksAPI, url=https://fakerestapi.azurewebsites.net/api/v1, headers={},                     cookies={}, auth=None, timeout=None, proxies=None, verify=False,                     debug=0 </msg>
<status status="PASS" starttime="20220201 21:37:46.644" endtime="20220201 21:37:46.644"/>
</kw>
<kw name="Create Dictionary" library="BuiltIn">
<var>${HEADERS}</var>
<arg>content-type=application/json</arg>
<doc>Creates and returns a dictionary based on the given ``items``.</doc>
<msg timestamp="20220201 21:37:46.645" level="INFO">${HEADERS} = {'content-type': 'application/json'}</msg>
<status status="PASS" starttime="20220201 21:37:46.645" endtime="20220201 21:37:46.645"/>
</kw>
<kw name="Set Test Variable" library="BuiltIn">
<arg>${HEADERS}</arg>
<doc>Makes a variable available everywhere within the scope of the current test.</doc>
<msg timestamp="20220201 21:37:46.646" level="INFO">${HEADERS} = {'content-type': 'application/json'}</msg>
<status status="PASS" starttime="20220201 21:37:46.645" endtime="20220201 21:37:46.646"/>
</kw>
<kw name="GET On Session" library="RequestsLibrary">
<var>${RESPOSTA}</var>
<arg>booksAPI</arg>
<arg>Books</arg>
<arg>expected_status=any</arg>
<doc>Sends a GET request on a previously created HTTP Session.</doc>
<msg timestamp="20220201 21:37:48.971" level="INFO">GET Request : url=https://fakerestapi.azurewebsites.net/api/v1/Books 
 path_url=/api/v1/Books 
 headers={'User-Agent': 'python-requests/2.27.1', 'Accept-Encoding': 'gzip, deflate', 'Accept': '*/*', 'Connection': 'keep-alive'} 
 body=None 
 </msg>
<msg timestamp="20220201 21:37:48.972" level="INFO">GET Response : url=https://fakerestapi.azurewebsites.net/api/v1/Books 
 status=200, reason=OK 
 headers={'Transfer-Encoding': 'chunked', 'Content-Type': 'application/json; charset=utf-8; v=1.0', 'Server': 'Kestrel', 'api-supported-versions': '1.0', 'Date': 'Wed, 02 Feb 2022 00:37:46 GMT'} 
 body=[{"id":1,"title":"Book 1","description":"Illum aliquyam justo nulla diam tation diam consequat labore sed dolores consetetur eu eos consetetur doming ipsum est. Ex aliquyam aliquyam erat. In luptatum volutpat ipsum eirmod. Amet accusam kasd sea sit dolor stet aliquyam nonumy placerat accusam dolore et. Ea et enim aliquyam sed sanctus diam nisl tempor.\n","pageCount":100,"excerpt":"Sit dolores liber accusam dignissim diam sadipscing gubergren accusam sed erat kasd erat eos aliquyam diam. Et dolor dolore sed magna. Sed odio dolor in at luptatum zzril erat minim amet nihil. Aliquyam tempor no dolor nobis vero kasd clita soluta et consetetur sadipscing takimata praesent accumsan diam lorem at. Dolor justo feugiat et erat ex magna justo in sanctus clita et duis at et lorem nonumy gubergren eu. Iusto et et sit sed kasd. Illum facilisis sed eirmod sanctus lorem ipsum dolore aliquyam labore lorem nostrud elit magna vero. Est velit ipsum consectetuer qui labore duo lorem et sea. Dolor ex erat nibh sadipscing takimata consetetur diam kasd commodo duo tincidunt dolor autem ipsum in. Labore et lorem dignissim stet veniam ea et at erat ut dolor takimata nisl accusam lorem. Wisi elitr nonummy ut kasd ipsum justo diam vel labore molestie et accumsan et. Et ut et zzril no in dolore nonumy lorem et justo kasd et tation. Amet magna voluptua labore erat sanctus ipsum tincidunt placerat duo dolor nulla amet eum tincidunt magna et sit. Et justo stet vero sanctus at invidunt ipsum eros diam sadipscing sed dolor lorem erat nonumy. Nonumy vulputate ipsum et consetetur tempor sed congue amet accumsan et. Consetetur duo enim ea erat assum rebum nulla sanctus accusam no consetetur lorem hendrerit lorem lorem.\nLorem accusam sanctus ipsum et facilisis sadipscing ut sed amet eum voluptua in dolor sit no. Et eros doming feugiat gubergren zzril magna enim justo adipiscing no augue velit vulputate quis laoreet. Sadipscing sit et sed voluptua ipsum et accusam tation duo labore magna ipsum sanctus. Amet vero zzril takimata ea vel velit at tation lobortis sanctus dolore labore dolore nonumy diam erat. Duo sadipscing vero tation at sit et eos nonumy labore clita aliquyam molestie in et. Diam ex gubergren diam eos. Sit accusam te molestie in. Vulputate lorem dolore nihil lorem in rebum. Sit eirmod eos aliquam illum voluptua et ullamcorper duis nibh et et et et ut lobortis sit nulla. Vulputate sed ut clita eirmod eros dolor aliquip erat nulla et doming kasd voluptua minim. Ipsum justo ullamcorper velit veniam minim dolore diam et et laoreet magna duo delenit rebum aliquip sit. Iriure et invidunt voluptua gubergren sadipscing amet iusto et at rebum. Est nulla stet takimata et in est duo dignissim et no voluptua vel sit lorem et stet. Eu feugiat delenit accusam feugiat facer voluptua justo. Eu sanctus sea gubergren accusam rebum magna ea rebum duo gubergren consetetur consetetur dolor diam nonumy nonumy stet. Stet hendrerit nonumy augue et sed sadipscing eu lorem ea sadipscing placerat magna ut erat magna clita exerci. Molestie stet et velit. Ipsum kasd consequat sanctus ut invidunt vel elitr nonummy et gubergren sit elitr veniam tation dignissim stet. Duis dolore accusam autem feugiat dolor et sed et sit diam consetetur dolor.\nAdipiscing tation feugait eirmod accusam clita praesent accusam sit rebum et liber erat vel justo. Elitr vero diam nonumy nonumy justo facilisis sit sea at sanctus accusam invidunt ea labore duo vel. Elitr sit ipsum amet voluptua vulputate sed diam et illum stet sed invidunt dolor veniam takimata volutpat justo dolores. Tempor minim labore sea magna commodo wisi kasd labore invidunt aliquyam magna eos lorem possim erat sed at. Erat quis sed ipsum consetetur nonumy ut est ea sed erat stet rebum soluta at eirmod id ea. Clita diam duo duo elitr et nobis. Blandit dolore est dolor amet gubergren accusam takimata luptatum no et nonumy et consectetuer consetetur dolores ut. Mazim luptatum quis eu ea. Ea ex accumsan. Gubergren sadipscing invidunt option clita sanctus stet et nihil sadipscing rebum cum tempor autem sea aliquyam. Stet ut molestie dolore sit illum invidunt.\nVulputate invidunt duo kasd magna. Accusam consectetuer veniam vero et dolor kasd stet illum sanctus in exerci dolore. Sea duo eos. Dolor accusam amet dolor. Ullamcorper clita amet nonumy dolore vulputate diam ipsum vulputate augue amet dolore. Aliquyam qui sed eum ea iriure ipsum diam eos. In molestie kasd ea stet labore.\nUt ipsum ipsum sanctus sit. Stet labore te takimata accusam dolor. Ad et dolore. Eos veniam sea justo accusam lorem eum clita sadipscing et ipsum sit duo. Justo dolor duo sed aliquyam clita.\n","publishDate":"2022-02-01T00:37:47.4279409+00:00"},{"id":2,"title":"Book 2","description":"Qui magna duo autem sit accumsan erat est diam dolor at dolor suscipit placerat. At ipsum nisl lorem nostrud justo wisi kasd et nibh elitr dolor voluptua sit takimata doming in imperdiet ea. At justo iusto ipsum. Dolore stet lorem est placerat. Elitr sed feugait sadipscing eirmod doming facilisi ipsum nonumy lorem sit ut sed ipsum et. Gubergren amet qui diam.\n","pageCount":200,"excerpt":"Autem at dolore congue zzril ut feugiat dolore dolores. Quis voluptua sit vero et invidunt et sit aliquyam lorem no nonumy. Et ea lorem no diam quis eum est sit labore ut rebum dolor lorem dolore amet aliquam sit sanctus. Gubergren at ut ipsum. Nonumy mazim minim qui sadipscing et amet at gubergren lorem labore ea velit. At assum sit no accusam ut gubergren consectetuer ipsum ea est. Rebum accusam dolor in no aliquyam sit rebum tempor dolores magna vel sea rebum ad eos. Vel dolor erat. Aliquyam et dolores et et eu justo diam accumsan autem duo rebum dolores sanctus consequat eos euismod feugiat tempor. Vulputate volutpat eos. Lorem sit takimata invidunt aliquip nihil illum vero voluptua kasd. Est cum quod et vel autem. Magna dolor ad aliquyam elitr sea et ea feugiat amet ex.\nElit vero gubergren dolores ea voluptua dolore vel sed gubergren no nonumy sanctus est. Diam dolore accusam diam iriure kasd invidunt magna diam gubergren no congue commodo est justo duis. Et duo justo diam no ut gubergren nam clita et ipsum nulla sed sit clita. Diam kasd duis sed augue ipsum gubergren consetetur amet. Takimata takimata eum dolore zzril. Clita et nonumy tempor. Sed sed et. Ut nulla quod dolores. Wisi no exerci voluptua magna sadipscing in eirmod tation autem sea sed sed nonumy labore. No aliquyam sadipscing consetetur aliquam eirmod stet eos velit no consequat et consequat clita. Esse vero id invidunt. Luptatum ut tempor odio. Takimata diam no aliquyam est lorem velit in quod mazim luptatum sit sed amet. Dolor voluptua sanctus consetetur clita et iusto congue nulla. Ea nonumy dolor invidunt esse takimata odio facer sea exerci diam odio justo. No kasd luptatum takimata lorem diam labore tempor no et. Sed dolor et sadipscing et lorem erat luptatum iusto et kasd sit cum accusam et erat kasd eirmod vero. Consetetur sea et aliquyam sit dignissim wisi clita ut sea ipsum stet ea ut et kasd sit erat. Sed congue et illum facilisis ipsum gubergren dolor clita ipsum kasd eos tempor ut dolore laoreet.\nLorem sed dolor esse dolores et dolore iusto ut invidunt enim. Takimata no option sea luptatum laoreet eos doming sadipscing te sed facilisi. Hendrerit sed dolor gubergren tincidunt duis erat dolore est lorem nonumy amet ex nulla nisl lorem. Invidunt ut commodo sit sit volutpat hendrerit aliquyam justo ipsum invidunt eirmod vel consetetur ut nulla nonummy at sed. Nihil nonumy sadipscing eos dolor dolor quis gubergren rebum ipsum elitr et duis invidunt eos et. Labore sit odio diam rebum accumsan delenit elitr consetetur et est dignissim lobortis voluptua est magna dolor feugiat. Et voluptua eos consetetur gubergren vel et accusam takimata et kasd dolor lorem consectetuer ea consetetur stet et. Et ea nostrud dolore ipsum erat ut vero. Et suscipit ut in eros eros duo labore kasd sit imperdiet. Nihil ipsum exerci placerat dolores id qui et sanctus dolore sadipscing dolore sit amet et accusam augue voluptua. Ut no ut lorem qui molestie blandit accusam diam eu ea et veniam mazim in ex amet est nonumy. Lorem invidunt est dolore nonumy clita ut iriure ea hendrerit. In ut tempor vero eirmod invidunt lorem eirmod takimata amet.\nStet feugait amet option lorem diam eros iusto et dolore ad at vulputate iusto consequat no takimata voluptua. Vero sit sit voluptua dolor dolore aliquam cum rebum at amet dolore illum minim consetetur. Clita diam stet accusam rebum esse accusam labore rebum dolor sadipscing tempor consequat assum consetetur feugiat aliquyam. Eirmod invidunt tempor eu sit. Ex vero dolor lorem. Takimata dolore clita. Hendrerit eos et sed sanctus nonumy consectetuer feugiat sit stet magna.\nAccusam at dolor. Sit hendrerit dolores ipsum dolor lorem et eirmod esse diam quis. Dolores takimata no magna stet consetetur nulla at et. Sed feugiat quod et et rebum. Dolor lorem accusam ipsum ea est sea augue dolor dolor eum duo. Esse aliquyam voluptua voluptua dolor diam ipsum dolores dolor voluptua sit eirmod ipsum diam. Consequat dolor iriure erat sanctus doming vel tempor diam lorem dolor dolor dolor consectetuer consetetur dolore voluptua sed. Accusam diam est dolores duo magna duis amet dolor at voluptua rebum duo sed amet sadipscing velit. Delenit kasd in takimata duo. Nam amet eirmod dolor ex nibh iusto vero erat rebum sanctus eos lorem augue at elit lobortis. Consetetur elitr diam et ea eos dolore sea dolor laoreet ut erat vero dolor. Ea kasd amet voluptua dolore iriure amet diam soluta commodo lorem et et minim sed invidunt aliquyam justo nulla.\n","publishDate":"2022-01-31T00:37:47.4280259+00:00"},{"id":3,"title":"Book 3","description":"Eos et sed dolore nam in. Dolor dolore dolor feugait vero. Magna dolor sed iusto invidunt.\n","pageCount":300,"excerpt":"Dolor aliquyam accusam dolore duo tempor rebum clita eos. Et sit labore sit sit sed. Amet rebum eirmod tation sadipscing et labore consetetur no odio illum d... (set the log level to DEBUG or TRACE to see the full content) 
 </msg>
<msg timestamp="20220201 21:37:48.972" level="INFO">${RESPOSTA} = &lt;Response [200]&gt;</msg>
<status status="PASS" starttime="20220201 21:37:46.646" endtime="20220201 21:37:48.972"/>
</kw>
<kw name="Log" library="BuiltIn">
<arg>${RESPOSTA.text}</arg>
<doc>Logs the given message with the given level.</doc>
<msg timestamp="20220201 21:37:48.978" level="INFO">[{"id":1,"title":"Book 1","description":"Illum aliquyam justo nulla diam tation diam consequat labore sed dolores consetetur eu eos consetetur doming ipsum est. Ex aliquyam aliquyam erat. In luptatum volutpat ipsum eirmod. Amet accusam kasd sea sit dolor stet aliquyam nonumy placerat accusam dolore et. Ea et enim aliquyam sed sanctus diam nisl tempor.\n","pageCount":100,"excerpt":"Sit dolores liber accusam dignissim diam sadipscing gubergren accusam sed erat kasd erat eos aliquyam diam. Et dolor dolore sed magna. Sed odio dolor in at luptatum zzril erat minim amet nihil. Aliquyam tempor no dolor nobis vero kasd clita soluta et consetetur sadipscing takimata praesent accumsan diam lorem at. Dolor justo feugiat et erat ex magna justo in sanctus clita et duis at et lorem nonumy gubergren eu. Iusto et et sit sed kasd. Illum facilisis sed eirmod sanctus lorem ipsum dolore aliquyam labore lorem nostrud elit magna vero. Est velit ipsum consectetuer qui labore duo lorem et sea. Dolor ex erat nibh sadipscing takimata consetetur diam kasd commodo duo tincidunt dolor autem ipsum in. Labore et lorem dignissim stet veniam ea et at erat ut dolor takimata nisl accusam lorem. Wisi elitr nonummy ut kasd ipsum justo diam vel labore molestie et accumsan et. Et ut et zzril no in dolore nonumy lorem et justo kasd et tation. Amet magna voluptua labore erat sanctus ipsum tincidunt placerat duo dolor nulla amet eum tincidunt magna et sit. Et justo stet vero sanctus at invidunt ipsum eros diam sadipscing sed dolor lorem erat nonumy. Nonumy vulputate ipsum et consetetur tempor sed congue amet accumsan et. Consetetur duo enim ea erat assum rebum nulla sanctus accusam no consetetur lorem hendrerit lorem lorem.\nLorem accusam sanctus ipsum et facilisis sadipscing ut sed amet eum voluptua in dolor sit no. Et eros doming feugiat gubergren zzril magna enim justo adipiscing no augue velit vulputate quis laoreet. Sadipscing sit et sed voluptua ipsum et accusam tation duo labore magna ipsum sanctus. Amet vero zzril takimata ea vel velit at tation lobortis sanctus dolore labore dolore nonumy diam erat. Duo sadipscing vero tation at sit et eos nonumy labore clita aliquyam molestie in et. Diam ex gubergren diam eos. Sit accusam te molestie in. Vulputate lorem dolore nihil lorem in rebum. Sit eirmod eos aliquam illum voluptua et ullamcorper duis nibh et et et et ut lobortis sit nulla. Vulputate sed ut clita eirmod eros dolor aliquip erat nulla et doming kasd voluptua minim. Ipsum justo ullamcorper velit veniam minim dolore diam et et laoreet magna duo delenit rebum aliquip sit. Iriure et invidunt voluptua gubergren sadipscing amet iusto et at rebum. Est nulla stet takimata et in est duo dignissim et no voluptua vel sit lorem et stet. Eu feugiat delenit accusam feugiat facer voluptua justo. Eu sanctus sea gubergren accusam rebum magna ea rebum duo gubergren consetetur consetetur dolor diam nonumy nonumy stet. Stet hendrerit nonumy augue et sed sadipscing eu lorem ea sadipscing placerat magna ut erat magna clita exerci. Molestie stet et velit. Ipsum kasd consequat sanctus ut invidunt vel elitr nonummy et gubergren sit elitr veniam tation dignissim stet. Duis dolore accusam autem feugiat dolor et sed et sit diam consetetur dolor.\nAdipiscing tation feugait eirmod accusam clita praesent accusam sit rebum et liber erat vel justo. Elitr vero diam nonumy nonumy justo facilisis sit sea at sanctus accusam invidunt ea labore duo vel. Elitr sit ipsum amet voluptua vulputate sed diam et illum stet sed invidunt dolor veniam takimata volutpat justo dolores. Tempor minim labore sea magna commodo wisi kasd labore invidunt aliquyam magna eos lorem possim erat sed at. Erat quis sed ipsum consetetur nonumy ut est ea sed erat stet rebum soluta at eirmod id ea. Clita diam duo duo elitr et nobis. Blandit dolore est dolor amet gubergren accusam takimata luptatum no et nonumy et consectetuer consetetur dolores ut. Mazim luptatum quis eu ea. Ea ex accumsan. Gubergren sadipscing invidunt option clita sanctus stet et nihil sadipscing rebum cum tempor autem sea aliquyam. Stet ut molestie dolore sit illum invidunt.\nVulputate invidunt duo kasd magna. Accusam consectetuer veniam vero et dolor kasd stet illum sanctus in exerci dolore. Sea duo eos. Dolor accusam amet dolor. Ullamcorper clita amet nonumy dolore vulputate diam ipsum vulputate augue amet dolore. Aliquyam qui sed eum ea iriure ipsum diam eos. In molestie kasd ea stet labore.\nUt ipsum ipsum sanctus sit. Stet labore te takimata accusam dolor. Ad et dolore. Eos veniam sea justo accusam lorem eum clita sadipscing et ipsum sit duo. Justo dolor duo sed aliquyam clita.\n","publishDate":"2022-02-01T00:37:47.4279409+00:00"},{"id":2,"title":"Book 2","description":"Qui magna duo autem sit accumsan erat est diam dolor at dolor suscipit placerat. At ipsum nisl lorem nostrud justo wisi kasd et nibh elitr dolor voluptua sit takimata doming in imperdiet ea. At justo iusto ipsum. Dolore stet lorem est placerat. Elitr sed feugait sadipscing eirmod doming facilisi ipsum nonumy lorem sit ut sed ipsum et. Gubergren amet qui diam.\n","pageCount":200,"excerpt":"Autem at dolore congue zzril ut feugiat dolore dolores. Quis voluptua sit vero et invidunt et sit aliquyam lorem no nonumy. Et ea lorem no diam quis eum est sit labore ut rebum dolor lorem dolore amet aliquam sit sanctus. Gubergren at ut ipsum. Nonumy mazim minim qui sadipscing et amet at gubergren lorem labore ea velit. At assum sit no accusam ut gubergren consectetuer ipsum ea est. Rebum accusam dolor in no aliquyam sit rebum tempor dolores magna vel sea rebum ad eos. Vel dolor erat. Aliquyam et dolores et et eu justo diam accumsan autem duo rebum dolores sanctus consequat eos euismod feugiat tempor. Vulputate volutpat eos. Lorem sit takimata invidunt aliquip nihil illum vero voluptua kasd. Est cum quod et vel autem. Magna dolor ad aliquyam elitr sea et ea feugiat amet ex.\nElit vero gubergren dolores ea voluptua dolore vel sed gubergren no nonumy sanctus est. Diam dolore accusam diam iriure kasd invidunt magna diam gubergren no congue commodo est justo duis. Et duo justo diam no ut gubergren nam clita et ipsum nulla sed sit clita. Diam kasd duis sed augue ipsum gubergren consetetur amet. Takimata takimata eum dolore zzril. Clita et nonumy tempor. Sed sed et. Ut nulla quod dolores. Wisi no exerci voluptua magna sadipscing in eirmod tation autem sea sed sed nonumy labore. No aliquyam sadipscing consetetur aliquam eirmod stet eos velit no consequat et consequat clita. Esse vero id invidunt. Luptatum ut tempor odio. Takimata diam no aliquyam est lorem velit in quod mazim luptatum sit sed amet. Dolor voluptua sanctus consetetur clita et iusto congue nulla. Ea nonumy dolor invidunt esse takimata odio facer sea exerci diam odio justo. No kasd luptatum takimata lorem diam labore tempor no et. Sed dolor et sadipscing et lorem erat luptatum iusto et kasd sit cum accusam et erat kasd eirmod vero. Consetetur sea et aliquyam sit dignissim wisi clita ut sea ipsum stet ea ut et kasd sit erat. Sed congue et illum facilisis ipsum gubergren dolor clita ipsum kasd eos tempor ut dolore laoreet.\nLorem sed dolor esse dolores et dolore iusto ut invidunt enim. Takimata no option sea luptatum laoreet eos doming sadipscing te sed facilisi. Hendrerit sed dolor gubergren tincidunt duis erat dolore est lorem nonumy amet ex nulla nisl lorem. Invidunt ut commodo sit sit volutpat hendrerit aliquyam justo ipsum invidunt eirmod vel consetetur ut nulla nonummy at sed. Nihil nonumy sadipscing eos dolor dolor quis gubergren rebum ipsum elitr et duis invidunt eos et. Labore sit odio diam rebum accumsan delenit elitr consetetur et est dignissim lobortis voluptua est magna dolor feugiat. Et voluptua eos consetetur gubergren vel et accusam takimata et kasd dolor lorem consectetuer ea consetetur stet et. Et ea nostrud dolore ipsum erat ut vero. Et suscipit ut in eros eros duo labore kasd sit imperdiet. Nihil ipsum exerci placerat dolores id qui et sanctus dolore sadipscing dolore sit amet et accusam augue voluptua. Ut no ut lorem qui molestie blandit accusam diam eu ea et veniam mazim in ex amet est nonumy. Lorem invidunt est dolore nonumy clita ut iriure ea hendrerit. In ut tempor vero eirmod invidunt lorem eirmod takimata amet.\nStet feugait amet option lorem diam eros iusto et dolore ad at vulputate iusto consequat no takimata voluptua. Vero sit sit voluptua dolor dolore aliquam cum rebum at amet dolore illum minim consetetur. Clita diam stet accusam rebum esse accusam labore rebum dolor sadipscing tempor consequat assum consetetur feugiat aliquyam. Eirmod invidunt tempor eu sit. Ex vero dolor lorem. Takimata dolore clita. Hendrerit eos et sed sanctus nonumy consectetuer feugiat sit stet magna.\nAccusam at dolor. Sit hendrerit dolores ipsum dolor lorem et eirmod esse diam quis. Dolores takimata no magna stet consetetur nulla at et. Sed feugiat quod et et rebum. Dolor lorem accusam ipsum ea est sea augue dolor dolor eum duo. Esse aliquyam voluptua voluptua dolor diam ipsum dolores dolor voluptua sit eirmod ipsum diam. Consequat dolor iriure erat sanctus doming vel tempor diam lorem dolor dolor dolor consectetuer consetetur dolore voluptua sed. Accusam diam est dolores duo magna duis amet dolor at voluptua rebum duo sed amet sadipscing velit. Delenit kasd in takimata duo. Nam amet eirmod dolor ex nibh iusto vero erat rebum sanctus eos lorem augue at elit lobortis. Consetetur elitr diam et ea eos dolore sea dolor laoreet ut erat vero dolor. Ea kasd amet voluptua dolore iriure amet diam soluta commodo lorem et et minim sed invidunt aliquyam justo nulla.\n","publishDate":"2022-01-31T00:37:47.4280259+00:00"},{"id":3,"title":"Book 3","description":"Eos et sed dolore nam in. Dolor dolore dolor feugait vero. Magna dolor sed iusto invidunt.\n","pageCount":300,"excerpt":"Dolor aliquyam accusam dolore duo tempor rebum clita eos. Et sit labore sit sit sed. Amet rebum eirmod tation sadipscing et labore consetetur no odio illum diam amet no ipsum tempor rebum nibh sadipscing. Molestie feugiat lorem sea at iriure est voluptua nostrud sadipscing et ut vero tempor diam et dolor gubergren at. Iusto tempor accusam consequat et et erat molestie. Gubergren et qui dolore et assum rebum facilisis gubergren consequat vel ea. Et eirmod dolor dolor et takimata et aliquyam nisl lorem ut duis. Dolor dolore sit sed dolore stet blandit et ex eos et diam sea duo vel. Mazim iriure invidunt augue eirmod tempor dolore ex aliquip hendrerit. Est iriure tincidunt duis invidunt accusam dolore dolor.\nEx ipsum diam magna. Adipiscing rebum diam option sea nonumy blandit eirmod kasd in sed tempor diam gubergren at ut accumsan tincidunt lobortis. Aliquyam aliquyam sea ea voluptua enim diam gubergren volutpat elitr commodo et. Ipsum dolore justo nibh est vel ea lorem lorem duis sed vero ut odio feugiat et. Hendrerit in dolore lorem est. At iriure velit veniam kasd quod praesent et sit nonumy lorem eros et. Nonummy aliquip sadipscing est consetetur voluptua dolor gubergren facilisis. Elitr magna justo. Duo gubergren amet gubergren gubergren vero. Labore lorem vero iriure consetetur accusam nulla consetetur. Magna kasd kasd et dolor et sit. Sanctus stet ea sea stet autem qui.\nTempor tempor tempor amet nam commodo sit magna eum aliquyam justo adipiscing amet vero sadipscing justo ea gubergren. Lorem lorem aliquip sed feugiat est sanctus nulla sed lobortis accusam eleifend ut duis et consequat eirmod sea blandit. Erat enim labore lorem dolores nulla dolore est eirmod eos justo dolor velit. Voluptua lorem est diam ut accumsan sed invidunt ut autem.\nEa duo aliquyam sed lorem ea kasd. Invidunt sea invidunt vel consetetur est nonumy eos sed. Vel eos diam ut lorem dolores sed dolor ipsum no ea elitr sed. Option aliquyam stet ipsum voluptua dolor amet eos. Nonumy luptatum consectetuer soluta sea dolore justo. Et amet est no dolores gubergren eu lorem stet stet kasd. Sanctus aliquam ad dolores nihil ipsum ea elitr vero dolor sadipscing et stet dolor magna ipsum sit amet. Clita et sea sadipscing dolor invidunt stet consequat justo nobis ipsum stet labore eirmod kasd. Molestie eirmod ipsum sanctus te vel sadipscing doming vero dolor invidunt diam in voluptua. Nihil ipsum tincidunt amet erat ipsum nibh amet elit duis dolore dolor feugait diam ut no. Invidunt rebum tempor magna volutpat diam quod kasd vulputate. Justo clita consectetuer dolores nonumy dolor. Ea sed et eirmod dolore aliquyam kasd et eos diam clita eos ea. Diam elitr lobortis gubergren dolore ut dolor magna et labore nonumy eos. Exerci lorem consetetur enim no amet ut sed accusam ea amet et dolores at no.\nVel accusam eos stet erat justo dolore diam sed eum consetetur eirmod diam takimata lorem. Kasd dignissim duo erat facilisi. Et dolores vero lorem nulla gubergren voluptua ad sadipscing nonumy sanctus praesent volutpat duo. Est aliquyam ea vel kasd amet ipsum sed odio id autem dolor facilisis sanctus eos. Nulla zzril sit lorem magna consequat feugait et et labore ea tempor sanctus dolore erat. Dolor vero takimata sed erat amet sit tempor et facilisis sanctus. Rebum stet nibh.\n","publishDate":"2022-01-30T00:37:47.4280824+00:00"},{"id":4,"title":"Book 4","description":"Autem et dolores euismod ipsum. Justo et eirmod euismod nulla sit labore invidunt ipsum amet. Amet tempor lorem. Est ipsum cum sadipscing quis dolore feugiat luptatum dolore no facilisis voluptua erat sed et kasd aliquyam. Et tempor lorem sed at sit accusam. Vulputate duo exerci vero stet nonumy. Odio elitr diam eos kasd magna rebum et nonumy sanctus et. No et stet ipsum eirmod gubergren sanctus et clita at amet et et et gubergren eros ea lorem no. Tempor dolores clita lorem rebum erat sed nonumy volutpat labore dolore esse feugiat amet. Ipsum diam invidunt magna rebum euismod et dolor elitr eu iusto et consetetur erat molestie takimata. Sed tempor stet et lorem ea duo gubergren sit et justo clita adipiscing ullamcorper sit.\n","pageCount":400,"excerpt":"Takimata lorem sed amet amet lorem ipsum possim. Ad quis feugiat labore sadipscing ipsum. Dolor sed sed velit invidunt lorem stet dignissim at dolor elitr ipsum sit. Consetetur nulla dolor zzril et takimata duis justo sit kasd kasd consequat. Et vero ipsum vero voluptua dolore lorem dolore ea esse no sea sea tempor sea. Sadipscing adipiscing lorem est sea sanctus et stet facilisi et te. Erat et voluptua duis. Option aliquyam clita lorem at dolore amet magna sit sed ipsum sadipscing sanctus rebum accusam assum wisi. Vel diam eu no no hendrerit labore esse magna kasd ut. Consetetur eum sit in nonummy sanctus dolor. Ea lorem vero vero minim vero kasd magna consequat liber in kasd et sed at sanctus dolor velit. Accusam rebum sanctus nonummy labore. Diam vel sadipscing sit erat voluptua sed sed elitr. Lorem vel takimata. Amet lorem consequat labore duo in stet est ea voluptua exerci elitr. Dolor diam ut tempor. Consetetur gubergren ut sea et ut.\nTakimata justo diam et et feugait id vero possim velit aliquyam feugiat no sadipscing. Est tempor accusam ullamcorper sanctus justo ipsum magna luptatum sea eu ipsum. Magna iriure magna no commodo duo elit sadipscing ea kasd. Ea ad augue sit suscipit dolore in magna duo ipsum nulla labore consequat duo. Rebum dolor magna takimata voluptua takimata et labore consetetur dolor nostrud accusam erat in erat. No justo suscipit facilisi sea ut sit gubergren est et invidunt et odio justo et ea. Ut ipsum nonumy assum. Sanctus sed exerci diam tempor lorem amet dolore stet vulputate est ea accusam lorem sed consetetur diam sed. Sed est kasd accusam accusam ipsum feugait voluptua takimata erat facilisis. Takimata ad ipsum et nonummy et. Dolor ut rebum ipsum invidunt autem et. Ipsum accusam tation luptatum consetetur id augue tation ut sit takimata diam duo kasd vero nonumy imperdiet ut. Ipsum invidunt dolor. Consequat sed rebum sadipscing sadipscing.\nSea dolor sanctus kasd. Ipsum magna elit ipsum consetetur dolore takimata erat eirmod ut erat tempor. Sed tation sit duo exerci dolores duo amet aliquyam sed hendrerit et dolor est imperdiet sed. Dolore ipsum ut lorem dolor takimata dolores zzril in est aliquyam ipsum erat stet dolore accusam. Magna accusam sanctus dolore invidunt nonumy sadipscing ut ut lorem elitr vero voluptua sed feugiat velit amet et eu. At gubergren blandit vel vulputate feugiat eum eirmod sadipscing quis ipsum sed nostrud amet invidunt at et elit stet. Magna ea et lorem at ut dolores ea magna augue sed gubergren ex sit diam accusam qui est. Eirmod tempor est elitr at et labore consectetuer id et ipsum dolore diam gubergren lobortis nonumy. Sadipscing stet gubergren kasd stet ad vel stet adipiscing nonumy vulputate et. Et diam dolore sadipscing nulla et takimata eos elitr amet sed consetetur at lorem dolores magna suscipit. Elitr clita feugiat. Est iriure kasd euismod dolor aliquyam vel clita dolor consetetur vero est sit stet delenit. Ea takimata congue. Sit vel ex commodo facer erat duo adipiscing eos nonumy ipsum kasd elitr sed molestie laoreet magna duo. Et et delenit rebum ipsum lorem invidunt dolore eirmod invidunt quis et ut dolore tation kasd dolor. Gubergren labore diam. Et hendrerit consequat sit rebum. Sanctus consequat eirmod rebum esse amet at ea eirmod wisi nam erat aliquip dolore magna et erat facilisi stet.\nLorem sadipscing elit et et erat sit. Consetetur dolore sit at eos et vulputate dolor option. Gubergren lorem nonumy justo. Lorem consequat lorem amet magna justo. Est et illum magna accumsan lobortis nonumy elitr dolor suscipit nonummy dignissim sed et aliquip. Eum ut at. Quis voluptua veniam. Accusam voluptua accusam no hendrerit duo labore amet diam. Elit qui lorem. Lorem est at nam vel in amet nulla amet. Amet ullamcorper soluta gubergren et invidunt delenit erat ipsum sed consetetur commodo. No duo et tincidunt dolore aliquyam sed invidunt amet ea lorem aliquyam accusam sea. Stet et dolore clita delenit nulla ad tempor dolores vero stet lorem ipsum eleifend duo zzril autem elitr.\nEirmod lorem justo erat euismod ut esse amet eirmod lorem erat erat diam tation dolores wisi. Magna amet cum rebum dolore lorem amet justo voluptua. Lorem eu cum nonumy eirmod et euismod justo ipsum dolor ipsum.\n","publishDate":"2022-01-29T00:37:47.4281647+00:00"},{"id":5,"title":"Book 5","description":"Voluptua quis ipsum invidunt nonumy ut diam amet duis erat accusam dolores facilisis invidunt vel diam. Amet gubergren dolores eos justo duo ea gubergren sed erat et esse justo duis gubergren stet. Feugiat sit eirmod clita et labore amet congue suscipit sit. Iusto adipiscing sit sea erat eu labore no ut gubergren vulputate doming. Voluptua in accusam hendrerit et erat no iriure est vero sea et laoreet est delenit. Dolores iriure stet eos et sanctus nonumy dolore no accumsan eirmod clita dolor sit. Sit sed justo clita ea ad no vero et invidunt sit praesent nisl. At eirmod vero aliquip. Duo amet diam laoreet kasd hendrerit gubergren. Sit nobis hendrerit feugiat minim eros aliquip diam in nisl blandit clita dolor no. Vero tempor aliquip eirmod nisl amet labore magna consetetur nulla aliquam sed ipsum voluptua sit sea. Eum sanctus laoreet ipsum lorem diam. Diam sanctus enim dolore eleifend gubergren facilisi ut feugait aliquip esse esse at consequat laoreet rebum. Magna et eos elitr autem kasd stet sed delenit tempor in ut duo enim takimata magna et dolor ex. Justo et ut dolor illum eirmod nonumy et invidunt lorem ea accusam voluptua. Suscipit aliquip et et kasd erat eirmod elitr.\n","pageCount":500,"excerpt":"Eirmod sadipscing sed invidunt dolore aliquip diam duo et dolores ipsum kasd magna et diam amet nam elitr. Et et ut ea nibh. Sanctus eu no suscipit accusam. Diam justo rebum vel sed sit tempor diam zzril stet aliquyam lorem no diam congue aliquam clita. Dolores eos sit diam vulputate.\nClita rebum aliquyam takimata eos consetetur eos. Dolore accusam sed sit. Invidunt ipsum ipsum dolor sed accusam kasd praesent takimata zzril tempor est accusam lorem eirmod. Kasd et duis erat voluptua erat dolore vero zzril quod duo ipsum dolor eos. Nam dolore tempor ipsum dolor in facilisis sit dolores eos nonumy aliquip amet tempor lorem qui eos sadipscing esse. Ipsum kasd eos dolore takimata et aliquyam ipsum sed soluta. Qui eum te odio iusto amet sit ipsum sadipscing et nostrud amet takimata tempor sadipscing. Clita gubergren vero. Est diam autem takimata erat. Magna sit qui sadipscing diam dolore consectetuer in lorem kasd eos et amet tempor placerat voluptua kasd justo lorem. Ea amet sed sit no laoreet. Et at elitr dolore dolor quis augue. Tempor et blandit nonumy no.\nJusto ipsum nonummy accusam facilisis tempor stet clita luptatum quis dolore dolor consetetur stet lorem cum eirmod magna. Vero ex amet molestie erat et volutpat diam. Quod diam rebum. Voluptua sit voluptua sit hendrerit velit dolor invidunt et sit dolor et lorem no magna wisi est. Clita qui velit diam dolore vero sed est zzril sea dolore duo eirmod nonumy ea. Et sadipscing invidunt dolore gubergren id vero eirmod et at consectetuer sit sanctus. Sit nibh eleifend sed sed sit magna dolore diam ipsum sit. Sea eirmod at tempor sea diam. Duo aliquip sed aliquyam et diam eros no et eirmod nonumy takimata magna duo sit. Dolores illum no commodo aliquip kasd. Invidunt consequat vel. Invidunt dolore delenit invidunt et eu sit assum rebum takimata eleifend in diam ea et qui gubergren. Delenit tempor ipsum sea ea no tempor ipsum hendrerit feugiat takimata nostrud dolor veniam voluptua. No diam ipsum odio diam diam magna erat tempor lorem esse diam justo eirmod lorem sadipscing dolore. Duo diam diam sed et velit lorem sit sit lorem. Laoreet ut ut blandit amet diam eirmod consequat vero kasd. Vero eos accusam ea in sit erat nulla. Rebum sed tempor kasd ipsum. Magna takimata illum esse nonumy vero dolore et amet amet option voluptua vero eum.\nNo sadipscing et molestie ut ut ut ipsum accusam accusam amet. Enim erat consequat vero justo euismod no. Justo justo dolore ad. Takimata ullamcorper dolore sadipscing diam. Labore voluptua et ea nibh nulla clita lorem takimata ut consequat dolores dolores stet et elit diam invidunt.\nLuptatum elit labore elitr facilisi ipsum volutpat vero sed dolor in est erat. Sea illum et no duo minim. Odio ipsum ipsum qui labore cum. Sit elitr duo dolor vel molestie tation ea elitr aliquyam. Nonumy no eirmod dolor est gubergren nonummy. Dolor erat et eirmod sed dolor clita at amet nonummy liber et eos invidunt et diam invidunt blandit no. Quod tempor sed in amet dolore sed cum liber diam dolor lorem voluptua aliquyam. Sed stet lorem eos delenit aliquam consetetur minim iusto est at vero lorem. Consetetur et est dolor nonumy. No nonummy at eirmod dolor eos sed vero justo elit duo dolor. Blandit consetetur rebum dolore gubergren aliquyam commodo amet rebum tempor lorem at vero vero. Amet eirmod dolore velit tempor wisi placerat.\n","publishDate":"2022-01-28T00:37:47.4282426+00:00"},{"id":6,"title":"Book 6","description":"Ea exerci sed sed accusam vel nonumy tempor sed stet invidunt. Et diam dolor accusam nam aliquyam sit tempor accusam. Eos ea vel clita rebum et eleifend gubergren ullamcorper clita clita euismod dolores labore. Takimata et diam consequat et vel clita eirmod tempor rebum ipsum et delenit amet esse duis nonumy velit. In ullamcorper minim elitr nonummy duo tempor vel labore vero. Est eos quis dolore et illum in erat est. Kasd tation quis ipsum ut est invidunt kasd et elit. Diam commodo quis ipsum laoreet tempor hendrerit nibh aliquyam sit et rebum lorem gubergren accumsan vero vel dolores. Dignissim kasd dolore invidunt sed. Sanctus vel et. Sit et sit takimata duis luptatum consetetur dolor ipsum. Vel et labore vero lorem et kasd eos magna gubergren. Nonumy consetetur dolor sed clita ut veniam. Lorem magna minim dolor et rebum possim dolor accumsan sed nulla magna vero. Hendrerit eos iusto voluptua takimata nobis est eirmod dolore accusam aliquam dolor eum eum. Et esse at dolore autem est eos ipsum et sit nibh ea aliquyam et dolore aliquyam enim et.\n","pageCount":600,"excerpt":"Aliquyam at ut ipsum gubergren enim sed diam facilisi sed ut consequat sea diam sed accumsan. Vel et sea dignissim lorem dolores at vero amet at et duo. Est voluptua dolor doming invidunt est sit est et aliquyam. Blandit doming sed ea aliquyam takimata. Sed tempor voluptua dolore eirmod magna dolore voluptua facilisi.\nElitr velit clita est dolore eos sadipscing rebum dolore elitr eos. Vel te ipsum adipiscing duo tempor voluptua no sed facilisis stet eirmod takimata autem et tempor. Kasd no et elitr lorem autem no duis delenit rebum duo in et no no. Et rebum in invidunt eirmod feugiat dolore vel et sadipscing vel. At dolor dolores sit suscipit feugiat clita vel takimata ea et clita diam dolore. Stet hendrerit diam volutpat consequat takimata eu tempor qui aliquip dolor rebum magna diam qui no sanctus. Takimata accumsan luptatum dolor sit tempor soluta facilisi dolore volutpat lorem ea nonummy no takimata dolore et nonumy sit. Voluptua amet kasd kasd autem duo nisl ipsum sanctus suscipit sanctus sanctus voluptua kasd. Et et dolores et et rebum. At et dolore et eos elitr et esse takimata dolore stet clita at nibh rebum vulputate eos. Commodo labore ut. Kasd dolore eirmod zzril eirmod rebum nonumy tempor ipsum nulla aliquyam delenit tempor sit. Diam consetetur quis dolor velit nihil voluptua sadipscing ea tempor voluptua erat dolore nisl. Consectetuer zzril nibh stet est magna dolore voluptua est sed ea ipsum eu dolores. Amet quod dolor rebum lorem facilisi sed. Dolores autem ut eirmod et dolor clita volutpat at illum tincidunt dolore veniam justo ut elitr sed amet. Odio velit invidunt takimata stet autem amet kasd nobis sed lorem lorem vel elitr vel quis ea justo et.\nTincidunt odio no accusam sea sit invidunt voluptua ea. Et no possim lorem dolor aliquyam sed sanctus elitr eos. Sed consetetur ipsum qui est vero duo vero gubergren et feugait invidunt lorem erat. Sed invidunt est amet rebum invidunt gubergren feugiat ea vero aliquyam tempor duo dolore eos stet diam tempor magna. Amet nonumy et diam gubergren duo dolor at takimata facilisis eos invidunt voluptua nonumy invidunt est magna. Feugait kasd dolor nostrud aliquam kasd feugait invidunt blandit in. No nisl duis. Aliquyam nulla takimata sit duo labore sit labore sea ullamcorper et justo amet nulla sanctus dolore justo. Hendrerit veniam ipsum ut ad praesent feugait vero tincidunt duo. Nonumy feugiat consetetur et sit autem dignissim erat in nobis eu vel et sanctus lorem. Gubergren enim diam augue sed duo vel kasd voluptua sed consetetur voluptua lorem at. Feugiat eum eos justo sadipscing voluptua sit lorem ut ipsum cum delenit kasd kasd stet amet. Quis lorem et dolore duo odio. Est et et sit est. Doming vero minim gubergren lorem dolores no tempor gubergren diam enim. Sanctus sed at lorem molestie sit sadipscing at rebum magna et vero. Amet no takimata. Gubergren vero ad consetetur ea sea eu tempor. Sanctus amet gubergren dolor tempor eirmod qui et.\nElitr dolor magna consectetuer sea ea diam rebum dolore sit et no feugait aliquip. Amet molestie sit nonumy accusam et rebum et lorem consetetur dolor et lorem. Ipsum sea sed amet ea ea. Delenit aliquyam liber at amet euismod vel justo dolore ipsum stet sea. Lorem esse qui dolore takimata takimata duis ut consetetur lorem elit molestie et. Facilisis dolor est sea consetetur consequat takimata justo lorem stet vel et in. Et sit dolor voluptua takimata rebum sed. Justo illum sadipscing sea lorem aliquyam tempor tation voluptua rebum et elitr labore laoreet. Vulputate facilisis sed consequat labore ut invidunt duo volutpat dolores amet duo voluptua sed lorem tempor et. Lorem hendrerit assum. Tempor vel diam. At eirmod magna magna dolores. In molestie diam wisi amet congue. Sit ipsum volutpat in diam sea kasd erat lorem vulputate invidunt imperdiet. Lobortis invidunt at at velit sea liber et vero invidunt invidunt dolor wisi rebum. Esse sit consequat voluptua accusam placerat cum in et eum sit et dolores volutpat no vel.\nEst sit possim gubergren zzril erat sadipscing sadipscing dolore accusam stet nulla eum sed sadipscing et vero. Et at sed accusam sit facilisis nam amet nulla aliquip lorem duo sit nonumy ut. Augue dolor nisl facilisis lorem. Et sit diam feugiat sed gubergren sit dolore. Et magna sanctus diam illum justo et amet voluptua accusam amet lorem tation nonumy. Est eos ipsum iusto exerci. Amet te ipsum stet erat consetetur eleifend diam et dolor amet justo et et tempor feugiat sit. Sit et at sit et est accusam facilisi vero accusam diam lorem ullamcorper sit stet sanctus lobortis magna. Delenit nonumy at praesent sea at invidunt lorem dolore in ipsum ad voluptua duis clita. Et adipiscing ipsum ipsum euismod at et accusam erat. Ea ullamcorper ipsum takimata rebum magna adipiscing tempor adipiscing tempor voluptua duis duo diam dolor nonumy invidunt. Lorem ipsum labore facilisi dolor vero minim hendrerit consetetur duo nihil eirmod dolores lorem ut aliquyam nostrud duis. Nonumy facilisis et. Velit et at. Ipsum sit sea sit eos velit ipsum dolores tation diam. Et aliquyam no quod tempor praesent suscipit hendrerit eirmod et diam tempor magna accusam sadipscing.\n","publishDate":"2022-01-27T00:37:47.4283496+00:00"},{"id":7,"title":"Book 7","description":"Enim accumsan autem nibh qui dolor diam eirmod. Consectetuer vero lorem at tempor et ipsum sit dolore et et et ut et et placerat. Magna delenit rebum diam aliquyam magna lorem aliquyam. Duis sit luptatum ea et vel est vel magna sit eum tation consequat. Duo autem esse voluptua et in consectetuer gubergren erat labore rebum nulla rebum vero voluptua nisl sadipscing amet sed. Amet volutpat dolor justo sit tation. Et aliquip option ipsum consetetur ipsum dolore autem consequat et eirmod.\n","pageCount":700,"excerpt":"Ut sea et feugiat ex et et magna dolor consetetur in consetetur diam et sea. Stet cum voluptua eos rebum lorem sea aliquyam tempor. Ut tation quod. Rebum est accusam consetetur dolores sed autem et amet. Nonumy amet velit sed sea esse dolores justo. Sit labore iusto illum. Kasd volutpat eleifend elitr. Adipiscing ut kasd erat dolor. Ipsum et soluta dolores. Lorem tempor dolores. Gubergren stet consetetur vel accusam lorem dolor consectetuer. Quod dolor hendrerit hendrerit sed labore magna sed takimata. Sanctus tempor kasd. Hendrerit clita diam labore vel ipsum et dolor takimata est. Et dolor sea rebum lorem nibh. Et accusam erat vel voluptua consetetur erat justo consequat.\nSit duis feugiat ad duo ea ut ex autem in. Suscipit mazim sanctus ipsum amet est. Lorem sit ipsum magna doming dolores sed molestie takimata sanctus duis lorem no. Sed no velit consetetur dolores nonumy nihil in dolore lorem sit sed vero elit liber augue. Lorem diam et eu clita tation tempor sit enim no labore. Duo est nibh at delenit dolore et amet dolor. Dolore eirmod erat nisl et duo lorem sadipscing. Erat clita iusto dolor diam consequat et.\nSit elitr volutpat augue. Ipsum ullamcorper lorem invidunt ea vero ipsum et stet sea. Consetetur sed accusam lorem takimata amet feugiat odio delenit sanctus et delenit. Ea dolore consetetur esse magna augue ea elitr ipsum.\nAmet et dolore hendrerit duo congue at lorem facilisis elitr et aliquam lorem. Exerci sit sit lorem lorem tation ea sed elitr blandit eirmod molestie diam sed molestie sed. Quis blandit diam placerat at tempor sea labore amet duis dolores sit. Magna diam sit consetetur assum duis diam consetetur ipsum. Luptatum sadipscing elitr consectetuer ut amet dolores. Ea laoreet option vulputate et sea wisi dolor ea ut gubergren lorem sea dolor diam in. Sed eirmod accusam sit esse labore volutpat sea magna sadipscing eirmod illum et diam et gubergren ea ipsum. Labore erat consetetur tempor feugait dolor kasd est labore cum sed illum justo ut. Eos dolore rebum wisi diam dolor et amet ut elit et duo. No sanctus nobis clita euismod vero te duo commodo amet clita amet dolor. Et laoreet ipsum suscipit aliquyam invidunt liber ipsum elitr dolor lorem voluptua in. Ea nulla justo diam illum et duis kasd dolor esse diam at est gubergren facer magna soluta delenit tempor. Enim kasd eu at diam ea tempor sanctus rebum delenit minim cum duo feugait tempor. Sed lobortis dolores blandit amet iusto magna consequat qui aliquam erat justo eos kasd ea lorem possim ipsum. Lorem elitr lorem et duo invidunt sed ea labore et suscipit sea ea dolore.\nAmet ipsum invidunt vero. Nostrud magna eos nobis nisl amet sea dolor stet no rebum autem elitr aliquip ut stet magna dolore. Diam takimata et quis ea lorem et elitr ut no. Est cum erat vero amet dolore at sit consequat magna eu stet sea. Dolor feugait eos sed sit diam. Dolores et amet eirmod sea esse no tempor lorem lorem eos sadipscing diam tempor eu. Labore nisl ut eirmod vero autem. Amet consetetur vero rebum in velit sadipscing stet facilisi justo ut velit magna labore duo soluta consetetur molestie rebum. Aliquyam ullamcorper molestie justo. Stet est nonumy at iusto dolor et dolor gubergren lorem. Invidunt odio blandit consequat te sadipscing labore.\n","publishDate":"2022-01-26T00:37:47.4284156+00:00"},{"id":8,"title":"Book 8","description":"Consequat lorem volutpat illum. No iusto no dolor dolore est tincidunt liber diam facilisis labore ipsum facer amet dolores dolor sanctus dolor. Accumsan ad lobortis eu consectetuer tempor tempor takimata stet rebum lorem diam et laoreet eirmod nulla. Vero eleifend consetetur quis eirmod amet et eos ad sanctus stet sit tation. Elitr iriure velit kasd est vulputate. Sed consequat erat amet clita. Eirmod dolor rebum dolores diam sed lorem sea. Vel assum et amet vero in. Dolore adipiscing et dolore clita takimata tempor commodo veniam dolore tempor placerat aliquip lorem lorem wisi. In magna at autem. Et sadipscing et quis et. Ipsum suscipit est sit magna ut justo diam lorem erat facilisis erat kasd dolore magna lobortis tempor.\n","pageCount":800,"excerpt":"Sanctus autem et eum lorem sadipscing. Quod diam praesent praesent dignissim qui liber invidunt qui ipsum vero liber. Gubergren ea hendrerit ipsum nonumy ea dolore ipsum amet lorem commodo nam vero luptatum.\nSed et dolore takimata clita ullamcorper elitr diam. Dolores gubergren et at ad invidunt hendrerit lorem. Veniam at sanctus in est ut te accusam. Erat eirmod kasd iriure duo elitr aliquyam laoreet aliquam stet autem consectetuer in sea exerci eros est. Sea eos tempor sit odio facilisi justo diam nonumy wisi liber amet lorem et ut ut sit nulla exerci. Sed wisi facilisis tempor lorem ipsum justo eirmod justo dolores stet nulla lorem volutpat soluta eu. Et ut accusam in quis dolor imperdiet et in nisl gubergren sanctus voluptua dolore lorem. Lorem rebum sea in amet stet elitr eirmod dolor lorem et accusam sed amet accusam stet gubergren sea. Elitr diam luptatum. Feugiat duo praesent diam in ipsum kasd dolor vero takimata veniam. Accusam consetetur eos sanctus.\nLabore aliquyam sadipscing feugiat diam rebum dolor consequat nisl amet ipsum vel clita gubergren dolores tempor. Facilisis et sanctus nobis ut et te magna magna. Amet et cum eirmod accusam consetetur dolores diam amet ipsum sit kasd eos quod nonumy blandit et. Vero ipsum et nobis. Consequat veniam vero stet hendrerit ea duo dolore lorem voluptua dolores sit. Lorem sea at lorem consetetur et accusam labore et wisi sadipscing dolore clita. Aliquam veniam est et voluptua clita erat dolores sea erat.\nAt diam lorem dolor consequat sanctus nulla vel ut sanctus dolores elitr et lorem nulla. Kasd amet magna luptatum aliquyam nihil lorem ipsum amet sadipscing et sea nulla magna amet et. Labore consetetur consetetur aliquyam tincidunt iriure liber tincidunt tincidunt et elitr commodo vel diam facilisis dolore dolor. No lorem congue aliquyam. Sed dolor diam kasd feugiat ea kasd sit kasd illum justo ut est vel. Lobortis nonumy consetetur voluptua dolore diam ut et lorem duis et et rebum. Elitr dolores feugait est ad et consequat ea dolor eos diam volutpat rebum aliquyam facilisis duis duis dolore magna. Et molestie est et nonummy duis et at sea autem ipsum tincidunt magna quis justo. At rebum ut wisi voluptua invidunt invidunt. Et est erat kasd no lobortis ut vel consetetur tincidunt odio justo kasd. Dolor dolores zzril illum diam ipsum dolor imperdiet clita aliquam eu clita labore dolore dolor adipiscing. Invidunt consequat qui dolor ut dolore nulla justo aliquam ipsum nobis gubergren lorem. Dolor sanctus elitr duo elitr lorem sadipscing no et eros elitr blandit lorem sit ipsum aliquam justo erat. Eirmod justo nisl sadipscing duo. Labore takimata ea eos vero consetetur.\nNulla eirmod diam dolore ea sanctus feugiat. Sadipscing duo elitr gubergren accusam et elitr accusam ipsum nonumy et ipsum eirmod facilisi exerci nihil. Consetetur takimata dolor sanctus aliquip sadipscing ad erat ut. Justo vero sea est minim lorem ipsum elitr nonumy ut. Ipsum dolor duis consetetur clita sit. Gubergren minim vel vero ut eirmod et enim magna et tation accumsan amet aliquyam ut te nonumy kasd erat. Possim ipsum takimata ea clita dolor erat elitr tempor erat duo duo autem ut dolor. Accusam consetetur amet et ut amet eos at qui eu nonumy. Dolores diam id sit. Est in kasd sanctus lorem ut rebum no quis stet sit ut nonumy elitr magna vel stet est. Veniam ut sanctus. Voluptua dolore eum erat takimata sit at. Consequat dolores et sadipscing ea diam ut dolor ipsum liber kasd hendrerit eu. Dignissim delenit sanctus. Amet eirmod sanctus option diam dolores dolore vel ut et exerci sit takimata elitr esse qui.\n","publishDate":"2022-01-25T00:37:47.4284842+00:00"},{"id":9,"title":"Book 9","description":"Sit ipsum nostrud sed consetetur eirmod et est consequat adipiscing diam. Eu et aliquyam eos volutpat invidunt et accusam voluptua nostrud erat dolor lobortis sadipscing diam ipsum vel assum amet. In stet illum sea eros no at duo takimata labore aliquyam ipsum justo magna sit elitr accusam vel nam. Vel consetetur magna sanctus in takimata molestie ut diam accusam tempor sea. Rebum magna et et et. Nostrud eros lorem sit elitr et dolore eu et dolor qui magna. Dolore et amet consequat. Sit in ex est consetetur diam tempor. Magna lorem lorem erat commodo voluptua lorem justo. Voluptua sadipscing dolore diam. Sea iriure ipsum eirmod iriure facer ipsum voluptua dolor elit labore consequat et ut diam sed et. No consequat eos dolore dolor est. Elitr dolore accumsan nonumy velit voluptua amet vel consetetur illum kasd. Nonumy volutpat kasd sanctus lorem veniam est illum dolor takimata ut autem dolore clita aliquyam nonumy sanctus stet.\n","pageCount":900,"excerpt":"Consetetur justo duis lobortis vero tempor clita. Ea sanctus no et consequat et quod magna diam accusam tempor blandit. Hendrerit volutpat ut ut erat dolor diam sadipscing diam. Magna tempor illum aliquyam justo dolores hendrerit in. Dolores vero magna laoreet ipsum vel amet eirmod justo ipsum sit. Voluptua sed voluptua et labore veniam vero nibh et. Justo nibh velit sed ut justo eirmod et ipsum. Luptatum et amet kasd tation consetetur eirmod diam gubergren eos elitr consetetur ea duo lorem amet. At consequat eirmod justo no dolor kasd diam vero nonumy et sed tation sit.\nSadipscing justo sanctus elitr ipsum et nonumy in dolores sit nonumy. Sed eros justo eos justo dolor clita dolor diam labore takimata accumsan soluta nisl et. Qui autem in eos sed in. Et ipsum ipsum sea gubergren consectetuer dolore ipsum. No est dolor delenit lorem aliquyam invidunt erat eirmod clita sadipscing sadipscing kasd. Tation iriure labore dolores eos blandit est vulputate labore luptatum lorem tempor at. Velit accusam aliquyam nulla dolore doming duis congue sit ipsum sit tation. Sed gubergren illum dolores lorem stet aliquip ea. Tempor ea takimata et eros dolor lorem tempor dolor blandit accusam dolor diam sit. Duis quis ut luptatum no clita delenit wisi sit sed diam minim illum kasd velit lorem hendrerit est. Amet diam elitr consectetuer duo eos gubergren vel nulla et invidunt diam. Elitr minim iusto eirmod ut amet est. Duis praesent eos sadipscing. Volutpat lorem justo accusam duo consequat dolore vel in. Est diam et ipsum.\nSanctus eirmod ipsum rebum nonumy takimata eos quod. Rebum sea wisi nibh. Vulputate justo accusam aliquyam eum vulputate eum tempor lorem nonumy. Voluptua consectetuer facilisis velit gubergren vulputate et voluptua. Nam ea et rebum gubergren ipsum dolore facilisis justo ipsum velit clita et sed sed. Nisl sed takimata nonummy eos. Et elitr ea rebum ut veniam sea elitr duis quis sit labore consetetur sanctus feugait sed. Eos nulla facilisis dolores. Ea dolores lorem dolor lorem duis eirmod no feugait at dolore tempor dolore. Consetetur sit ut assum ut sed facilisis erat ut et dolor. Diam facilisis et eum. Nulla dolores facilisi. Sit gubergren clita. Facilisis ipsum eirmod sit enim sed et et elitr labore nobis vulputate et no eirmod justo takimata. Et congue lorem ut eros voluptua et no iusto ipsum at. Dolore tempor minim magna erat voluptua aliquyam diam praesent dolore. Labore ut imperdiet ad dolor lorem justo dolor esse et lorem nonumy.\nIpsum amet clita ut vero ex ut. Nonummy in lorem at lobortis erat stet duis erat amet vero sea enim molestie. Feugiat ipsum gubergren tempor vulputate at at nostrud dolor labore esse takimata rebum tempor voluptua elitr sea dolores vero. Takimata sit diam sed hendrerit et eirmod tempor lorem erat vero dolor dolores magna nobis nam. Amet duis dolores duo diam ipsum hendrerit et velit lorem sanctus iusto takimata ut sed tempor ipsum vero diam. Blandit autem at invidunt diam ad dolores sadipscing voluptua eos blandit eros justo. Nonummy duo gubergren est rebum lorem. Sed amet labore commodo labore sed eum et no tempor diam vero tempor stet commodo elitr magna. Eos ut ipsum exerci minim option nulla duo erat elitr et autem consetetur nonummy kasd labore clita dolor sed. Laoreet justo eirmod facilisis dolores tempor stet clita praesent labore at. Erat elitr aliquyam stet eirmod augue. Ut et ea clita lobortis sed stet dolor id quis invidunt dolor qui sit imperdiet accusam.\nDiam iriure at tempor amet invidunt facilisis sit stet et. Zzril et stet duis. In illum consetetur diam labore ipsum lorem. Duo vulputate nulla eos sanctus nonummy et est et vel labore duo feugait consequat. Aliquyam dolores eirmod rebum vel elitr consetetur. Vero dolore sed kasd ea sed et diam labore dolor dolore dolor dolor et ea kasd. Gubergren dolor iriure ut sed magna ipsum sea consequat. Consetetur minim diam diam molestie eos consetetur nisl sit ea feugiat blandit vero tempor sit amet autem ut magna. In sit sadipscing feugiat ea eum amet imperdiet dolor suscipit eirmod lorem stet rebum nonumy et at dolor sit. Sed dolores justo sit eirmod option ipsum hendrerit blandit diam lorem sed. Facilisis sed sadipscing. Kasd diam dolor vero ipsum at nostrud gubergren diam vero autem. Ut et sadipscing takimata dignissim augue magna ex aliquyam possim amet kasd at diam aliquip sit gubergren. Dolore lorem dolor veniam et clita. Tempor eu sadipscing gubergren liber kasd at ipsum autem amet sanctus kasd in at dolores blandit kasd. Sed diam sea dolores accusam est sea amet amet vulputate takimata dolor placerat nonumy. Takimata et dolor adipiscing facer ullamcorper at et iusto aliquyam clita duis diam in accusam praesent. Ex ut te. Et tempor nulla tempor dignissim sanctus kasd justo vel consetetur sed amet delenit magna no autem.\n","publishDate":"2022-01-24T00:37:47.4285774+00:00"},{"id":10,"title":"Book 10","description":"Ea eum lorem assum velit. Tincidunt ut kasd augue sea justo et takimata diam diam nonumy erat. Id justo nisl dolore et vero liber et. Nostrud vero stet labore dolores. Eleifend lorem sanctus amet ut magna. Velit consetetur lorem sea sed diam ex diam aliquam voluptua dolore lorem. Dolor lorem erat vero delenit magna takimata ullamcorper in. Vel takimata ipsum wisi sanctus dolore et nonumy. Nihil stet aliquip takimata illum rebum dolor at dolores in tempor dolore consequat feugiat takimata amet. Ipsum magna consequat ipsum at et sadipscing possim vel ipsum ullamcorper sed clita. Soluta esse invidunt euismod amet et. Sit kasd dolores stet. Dolores accusam sadipscing labore eros sit eirmod eos sed nonumy dolore vero eos et lobortis dignissim. Gubergren suscipit dolores lorem lorem lorem facilisi lorem sed in consetetur nonummy eos accusam diam. Labore est eos sit commodo sit quis hendrerit exerci luptatum stet. Kasd dolor elitr clita est no sit kasd invidunt ea duo ipsum.\n","pageCount":1000,"excerpt":"Invidunt eos stet amet est justo dolor eos assum aliquam. Elitr et autem sed sit ea sit diam est. Nonumy et feugiat eos ipsum justo voluptua enim illum. Suscipit voluptua consetetur no et voluptua nostrud duis amet. Tempor adipiscing iusto clita eum tempor lorem et sed ipsum sit dolore. Ea ipsum nonumy magna in accumsan lorem vulputate feugiat lorem dolor magna zzril diam eirmod. Et ipsum aliquam ad magna et et tation et vero. Et voluptua eos eum volutpat no imperdiet erat nonummy dolore consetetur et. Sit et diam. At dolore ea gubergren lorem cum est sit dolor. Dolores lorem nisl dolor aliquyam stet rebum et duo sanctus no sit est et dolor elitr.\nZzril consectetuer duo ipsum sea lorem sit nonumy clita sit. Amet justo nibh sea dolore. Magna at nonumy ipsum elitr eos duis consequat labore dolores nihil te sit stet vero est dolor. Doming ea duo accumsan lobortis autem sed et dolor et minim. Commodo tempor dolor diam et duo consetetur vero ut diam ut sit invidunt eleifend justo euismod kasd est eros. Ut voluptua stet duis euismod takimata invidunt ad takimata et voluptua at duo. Justo eros et nonumy dolor takimata clita duo aliquyam wisi te labore et sea eos erat. Ut sed eirmod rebum labore eos kasd magna gubergren zzril feugiat et ut amet amet feugiat ut. Imperdiet vero sed no dignissim est diam aliquyam erat. No ut nonumy accusam. Blandit ea et nisl accusam ad dolor wisi no eirmod. Rebum dolor amet dolore minim ipsum sit autem dolor tempor diam blandit dolore erat mazim. Iriure aliquyam accusam euismod est no amet ad consequat placerat dolor consequat rebum no. Justo et stet diam gubergren ut dolore diam vulputate ea et nibh diam eros adipiscing sit at erat. Sea justo liber elit et est invidunt stet duo vero diam nonumy adipiscing sit. Sea nihil sea eirmod vel eos eirmod sed aliquyam eros iusto.\nSed ea lorem et tempor accumsan sit lorem vel nostrud quod ut vero et. Et luptatum id stet consetetur consequat aliquam tempor dolor diam ea sit nulla lorem. Et kasd diam ex eos dolor sit. Wisi sanctus sit iusto dolor nonumy consectetuer dolor at ut accusam sea ea et dolores ut takimata facer. Clita nisl diam vero sadipscing vulputate. Ipsum sea no takimata lorem diam zzril eu. Ea dolor in vero.\nSit diam amet molestie sed tation esse magna et in nobis takimata in dolore sed aliquip. Et dolor dolores est diam dolor ut iriure tempor aliquip invidunt et elitr et minim nulla luptatum dolor et. Accusam ex dolore sit et ut ipsum gubergren ipsum sit ipsum. Rebum consequat ullamcorper et zzril at sea tempor sit elitr dolor no lorem. Amet nonummy invidunt vero esse kasd iriure diam amet illum accusam gubergren vero at lorem duo sed dolore nisl. Takimata nonumy at nulla. In quod dolor nonumy ipsum ea et consequat clita ipsum velit magna amet tation luptatum qui invidunt ut voluptua. Dolores dolor et soluta et sit et dolore diam ipsum dolor ipsum sed augue dolor iusto option tempor. Magna lorem adipiscing magna placerat duis odio minim mazim ipsum diam et est. Hendrerit zzril velit tation minim mazim dolor dolor et rebum et nulla lorem. Ad quis sadipscing lorem lorem nonummy consetetur dolor invidunt dolor kasd dolor dolore ipsum sadipscing tempor. Illum sea erat cum dolor elitr sit eirmod rebum voluptua aliquyam dolores duo at dolore clita. Lorem dolore no invidunt est suscipit est placerat nibh kasd. Feugait dolor consetetur vero nonumy stet eu amet et illum wisi ipsum dolor dolores. Tempor rebum et qui sanctus sed sed no lorem sed sed. Consequat duis amet stet diam aliquyam eum duis praesent kasd magna ullamcorper est feugait et aliquyam sit. Clita kasd duo dolor est sed vero at sanctus sanctus illum aliquam no amet. Magna invidunt labore sit iusto et eos dolor velit ut justo stet clita delenit erat id.\nEst lorem sit stet te nibh no velit kasd sadipscing nonumy vero amet takimata et. Eos nulla duo nibh ipsum et sea te ipsum et ea diam autem amet. Aliquyam diam rebum est dolor sit duo no dolor et ipsum est aliquyam sit sed diam et sadipscing. In et diam lorem consetetur accusam sed facer lorem consetetur aliquyam. Sanctus dolores et. Iusto ea magna justo eirmod sanctus lorem facilisis est ea erat nonumy. Et voluptua dolores ex lorem lobortis invidunt lorem diam magna ut gubergren erat. Zzril vero dolor liber tempor iriure duo invidunt nostrud amet diam est ut nulla magna amet stet sed eum. Ipsum dolores adipiscing sit takimata nulla magna vero dolore erat clita no no eirmod soluta est feugiat.\n","publishDate":"2022-01-23T00:37:47.4286692+00:00"},{"id":11,"title":"Book 11","description":"Amet enim sit invidunt et rebum lorem ut sed eos erat takimata gubergren rebum tempor esse vel sea. Et et stet euismod elitr sed in magna sit eu takimata at invidunt aliquam. Dolore nostrud ipsum eleifend no dolore gubergren kasd lorem dolores lorem eos diam amet et dolores est quis. Eu amet ut ut tempor sanctus sed et ipsum tempor et et sadipscing liber clita ea mazim.\n","pageCount":1100,"excerpt":"Duo sit et enim gubergren sed nonumy nisl dolores invidunt vero ea sit clita sed tempor eos nihil. Dolores te magna erat ullamcorper. Kasd justo gubergren dolore ea aliquyam lorem ipsum sea autem. Nostrud est vero facilisis ipsum labore aliquyam. Delenit eos odio aliquip molestie wisi augue tempor delenit ipsum et tempor dolore consequat. Ad nostrud erat est. Sanctus no duo sadipscing dolore minim consetetur diam aliquam ut sit quis labore accusam sed. Doming et vero ea velit exerci sit at ullamcorper facilisi. Erat amet aliquyam dolores duo. Erat at nam est ad. Consetetur no erat delenit ipsum consequat no lorem duis mazim tempor duo sed in. Et stet eum eos dignissim at minim magna. Et duo ipsum vel sanctus rebum lorem.\nAliquyam rebum consetetur ea clita tempor clita eum tempor labore ut clita clita ut voluptua kasd dolor diam stet. Sea accumsan duis sed at takimata erat dolore magna magna. Nonumy est ut erat at. Dolor sit vero sea sea sea adipiscing consetetur autem stet hendrerit. Velit feugiat invidunt sed magna ut et justo lorem nonumy tincidunt at. Amet takimata clita dolores takimata nibh eos. Amet amet doming nonumy invidunt adipiscing et magna labore sed quod eirmod est iriure ipsum kasd. Et eum lorem. Dolor clita voluptua et imperdiet ut labore sit voluptua et sanctus feugiat consetetur amet et no sit.\nSea nonumy rebum eum magna justo no ut tempor sea. Et aliquyam consetetur vero elitr amet ut eos vero sea eu justo. Dignissim eirmod tincidunt nonummy consetetur ut odio option et nonumy aliquyam lorem iriure sit amet vel ipsum et lorem. Quis no at ut. Nulla et dolore diam ea eleifend amet qui sanctus diam dolor nostrud rebum tation lorem molestie. Consequat elitr dolor lorem. Dolore velit diam eos ut dolores dolore ut kasd eum nulla vel clita erat.\nJusto ullamcorper ut justo eirmod exerci dolor voluptua magna aliquyam lorem amet accumsan te dolore tempor ea dolor duo. Dolor sed delenit diam. No dolore dolor et molestie vero sit diam. Enim lorem stet sit sed.\nLorem et accumsan duo eu elitr luptatum ipsum diam. Eos diam sit molestie sed sed sea ex congue vero. Diam tempor sanctus lorem consetetur accumsan magna rebum diam ea sanctus elitr sit nihil sanctus diam no. Dolores dolore amet. No aliquip takimata consetetur sit. Clita est qui sadipscing invidunt justo autem dolore qui. Takimata duo magna. Lorem quis dolores dolor wisi. Eos sit dolore sed magna sed diam magna diam laoreet sit ea consequat augue amet ea no stet. Diam ipsum mazim diam amet consectetuer amet magna dolore sadipscing rebum dolore kasd gubergren et minim veniam facilisi sed. Consetetur dolore dolor est dolor justo takimata. Sanctus duo zzril et ipsum sed takimata elitr. Elit diam dolor ea facilisis est lorem adipiscing nonumy ea. Et sit sea dolore diam molestie eum iriure minim labore consetetur diam accumsan doming. Rebum erat dolore consetetur accusam tempor magna rebum magna nonumy sadipscing dolor. Kasd delenit et sea erat vel ipsum est euismod. No diam sed clita vel sea invidunt diam sed aliquyam est diam no ex consetetur consequat ipsum. Tempor diam eos dolor molestie dolore labore et congue ipsum eros eirmod dolor qui est.\n","publishDate":"2022-01-22T00:37:47.4287397+00:00"},{"id":12,"title":"Book 12","description":"Magna veniam at tempor erat. Sed volutpat nonummy autem nonumy invidunt elitr. Et sed lorem blandit dolore rebum clita molestie stet diam diam augue labore qui dolor sea cum.\n","pageCount":1200,"excerpt":"At accusam ut imperdiet dolore molestie feugiat amet autem gubergren aliquip delenit. At diam tempor et sadipscing et justo diam. Invidunt lorem lorem diam vero. Vero dolor et sed lorem est vel. Invidunt invidunt consequat ipsum dolor. Dolor nonummy nibh. Dolores sed consetetur ea sed rebum sit et sed dolore lorem ut. Autem quis ut tempor sadipscing accumsan facilisis amet accusam tincidunt labore aliquam est wisi eu lorem. Consetetur nonummy eos duo no nobis ea duis diam et nonumy lorem consequat aliquyam dignissim lorem eirmod lorem. Duo nobis elitr duo stet invidunt dolor. No enim eos enim sanctus amet duo. Vero dolor rebum hendrerit sea dolor vero lorem lorem tincidunt sed takimata. Consectetuer accusam sit ad lorem illum. Dolor accumsan kasd eu stet ipsum nulla lorem dolores laoreet labore. Amet in sea nobis mazim sed ut dolor hendrerit nonumy amet vero erat et sit sit consetetur. Dolor ut in sea sanctus ipsum tempor eu. Est id eros invidunt ea sed est eos accusam magna lorem nulla labore.\nDuis vel eum esse. Eos dolor et aliquam autem. Dolore sed at ut sanctus nulla gubergren dolor nulla sed et. Ut ea at dolor facilisis iusto sanctus dolor augue dolore quod gubergren ullamcorper diam. Iriure ipsum ipsum ipsum eirmod gubergren minim exerci diam dolore voluptua et et autem stet justo lorem dolore. Elitr et sed eirmod at nulla magna consequat eos consectetuer diam et. Sit minim et ipsum duis vero diam sadipscing et voluptua ipsum blandit sea. Ut labore kasd sadipscing. Sea magna clita diam praesent ea sit dolore sed. Ipsum eos amet. Clita suscipit elitr luptatum labore dolore diam est aliquam aliquam wisi hendrerit. Dolore wisi vel dolor aliquyam sea aliquam sanctus stet diam in vel labore feugiat eirmod odio aliquyam justo. Lorem dolor autem dolor elitr commodo diam dolore clita suscipit. Sit nonummy no amet stet sanctus eum. Sadipscing et nulla aliquyam adipiscing eu erat ut. Erat nonumy labore possim aliquip clita hendrerit dolor ullamcorper sit est nulla. Te sea blandit esse takimata sea vero vulputate duo et dolor magna feugait lorem takimata. Gubergren eos nonumy volutpat volutpat. Justo accusam takimata ea illum esse elitr voluptua velit esse est dolor eos nisl kasd.\nErat iriure augue kasd takimata accusam takimata takimata sadipscing dolore aliquyam dolore sed illum stet liber. Justo dolor nonumy diam vero vel consectetuer veniam sed in diam in rebum amet. Doming ipsum no esse et sadipscing et consequat magna minim no nam sit veniam dolore lorem sed wisi. Ipsum autem est erat est gubergren et blandit clita stet lorem amet et kasd justo amet tincidunt takimata. Dolore magna dignissim wisi dolor consequat elit rebum clita sit ipsum velit ut diam. Sit illum vulputate. Nisl facilisis sanctus mazim lorem in et clita aliquyam et. Enim est at commodo dolore invidunt dolor labore nibh luptatum takimata amet erat. Stet placerat rebum eos eos justo takimata. Ea sanctus facilisis elitr nisl et sed delenit ut aliquip et. Amet elitr diam nobis. Clita quis ipsum rebum sea dolor et voluptua accusam dolor dolor duo accusam feugiat sanctus et. Nonumy et et. Ipsum dolor sanctus clita zzril dolore eos invidunt est accusam quis erat sed tempor ipsum gubergren rebum sea. Duis et sit feugait magna iriure erat eirmod et et rebum ipsum. Sed est dolor duis.\nSea at gubergren nonumy labore et dolor nisl veniam diam ut kasd facer dolore ad consetetur vero. Voluptua at dolores dolor eu takimata ea elitr duo accumsan sit lobortis eos. Sit rebum aliquyam ea sit diam esse ut clita eirmod dolore erat zzril kasd eos accusam gubergren. Dolore justo tempor kasd amet nostrud sed ipsum at sadipscing dolor nonummy accusam lorem est at. Sanctus dolor kasd mazim dolor kasd duo rebum sit molestie eirmod et ipsum dolor ipsum eirmod eleifend et lorem. Tempor clita aliquyam at. Dolor sadipscing sanctus lorem duo. Diam et dolor elit duo option exerci ut tation justo justo ut. Eos eum accusam sed est erat aliquyam dolor ut ut eos lorem eum est te amet justo clita in. Dolor ea adipiscing sit odio erat dolore eirmod vulputate ea accusam invidunt nonumy no aliquip invidunt. Dolor volutpat at clita ut nonumy sed eum diam et amet dolores sed dolor takimata no. Vero no kasd et ipsum sadipscing autem amet in justo dolor eirmod no aliquip. Exerci zzril praesent quis. Et et at sed diam at sanctus et accusam. Vero rebum diam facilisis diam placerat takimata gubergren dolore diam.\nDuis et sadipscing feugait molestie ipsum sed nulla no invidunt et sanctus clita. Labore commodo aliquyam nonumy invidunt et eu elitr elitr amet gubergren ipsum amet magna labore. Labore dolore est invidunt nonumy lorem duo duis stet. Dolore ad sed vulputate et et dolore ipsum nisl in aliquyam eos elitr in sit dolore. Eu ea takimata feugiat consetetur consetetur qui ipsum molestie sit voluptua justo aliquyam dolor lorem sea ut. Ea amet dolore dolores eirmod zzril sit accumsan eros kasd sed. Ipsum ut amet eros est sit rebum sanctus. Ea ullamcorper molestie dolore lorem sanctus aliquyam vero invidunt rebum. Takimata sit ut volutpat voluptua stet te elitr et accusam vel et.\n","publishDate":"2022-01-21T00:37:47.4288386+00:00"},{"id":13,"title":"Book 13","description":"Laoreet ut sit diam duis ea. Erat accusam minim clita congue labore ut ullamcorper kasd dolore diam duis rebum dolore sit lorem et. Veniam nulla et nulla. Enim aliquyam no sea dolore ipsum vel invidunt diam lorem labore consetetur. Aliquyam elitr sit erat sea dolores sit nonumy eirmod erat sed exerci euismod diam. Tempor ut tincidunt et esse ut dolor lorem ea voluptua dignissim amet ea sed. Vel at sea amet sadipscing facilisi aliquam kasd aliquip est nisl. Justo labore invidunt enim voluptua dignissim sit invidunt sed sadipscing dolores ut. Elitr gubergren diam dolor ullamcorper sanctus. Ipsum eos dolores soluta amet nonumy consectetuer at zzril dolor vero sit dolore dolor vel. Dolore tempor erat laoreet accusam est.\n","pageCount":1300,"excerpt":"In ea amet magna consectetuer te ea amet lorem eos et doming labore dolor. Ipsum justo blandit accusam eirmod ea amet placerat te nibh amet delenit vero sea. Diam elitr nonumy clita no diam sadipscing et dolor sanctus dolore erat duo vero sit dolor option aliquyam. Ut nisl iusto. Adipiscing et nulla kasd invidunt diam tempor. Diam blandit labore sit lorem takimata est sadipscing aliquip hendrerit ipsum nisl et vel sed eu rebum. Vero sit sit lorem. Facilisis vero dolor eros sadipscing ut odio facilisi no.\nIllum amet labore magna. Quis consetetur ut aliquyam labore duo et cum. Clita at sit sea dolore et zzril diam et nibh eos nulla aliquyam minim sea labore sit ad. Et dolor amet amet illum sit rebum.\nEuismod dolor lobortis takimata. Nonummy magna takimata at. Diam ea sed doming sed laoreet no dolor ipsum luptatum consequat voluptua. Invidunt eirmod sanctus tempor dolores kasd sit et gubergren magna amet erat luptatum duo dolore facilisi labore. Et vero suscipit invidunt consetetur dolor clita blandit takimata feugait gubergren et. Amet takimata dolor duo. Iriure invidunt rebum ipsum erat lorem consetetur erat et et facilisis eos id erat doming ipsum. Nostrud eum tempor kasd magna et amet cum tempor sanctus. Ipsum stet accusam rebum erat stet dolor dolor et ut congue sanctus mazim rebum diam accusam.\nEt ea possim commodo ut iriure sanctus illum no ea sea ea no elitr quod exerci diam aliquyam consetetur. Justo magna eos nihil labore sed ea facer stet dolor vero sit. Erat et sed eum tempor esse diam elitr eirmod lorem luptatum lobortis lorem lorem takimata adipiscing aliquyam tempor dolor. Dolore eum labore aliquip. Ad et minim. Duo clita in minim tempor eum lorem ut et diam ipsum duo at invidunt te luptatum. Zzril in in no. No et justo accusam esse tempor nulla aliquip in kasd elit takimata. Iriure consetetur sit. No ipsum aliquyam ea ipsum et no consequat diam at ut ipsum et sit nonumy. Ex lorem enim mazim vel sea ut consetetur aliquyam qui tincidunt suscipit dolores kasd tempor sanctus. Dolores eu eirmod erat praesent consetetur nulla. Dignissim consetetur augue aliquam nobis dolore iriure in rebum dolores sit te iusto ad sit est invidunt lobortis. Facer et duis dolor accusam nihil sadipscing erat dolores sit dolor tempor feugiat gubergren illum. Rebum duo diam sed. Dolore rebum dolor magna amet iriure sanctus amet feugiat sit consetetur rebum ipsum justo et accusam magna in. Sadipscing lorem sadipscing facer amet ipsum consetetur aliquip sed sit tempor molestie erat laoreet ea exerci tation sit. Sanctus duo ipsum dolore invidunt wisi dolor et magna sed accumsan no et diam magna.\nEirmod sadipscing ut praesent invidunt sanctus et lorem sed rebum rebum sanctus dolore sed labore at adipiscing lorem. Takimata lorem sea et et et stet kasd amet sed eirmod te duis eos. Clita ea nulla congue et tincidunt tempor illum euismod justo in dolor commodo elit nostrud labore labore facilisi. Duis at rebum et et gubergren. Sit dolore sea elitr nonumy ea duo clita sadipscing ut ad invidunt. Et et magna dolor ipsum aliquyam in et magna sed sea est duo voluptua dolor nonumy. At quis nonumy ipsum magna. Te labore minim justo ut consectetuer stet vero aliquyam dolor suscipit. Nibh invidunt stet duo tempor ut sed et nulla sit et lorem nonumy magna aliquip invidunt at amet sit. Sed dolores no duo est euismod tincidunt diam at velit amet.\n","publishDate":"2022-01-20T00:37:47.4289045+00:00"},{"id":14,"title":"Book 14","description":"Justo duo sanctus euismod nonumy nibh in nostrud qui erat gubergren ad sit. Doming ut labore labore hendrerit dolor nonumy erat gubergren rebum nonumy rebum nulla amet rebum gubergren diam vel. Accusam ipsum liber duis nulla clita sadipscing nonummy ipsum. Molestie erat eos no vero sed consequat feugait ipsum dolore voluptua sadipscing sed. Ullamcorper labore magna amet sadipscing eos diam nulla diam aliquyam vero dolore nonumy iusto diam et sit eum invidunt. In sit est est sanctus et dolores commodo tempor ut kasd. Sed nihil invidunt sadipscing aliquyam dolor labore facer ea aliquyam. Eum ex hendrerit eirmod vulputate volutpat dolore dolor stet vero. Lorem erat feugiat diam vulputate sadipscing rebum eros erat vero. Diam esse kasd invidunt dolores et dolore sed delenit in. Invidunt dolore et adipiscing sed diam labore dolore lorem congue invidunt in. Sea rebum dolor lobortis sed voluptua justo diam erat lorem sed est doming lorem duis sanctus ipsum dolore tincidunt. Diam ut dolor laoreet sadipscing ea diam eros dolor duis diam dolore sit dolor erat ipsum odio kasd. In dolores labore vel nibh at nonummy consequat vero ut dolore erat diam feugiat nonummy et. Et stet rebum at et nonummy aliquyam invidunt rebum aliquyam sea.\n","pageCount":1400,"excerpt":"Vel lorem sadipscing. Diam dolor sadipscing erat in ipsum adipiscing duo dolore at ipsum autem stet diam. Erat sit invidunt feugait veniam kasd ad suscipit aliquam sadipscing dolore justo. Ullamcorper eos est ipsum liber accumsan elitr nulla diam eos consetetur. Facilisis at in. Dolore vulputate sit lorem assum in nihil veniam iriure duis. Mazim gubergren nonumy et erat sea et diam dolore ipsum amet sed diam ut sea euismod. Et dolor amet. Diam lorem facer est te vero aliquyam stet vel stet ea elitr ut amet et. Ex wisi sanctus congue ipsum sea diam kasd sed kasd dolore nonummy. Et sit ut. Takimata commodo veniam ipsum ea diam labore ut. Ipsum diam dolore. Nulla ad aliquam sadipscing diam erat in accusam stet dolore feugiat takimata enim ea sed et. Amet dolore volutpat lorem. Et tincidunt odio esse sed voluptua stet ut gubergren sit. Sed ipsum ut sea lorem stet facer minim et ut illum aliquyam facilisi erat laoreet elitr amet et.\nElit et labore consequat amet nisl elit duo et sea invidunt et ut voluptua. Duis in sea elitr takimata accusam dolor vero ipsum consequat stet rebum. Magna stet clita justo sanctus lorem labore et duo sit stet ut iusto ut consequat et ipsum kasd. Dolore consetetur at dolor suscipit vero dolor tempor. Dolor magna sit et hendrerit.\nIpsum augue labore praesent invidunt at est dolor diam ipsum sea ipsum ut tempor. Aliquam odio duo duis diam stet sed. Erat no sanctus assum takimata esse. Erat gubergren gubergren kasd nulla dolor. Amet id nam eos dolore clita consetetur commodo at kasd feugiat takimata nibh ipsum et elitr. Ea ullamcorper at eirmod mazim stet voluptua dolor takimata diam. Feugiat sadipscing est takimata invidunt duo facilisis placerat consetetur tempor dolore dolores. Duis ea amet gubergren amet sadipscing accusam delenit dolores iriure nibh et erat. Odio dolore dolores at voluptua accusam at ut nisl vero volutpat accusam aliquyam accusam quod lorem. Enim in ea amet sed duo clita ad stet dolor dignissim eos sit tation.\nIpsum est no in clita sanctus amet ipsum ut kasd facer sea aliquyam nonummy amet sanctus volutpat. Stet sit vel invidunt eum ipsum nonumy consetetur clita et nonumy odio blandit rebum ipsum stet sed. Labore takimata accusam voluptua congue stet blandit dolores diam molestie accusam dolor accusam option ea vero vel quis. Amet aliquyam veniam esse labore nibh at. Est consetetur hendrerit feugait et tempor eirmod et kasd eirmod tempor vel et justo tempor accusam ut.\nAd dolore et at sit. Est sed dignissim lorem ipsum eirmod magna iusto ipsum vel eos invidunt stet est. Eirmod vero et diam veniam. Ut ipsum lorem dolor eirmod gubergren sit. Exerci gubergren justo et tempor diam no augue amet vero et est no odio. Lorem labore nonumy amet erat diam dolor duo qui lobortis at magna.\n","publishDate":"2022-01-19T00:37:47.4289696+00:00"},{"id":15,"title":"Book 15","description":"Labore eirmod duis rebum nonumy no ea lorem eu. Sed ut mazim kasd. Takimata nam cum volutpat ut illum ullamcorper ea lobortis. Duis clita ipsum et dolores.\n","pageCount":1500,"excerpt":"Eu stet dolores nostrud tempor te rebum dolor at ea tincidunt rebum vero vero. Qui dignissim augue. Voluptua erat nonumy dolore vero et eirmod iriure elit dolor dolores in veniam dolores praesent amet facilisis amet. Justo sit ipsum sea nobis ipsum dolor
[...]
ta sit facer mazim takimata amet et est eos rebum gubergren.\nDolor dolor nostrud in esse labore lorem lorem amet in. Sit ipsum stet diam sit gubergren takimata invidunt magna duo luptatum amet veniam aliquyam sit stet est rebum sed. Augue esse ut dolor ut zzril ex sit lorem tempor sit. Stet nonummy facilisi in invidunt tempor esse illum facilisis. Et sed commodo id amet stet molestie et quod ut no voluptua. Labore at clita est dolor no suscipit magna consetetur dolore tempor tempor. Vero elitr nibh cum takimata diam tempor et soluta kasd et dolore et molestie eos labore dolore. Accusam invidunt gubergren at duo at et eirmod iusto et option nonumy. Veniam sea facilisi magna aliquyam sanctus diam iriure magna diam dolores dolore nonummy facilisi et. Sed vero autem sit dolor et duo erat. Justo consequat et eirmod est. Soluta quis sea gubergren sea stet stet sit sanctus odio et invidunt sit sea nostrud no diam consetetur. Et eum et ullamcorper et dolore vero quis et takimata. Esse facilisi at vero eu ipsum magna eum rebum. Tempor voluptua elitr aliquyam feugiat quis diam lorem voluptua rebum ipsum. Enim nulla ipsum sit takimata et labore illum erat sed amet erat dolore magna lorem et voluptua takimata eirmod. Magna diam diam nostrud vero ut elitr ut. Sadipscing ea elitr eos duis consetetur invidunt. Magna amet tempor sit stet et dolor kasd diam dolor erat.\nErat et at lobortis erat vero aliquam consetetur voluptua ea et et ea at te molestie dolor. Lorem clita luptatum amet kasd volutpat rebum dolores sanctus tempor lorem sed consetetur. Eos et ea sit sit suscipit autem molestie dolores eum est. Gubergren magna lorem no facilisis eos amet nulla rebum labore lorem. Ut invidunt sed clita duo feugiat iriure elit aliquip et elitr no no eos accusam vero vulputate. Sit est diam sit et dolore ipsum magna eu takimata. Invidunt erat eos vero et qui voluptua magna ut ipsum lorem et. Gubergren sed eirmod nonumy amet amet et minim invidunt erat lorem amet no. Congue duis consetetur eirmod dolor. Voluptua dolor dolor et invidunt sadipscing duis consetetur elitr et kasd. Eirmod qui ut eu ad eum. Dolores nonumy lorem eleifend duo ex clita sanctus eos dolor duo gubergren dolore duo. Et eros sea labore aliquam sea eleifend voluptua aliquam et adipiscing clita vero. Gubergren et et vel elitr sit minim takimata amet eirmod. Eos tempor ipsum dolor vero erat sit nulla elitr vulputate. At nonumy vero justo illum stet ipsum dolor dolor et velit gubergren rebum. Ut nostrud justo sit delenit gubergren diam et wisi eirmod et kasd.\nAliquip magna aliquip magna accusam aliquip hendrerit aliquam eos lorem dolores duo sea dolor. Sadipscing dolore lorem laoreet dolor et praesent kasd at. Ut vulputate est iriure ullamcorper ipsum eos vel ipsum aliquyam diam ut eum stet elit dolor dolor. Vel sit sit sit velit. No adipiscing dolores et veniam eos ipsum aliquam erat ipsum clita ea odio. Ipsum ut sadipscing labore sanctus est aliquyam odio sed eros sit dolor elitr clita voluptua et kasd sed augue. Invidunt at dolor sit elitr erat diam. Facilisis accusam illum ut dolores. Lorem dolor takimata duis amet nisl et eirmod quod nulla at quis eu sed consetetur eirmod et odio. Lorem elitr eos et tincidunt at vero sed no amet ut takimata vel nulla. Takimata feugait dolores cum amet erat eleifend magna sit duis quis augue magna invidunt autem assum justo dolor. Dolor sea erat ut dolor tempor ipsum at sit tincidunt et praesent amet ipsum in labore. Facer dolores hendrerit sanctus et eu. Hendrerit gubergren erat ea sed rebum. Labore te et consequat sit nisl sea rebum eu. Accusam qui dolor tincidunt gubergren dolor veniam molestie ipsum tation. Labore nonumy voluptua. Magna vero stet. Euismod tempor duo dolore ipsum sea takimata erat et stet.\nEt cum et invidunt congue in rebum. Eros consequat at eirmod nonumy vero amet accusam accusam. Ea consetetur sit sed sed magna invidunt molestie vel ipsum lorem. Consetetur eos vulputate ipsum sed congue diam sed ipsum sed autem dolor ea vero sed. In vel sea consectetuer lobortis sanctus duis sit ad labore stet veniam et. Diam dolor in diam sanctus aliquip. Invidunt tempor consectetuer dolores lorem gubergren eos magna exerci. Amet erat eirmod sadipscing elitr sit ipsum duis labore vero sea sit. Invidunt duis elitr eros amet et tation eum vulputate lobortis amet in vero diam qui sadipscing. At tempor est hendrerit stet. Consetetur et ipsum ut iusto erat ut illum diam vero ea ex eirmod sea ut eos consetetur. Erat stet iusto nonumy tincidunt duo est soluta sed at dolore accusam sit rebum eos zzril dolor sea dolor. Nonumy vero dolor diam id rebum sadipscing diam magna ut stet dolor exerci. Stet amet consetetur sanctus sed aliquyam exerci accusam ea tincidunt lorem ipsum kasd blandit tempor eos iriure te accusam. Clita lorem sed sed minim gubergren dolor ea accusam sanctus stet facilisis te elitr ex vero accusam accusam commodo.\n","publishDate":"2021-07-20T00:37:47.4724629+00:00"},{"id":198,"title":"Book 198","description":"Duo diam suscipit erat facilisi ea ullamcorper. Elitr velit ex ad velit elitr gubergren esse ea. Labore lobortis duis enim nulla zzril vulputate sadipscing assum duo ipsum consequat. Aliquyam eirmod amet consetetur consetetur et sit accusam at ut dolor sed. Feugiat stet est dolores sed ipsum accusam sed magna dolore lorem justo et consetetur ullamcorper congue. Placerat stet est et takimata duo nonumy dolor duis illum vel vulputate hendrerit aliquam sed dolor takimata eirmod.\n","pageCount":19800,"excerpt":"Accusam te lorem erat doming ea sit sit id vero diam in elitr kasd clita nonumy vero ut. Delenit gubergren accusam hendrerit ut takimata voluptua laoreet dolores velit veniam feugiat sanctus tempor quis vero sit ad iriure. Iriure accusam et dignissim consetetur sanctus facilisi et amet. Nonumy wisi justo dolores no rebum sit ipsum ea vero invidunt clita erat lorem aliquyam in accusam velit. Dolore luptatum vel zzril rebum imperdiet sadipscing. Duo et facilisis amet et et. Labore lorem sadipscing nonumy sed magna amet. Lorem justo lorem magna no sea lorem. Invidunt ipsum commodo dolores nostrud consetetur et sea possim. Velit dolore lorem justo invidunt dolor accusam. Dolor feugiat duo et clita aliquam eirmod eirmod sit nonummy et.\nSit at zzril tincidunt ipsum nonumy aliquyam invidunt aliquyam dolores molestie et autem iriure ad eirmod erat facilisis sit. Magna et vero et lorem ullamcorper et. Volutpat duis et hendrerit eos ad dolor est vero hendrerit. Stet sit et dolor et et autem et velit feugait amet sit dolores justo takimata erat. Lorem et magna sanctus et eros amet. Ipsum nulla amet sed elitr sea duis tempor magna illum. Diam ea feugait et diam nulla diam. Consequat ut dolor nulla amet. Eos ut vero ipsum et sed takimata illum facilisis invidunt sed dolore nonumy sit justo. Aliquyam ea justo labore nonumy kasd erat amet duo delenit facilisis sanctus stet at clita. Amet nibh aliquip eos in labore luptatum tincidunt consequat ut vero vero et qui tempor dolore aliquam.\nOdio nonumy et erat stet eos accumsan ex takimata sit ipsum accusam liber. Elitr nibh nulla sea amet nonummy sit zzril hendrerit qui ipsum eirmod esse diam zzril consetetur gubergren est sit. At amet clita erat placerat sit duo lorem. Ea aliquyam elit velit amet magna diam eos justo. Sea accusam sanctus magna eu sed at duo adipiscing ipsum clita aliquyam ipsum in ipsum wisi dolor facilisis. Dignissim dolor quis minim sanctus amet possim ex qui takimata aliquyam laoreet et. Dolore eirmod amet justo eu ea amet volutpat dolor lobortis autem diam dolore magna diam lorem eu ut. Nam consequat commodo et ullamcorper amet ut sadipscing sadipscing eos clita dolor. Hendrerit ea amet diam luptatum eirmod consectetuer option invidunt tempor tempor takimata et. Gubergren nulla augue dolore accumsan dolore diam eu autem illum et laoreet duo. Et takimata consetetur diam ipsum sit lorem et dolore. Accusam dolores eirmod et et dolor.\nIn nibh voluptua nisl nulla elitr suscipit vero gubergren amet dolores et. Sed ea labore nulla erat consetetur tempor erat vero in et nulla iriure kasd sea. Takimata clita invidunt nihil adipiscing invidunt sed consequat consequat sed. Vel sed dignissim no invidunt et dolor aliquyam. Tempor vero elitr justo ut esse et nonumy lorem diam. Erat ipsum dolores. Dolore lorem lorem consequat lorem eos lorem sed dolor dolor dolore no eirmod euismod aliquam kasd. Dolore accumsan est praesent lorem et stet no ipsum ipsum luptatum te sadipscing vero est clita. Voluptua invidunt consequat rebum sea at lorem dolore sed iriure. Sed sed sed ex dolore in. Et elit velit erat duis vero diam ipsum accusam eleifend lorem no duo aliquyam autem. Duo ipsum rebum stet nulla. Sit justo sed. Feugiat aliquyam vero vel dolores diam esse vero. Ea amet autem suscipit eos tempor lobortis exerci. Duo illum nonummy sit magna diam quis rebum wisi dolor mazim.\nDuo ea sadipscing veniam dolor sed iriure molestie labore elitr sadipscing labore gubergren dolor accusam. Te et eirmod tation nulla illum ut erat nibh illum autem et ipsum tempor nonumy eleifend justo invidunt luptatum. Veniam clita dolore nibh clita tempor dolor nonumy amet blandit ipsum sea diam. No odio est nonumy. Dolore magna rebum magna adipiscing magna exerci eos consetetur et. Ipsum dolor tempor sit assum augue sit nibh dolor tincidunt aliquam clita. Diam amet sea duis lorem ut dolor aliquyam delenit erat.\n","publishDate":"2021-07-19T00:37:47.4725306+00:00"},{"id":199,"title":"Book 199","description":"Eum dolore consetetur amet invidunt velit dolor justo et in sit labore amet stet erat. Ullamcorper facilisis sanctus kasd justo clita. Amet sanctus lorem erat gubergren. Dolore amet sadipscing justo sit elitr. Takimata duo sea ipsum dignissim elitr dolor tation. Tempor voluptua sed diam feugiat. Et magna sanctus dolor kasd sed eos possim eirmod dolore. Duo diam est facilisis dolor clita accusam duis stet et et dolor gubergren diam. Ea amet aliquip eos eirmod justo. Dolor rebum duis rebum amet option hendrerit vel erat stet sadipscing nonumy vero nobis soluta elitr duo. In erat qui no dolor erat erat at amet. Diam ut rebum facilisi sanctus. Magna quis stet assum invidunt accusam sed ipsum duis labore feugait magna dolor sit stet odio sit luptatum enim. Cum rebum ut elit labore. Dolores hendrerit sea consetetur sanctus ex. Clita clita elitr. Lorem hendrerit praesent accusam labore duo stet et autem et. Ut luptatum labore dolores diam wisi nulla amet sadipscing ea tempor kasd est dolore erat.\n","pageCount":19900,"excerpt":"Diam no nonumy at odio sadipscing odio sed sit et. Imperdiet nisl ad invidunt est facilisis nulla at gubergren nonumy facilisis. Nisl et ipsum rebum euismod sed vero voluptua aliquam ut molestie aliquyam. Consequat sit dolor lobortis illum diam diam id. Eos nostrud ut duo. Diam voluptua ipsum facilisi facilisi amet consequat suscipit et lobortis duis elitr lorem takimata sed dolor amet justo labore. Et sit amet dolores dolor illum nonumy magna doming dolor. Euismod amet accusam illum magna illum nonummy voluptua justo vero. Iusto magna kasd. Diam aliquip clita gubergren sed in clita eirmod ut te.\nNonumy nonumy est vel no eros sit duo luptatum sed et esse rebum duo elitr delenit ullamcorper. Euismod liber sanctus sea. Takimata et velit justo dolores sadipscing ullamcorper invidunt diam dolores eu. Eirmod dolore justo duo magna et sadipscing et kasd dolor amet sit consetetur ipsum ipsum sit. Dolores sadipscing no et amet ipsum zzril iriure nisl et in gubergren elitr dolore justo ea. Est et et voluptua nihil dolore stet invidunt dolor quis.\nTe dolor dolor est eum vero sed ipsum stet eros et nulla. Iriure velit et clita justo kasd diam wisi dolore consetetur. Ut ipsum vulputate amet amet sit gubergren lorem takimata ipsum clita. Est est sit sea sed dolor sanctus stet et in sit est kasd quis vero praesent. Lorem vero accusam nonummy magna et dolores. Erat ipsum ipsum eleifend aliquyam aliquip placerat elit sea stet takimata justo. Option duo labore aliquyam dolore quis dolor dolore et volutpat quis nulla consequat sed sed elitr aliquam accumsan invidunt. Dolore ipsum amet nonummy clita ipsum elitr. Quod ipsum dolores et clita delenit.\nInvidunt eum euismod nonummy et vero dolor amet molestie. Kasd ullamcorper ad esse vel esse accusam feugait ex praesent diam at duo invidunt duo eirmod nonumy aliquyam. Consetetur ea tempor elitr accusam sanctus voluptua et diam sanctus commodo sit sed. Magna gubergren aliquip no lorem duo. Sit ipsum et dolore invidunt dolor sed esse. Dolore ut dolores aliquyam kasd no tincidunt volutpat sadipscing ipsum feugait est nostrud erat ipsum ea amet. Clita id dolores takimata labore clita magna lorem clita. Gubergren invidunt clita wisi duis labore magna rebum.\nStet zzril invidunt et eirmod. Iriure takimata sit facer magna dolores sed no dolores amet et invidunt dolores diam et clita sit amet. Sea tempor sed elitr eu sit et magna imperdiet takimata sit accumsan et dignissim. Diam lorem ipsum vulputate nulla sadipscing. Dolor lorem erat sed vulputate sed et mazim dolor ut ut dolor magna ipsum magna et accusam justo. Consequat stet ipsum lorem lorem elitr tempor ullamcorper lorem voluptua stet. Elitr dolore clita ut stet elitr lorem veniam iriure ipsum lorem velit clita esse ut. Quod vero dolore diam sit justo diam duis lorem amet ea.\n","publishDate":"2021-07-18T00:37:47.4725948+00:00"},{"id":200,"title":"Book 200","description":"In et ad aliquyam sed dolore clita dolor et aliquip vero dolor clita vero tempor no. Sea zzril ut magna stet voluptua sadipscing invidunt vero et at eos invidunt ea consetetur. At justo nobis sanctus justo dolores kasd amet voluptua sed placerat sea quod assum elitr soluta diam odio tempor. Labore diam nonummy diam esse justo lorem diam consequat. Lorem ipsum aliquyam. In eos est lorem sed et lorem justo no aliquam ipsum invidunt dolore. Aliquyam elitr sea amet luptatum id aliquip duo iriure kasd praesent amet. Et sadipscing dolore diam nulla sed kasd lorem ipsum erat tempor sea eum. Kasd ea est invidunt sit eros sit sadipscing erat clita illum sit lorem at justo tincidunt gubergren. Nihil sadipscing dolore sit dolor doming dolore takimata sit sanctus nulla. Et vulputate ut magna.\n","pageCount":20000,"excerpt":"Diam at aliquyam lobortis magna. Ipsum eos veniam facilisis iriure et gubergren gubergren eirmod commodo aliquyam ipsum ea et eos nonumy sed. Voluptua quis esse duo elitr no ea eos justo velit. Ut et nonumy adipiscing lorem magna. Labore lorem sed labore doming dolores et diam sed dolore luptatum diam stet nulla ipsum duo vel praesent exerci. Elit ea kasd et ipsum sadipscing at dolore sed at at sed duo. Amet takimata dolor sed duo. Dolore et lorem consequat at ullamcorper laoreet takimata invidunt diam at erat eros dolore ullamcorper amet sadipscing dolor. Tempor voluptua est sed eirmod tation eirmod. No justo elitr magna elitr illum quod.\nDiam doming amet et. Sit lorem et ea minim dolor. Et amet vel. Lobortis ea sadipscing invidunt dolor diam eos tempor lorem. Et amet dignissim labore erat et erat option rebum sed dolor et. At takimata in takimata lorem ut velit vero ut sit sit molestie. Aliquip ipsum at voluptua esse eros magna. Clita est ipsum ad eirmod justo takimata dolores eu amet dolor et dolores.\nNo lorem suscipit ipsum kasd amet gubergren ipsum duo dolore feugiat eleifend delenit et tempor no. Nulla diam adipiscing ut invidunt laoreet lorem lorem. No takimata dolor praesent. Dolore eirmod magna vel sanctus rebum sea minim dolore amet takimata et invidunt. Diam consetetur dolor amet diam. Consetetur sed aliquip dolore iriure rebum at lorem. Hendrerit quis dolor invidunt dolor sadipscing dolor volutpat invidunt ex amet dolore ea labore vulputate. Justo hendrerit amet clita esse stet clita sanctus sed hendrerit sea. Dolore sanctus sadipscing justo lorem et dolor cum. Ipsum nonumy duis invidunt dolor iriure rebum sed vero erat sadipscing. Ut eos hendrerit aliquyam elitr euismod veniam congue amet sed eros ut et adipiscing sea takimata. Magna luptatum velit et elitr accusam amet gubergren voluptua erat. Luptatum vel dolor nostrud rebum vel dolor eirmod adipiscing eum rebum facilisi. Est nulla lorem adipiscing veniam dolore no sit eos molestie elitr ipsum euismod et elitr. Et adipiscing ea dolor aliquyam magna gubergren in dolores est erat ipsum et dolor. Sit gubergren invidunt erat ipsum sit justo est ea justo vel consetetur at sadipscing sit takimata diam est.\nClita ea sed eirmod vero et clita rebum sed sit sanctus enim luptatum. Ipsum nonumy accusam nonumy exerci ipsum tation in. Erat et liber elitr illum est dolor. Duis molestie lorem invidunt. Zzril ipsum sanctus sed diam eos amet rebum stet. Euismod invidunt et sea dolores accusam enim ut ut accusam rebum amet vulputate velit et amet feugait consetetur. Sed labore commodo assum et ut sea amet magna sit labore sadipscing aliquip. Dolor diam et clita ipsum nulla dolore ipsum dolore stet rebum sadipscing consequat nibh nonumy consetetur. Rebum nonumy elit velit aliquyam. Ad sanctus ut sea vero labore ut sit sed te dolores labore feugait duis et vero quis gubergren nonumy.\nEt takimata eos consequat amet ipsum ipsum lorem lorem et te accusam. Ut diam rebum et sea. Sit sit ut amet autem nonumy erat ut facilisis eirmod vel sit aliquip quis facilisi sadipscing ea. Tempor erat aliquyam ea et at vulputate et sit. Eos sadipscing magna takimata sea ipsum nonumy. Molestie sadipscing at amet lorem ut elitr gubergren vero assum gubergren takimata sea dolore gubergren illum ad nulla. Tincidunt erat kasd no dolor tempor sanctus consetetur invidunt dolore molestie elitr commodo vulputate wisi eos sanctus. Magna rebum sadipscing amet amet kasd tempor dolore consetetur vel eros. Vel stet euismod dolor magna stet nonummy sit commodo no consetetur sit et eros diam doming facilisis duo eum. Et ipsum feugiat et sit dolores aliquyam erat nam sed sadipscing in praesent ipsum diam takimata eirmod commodo diam. Sit vulputate ipsum eos possim dolor nonumy placerat et ullamcorper dignissim diam consectetuer. Rebum et feugiat at dolor rebum gubergren. Diam voluptua elit consequat at et option. Sit sed exerci stet kasd congue amet. Amet ipsum sed vero laoreet dolor magna. Est stet labore nostrud nonummy liber duis nulla ut et quis autem at dolor lorem.\n","publishDate":"2021-07-17T00:37:47.4728077+00:00"}]</msg>
<status status="PASS" starttime="20220201 21:37:48.973" endtime="20220201 21:37:48.985"/>
</kw>
<kw name="Set Test Variable" library="BuiltIn">
<arg>${RESPOSTA}</arg>
<doc>Makes a variable available everywhere within the scope of the current test.</doc>
<msg timestamp="20220201 21:37:48.986" level="INFO">${RESPOSTA} = &lt;Response [200]&gt;</msg>
<status status="PASS" starttime="20220201 21:37:48.985" endtime="20220201 21:37:48.986"/>
</kw>
<kw name="Should Be Equal As Strings" library="BuiltIn">
<arg>${RESPOSTA.status_code}</arg>
<arg>200</arg>
<doc>Fails if objects are unequal after converting them to strings.</doc>
<msg timestamp="20220201 21:37:48.987" level="INFO">Argument types are:
&lt;class 'int'&gt;
&lt;type 'unicode'&gt;</msg>
<status status="PASS" starttime="20220201 21:37:48.986" endtime="20220201 21:37:48.987"/>
</kw>
<kw name="Should Be Equal As Strings" library="BuiltIn">
<arg>${RESPOSTA.reason}</arg>
<arg>OK</arg>
<doc>Fails if objects are unequal after converting them to strings.</doc>
<status status="PASS" starttime="20220201 21:37:48.987" endtime="20220201 21:37:48.988"/>
</kw>
<status status="PASS" starttime="20220201 21:37:46.643" endtime="20220201 21:37:48.988"/>
</test>
<doc>Aqui estarão presentes os testes de API automatizados.</doc>
<status status="PASS" starttime="20220201 21:37:46.340" endtime="20220201 21:37:48.989"/>
</suite>
<statistics>
<total>
<stat pass="1" fail="0" skip="0">All Tests</stat>
</total>
<tag>
</tag>
<suite>
<stat pass="1" fail="0" skip="0" id="s1" name="Apiautomation">Apiautomation</stat>
</suite>
</statistics>
<errors>
</errors>
</robot>
